[ 2023-06-29 19:44:46,631 ] 15 root - INFO - >>>>>>>>>>>>>>>>>>>>>>>>>>>>>>>>>>>>>>>> Data Ingestion <<<<<<<<<<<<<<<<<<<<<<<<<<<<<<<<<<<<<<<<
[ 2023-06-29 19:44:46,631 ] 22 root - INFO - Exporting collection data as pandas dataframe
[ 2023-06-29 19:44:46,631 ] 21 root - INFO - Reading data from database: aps and collection: sensor
[ 2023-06-29 19:44:50,097 ] 23 root - INFO - Found columns: Index(['_id', 'class', 'aa_000', 'ab_000', 'ac_000', 'ad_000', 'ae_000',
       'af_000', 'ag_000', 'ag_001',
       ...
       'ee_002', 'ee_003', 'ee_004', 'ee_005', 'ee_006', 'ee_007', 'ee_008',
       'ee_009', 'ef_000', 'eg_000'],
      dtype='object', length=172)
[ 2023-06-29 19:44:50,097 ] 25 root - INFO - Dropping column: _id 
[ 2023-06-29 19:44:50,286 ] 27 root - INFO - Row and columns in df: (36188, 171)
[ 2023-06-29 19:44:50,287 ] 28 root - INFO - Save data in feature store
[ 2023-06-29 19:44:51,653 ] 34 root - INFO - Create feature store folder if not available
[ 2023-06-29 19:44:51,653 ] 38 root - INFO - Save df to feature store folder
[ 2023-06-29 19:44:53,358 ] 43 root - INFO - split dataset into train and test set
[ 2023-06-29 19:44:53,669 ] 47 root - INFO - create dataset directory folder if not available
[ 2023-06-29 19:44:53,670 ] 52 root - INFO - Save df to feature store folder
[ 2023-06-29 19:44:55,500 ] 64 root - INFO - Data ingestion artifact: DataIngestionArtifact(feature_store_file_path='/config/workspace/artifact/06292023__194446/data_ingestion/feature_store/sensor.csv', train_file_path='/config/workspace/artifact/06292023__194446/data_ingestion/dataset/train.csv', test_file_path='/config/workspace/artifact/06292023__194446/data_ingestion/dataset/test.csv')
[ 2023-06-29 19:44:55,913 ] 17 root - INFO - >>>>>>>>>>>>>>>>>>>>>>>>>>>>>>>>>>>>>>>> Data Validation<<<<<<<<<<<<<<<<<<<<<<<<<<<<<<<<<<<<<<<<
[ 2023-06-29 19:44:55,913 ] 104 root - INFO - Reading base dataframe
[ 2023-06-29 19:44:58,188 ] 108 root - INFO - Replace na value in base df
[ 2023-06-29 19:44:58,188 ] 110 root - INFO - Drop null values colums from base df
[ 2023-06-29 19:44:58,406 ] 38 root - INFO - selecting column name which contains null above to 0.2
[ 2023-06-29 19:44:58,407 ] 41 root - INFO - Columns to drop: ['ab_000', 'ad_000', 'bk_000', 'bl_000', 'bm_000', 'bn_000', 'bo_000', 'bp_000', 'bq_000', 'br_000', 'cf_000', 'cg_000', 'ch_000', 'co_000', 'cr_000', 'ct_000', 'cu_000', 'cv_000', 'cx_000', 'cy_000', 'cz_000', 'da_000', 'db_000', 'dc_000']
[ 2023-06-29 19:44:58,498 ] 113 root - INFO - Reading train dataframe
[ 2023-06-29 19:44:58,901 ] 115 root - INFO - Reading test dataframe
[ 2023-06-29 19:44:59,004 ] 118 root - INFO - Drop null values colums from train df
[ 2023-06-29 19:44:59,012 ] 38 root - INFO - selecting column name which contains null above to 0.2
[ 2023-06-29 19:44:59,012 ] 41 root - INFO - Columns to drop: ['ab_000', 'ad_000', 'bk_000', 'bl_000', 'bm_000', 'bn_000', 'bo_000', 'bp_000', 'bq_000', 'br_000', 'cf_000', 'cg_000', 'ch_000', 'co_000', 'cr_000', 'ct_000', 'cu_000', 'cv_000', 'cx_000', 'cy_000', 'cz_000', 'da_000', 'db_000', 'dc_000']
[ 2023-06-29 19:44:59,024 ] 120 root - INFO - Drop null values colums from test df
[ 2023-06-29 19:44:59,027 ] 38 root - INFO - selecting column name which contains null above to 0.2
[ 2023-06-29 19:44:59,027 ] 41 root - INFO - Columns to drop: ['ab_000', 'ad_000', 'bk_000', 'bl_000', 'bm_000', 'bn_000', 'bo_000', 'bp_000', 'bq_000', 'br_000', 'cf_000', 'cg_000', 'ch_000', 'co_000', 'cr_000', 'ct_000', 'cu_000', 'cv_000', 'cx_000', 'cy_000', 'cz_000', 'da_000', 'db_000', 'dc_000']
[ 2023-06-29 19:44:59,799 ] 128 root - INFO - Is all required columns present in train df
[ 2023-06-29 19:44:59,800 ] 130 root - INFO - Is all required columns present in test df
[ 2023-06-29 19:44:59,800 ] 134 root - INFO - As all column are available in train df hence detecting data drift
[ 2023-06-29 19:44:59,800 ] 82 root - INFO - Hypothesis class: object, object 
[ 2023-06-29 19:44:59,936 ] 82 root - INFO - Hypothesis aa_000: float64, float64 
[ 2023-06-29 19:44:59,946 ] 82 root - INFO - Hypothesis ac_000: float64, float64 
[ 2023-06-29 19:44:59,986 ] 82 root - INFO - Hypothesis ae_000: float64, float64 
[ 2023-06-29 19:45:00,027 ] 82 root - INFO - Hypothesis af_000: float64, float64 
[ 2023-06-29 19:45:00,065 ] 82 root - INFO - Hypothesis ag_000: float64, float64 
[ 2023-06-29 19:45:00,102 ] 82 root - INFO - Hypothesis ag_001: float64, float64 
[ 2023-06-29 19:45:00,138 ] 82 root - INFO - Hypothesis ag_002: float64, float64 
[ 2023-06-29 19:45:00,175 ] 82 root - INFO - Hypothesis ag_003: float64, float64 
[ 2023-06-29 19:45:00,181 ] 82 root - INFO - Hypothesis ag_004: float64, float64 
[ 2023-06-29 19:45:00,191 ] 82 root - INFO - Hypothesis ag_005: float64, float64 
[ 2023-06-29 19:45:00,201 ] 82 root - INFO - Hypothesis ag_006: float64, float64 
[ 2023-06-29 19:45:00,212 ] 82 root - INFO - Hypothesis ag_007: float64, float64 
[ 2023-06-29 19:45:00,221 ] 82 root - INFO - Hypothesis ag_008: float64, float64 
[ 2023-06-29 19:45:00,230 ] 82 root - INFO - Hypothesis ag_009: float64, float64 
[ 2023-06-29 19:45:00,236 ] 82 root - INFO - Hypothesis ah_000: float64, float64 
[ 2023-06-29 19:45:00,247 ] 82 root - INFO - Hypothesis ai_000: float64, float64 
[ 2023-06-29 19:45:00,284 ] 82 root - INFO - Hypothesis aj_000: float64, float64 
[ 2023-06-29 19:45:00,290 ] 82 root - INFO - Hypothesis ak_000: float64, float64 
[ 2023-06-29 19:45:00,331 ] 82 root - INFO - Hypothesis al_000: float64, float64 
[ 2023-06-29 19:45:00,339 ] 82 root - INFO - Hypothesis am_0: float64, float64 
[ 2023-06-29 19:45:00,346 ] 82 root - INFO - Hypothesis an_000: float64, float64 
[ 2023-06-29 19:45:00,356 ] 82 root - INFO - Hypothesis ao_000: float64, float64 
[ 2023-06-29 19:45:00,367 ] 82 root - INFO - Hypothesis ap_000: float64, float64 
[ 2023-06-29 19:45:00,377 ] 82 root - INFO - Hypothesis aq_000: float64, float64 
[ 2023-06-29 19:45:00,388 ] 82 root - INFO - Hypothesis ar_000: float64, float64 
[ 2023-06-29 19:45:00,425 ] 82 root - INFO - Hypothesis as_000: float64, float64 
[ 2023-06-29 19:45:00,462 ] 82 root - INFO - Hypothesis at_000: float64, float64 
[ 2023-06-29 19:45:00,500 ] 82 root - INFO - Hypothesis au_000: float64, float64 
[ 2023-06-29 19:45:00,536 ] 82 root - INFO - Hypothesis av_000: float64, float64 
[ 2023-06-29 19:45:00,546 ] 82 root - INFO - Hypothesis ax_000: float64, float64 
[ 2023-06-29 19:45:00,554 ] 82 root - INFO - Hypothesis ay_000: float64, float64 
[ 2023-06-29 19:45:00,590 ] 82 root - INFO - Hypothesis ay_001: float64, float64 
[ 2023-06-29 19:45:00,626 ] 82 root - INFO - Hypothesis ay_002: float64, float64 
[ 2023-06-29 19:45:00,663 ] 82 root - INFO - Hypothesis ay_003: float64, float64 
[ 2023-06-29 19:45:00,699 ] 82 root - INFO - Hypothesis ay_004: float64, float64 
[ 2023-06-29 19:45:00,736 ] 82 root - INFO - Hypothesis ay_005: float64, float64 
[ 2023-06-29 19:45:00,776 ] 82 root - INFO - Hypothesis ay_006: float64, float64 
[ 2023-06-29 19:45:00,785 ] 82 root - INFO - Hypothesis ay_007: float64, float64 
[ 2023-06-29 19:45:00,795 ] 82 root - INFO - Hypothesis ay_008: float64, float64 
[ 2023-06-29 19:45:00,805 ] 82 root - INFO - Hypothesis ay_009: float64, float64 
[ 2023-06-29 19:45:00,842 ] 82 root - INFO - Hypothesis az_000: float64, float64 
[ 2023-06-29 19:45:00,852 ] 82 root - INFO - Hypothesis az_001: float64, float64 
[ 2023-06-29 19:45:00,861 ] 82 root - INFO - Hypothesis az_002: float64, float64 
[ 2023-06-29 19:45:00,870 ] 82 root - INFO - Hypothesis az_003: float64, float64 
[ 2023-06-29 19:45:00,880 ] 82 root - INFO - Hypothesis az_004: float64, float64 
[ 2023-06-29 19:45:00,891 ] 82 root - INFO - Hypothesis az_005: float64, float64 
[ 2023-06-29 19:45:00,901 ] 82 root - INFO - Hypothesis az_006: float64, float64 
[ 2023-06-29 19:45:00,943 ] 82 root - INFO - Hypothesis az_007: float64, float64 
[ 2023-06-29 19:45:00,981 ] 82 root - INFO - Hypothesis az_008: float64, float64 
[ 2023-06-29 19:45:01,018 ] 82 root - INFO - Hypothesis az_009: float64, float64 
[ 2023-06-29 19:45:01,055 ] 82 root - INFO - Hypothesis ba_000: float64, float64 
[ 2023-06-29 19:45:01,065 ] 82 root - INFO - Hypothesis ba_001: float64, float64 
[ 2023-06-29 19:45:01,076 ] 82 root - INFO - Hypothesis ba_002: float64, float64 
[ 2023-06-29 19:45:01,086 ] 82 root - INFO - Hypothesis ba_003: float64, float64 
[ 2023-06-29 19:45:01,097 ] 82 root - INFO - Hypothesis ba_004: float64, float64 
[ 2023-06-29 19:45:01,107 ] 82 root - INFO - Hypothesis ba_005: float64, float64 
[ 2023-06-29 19:45:01,117 ] 82 root - INFO - Hypothesis ba_006: float64, float64 
[ 2023-06-29 19:45:01,127 ] 82 root - INFO - Hypothesis ba_007: float64, float64 
[ 2023-06-29 19:45:01,136 ] 82 root - INFO - Hypothesis ba_008: float64, float64 
[ 2023-06-29 19:45:01,178 ] 82 root - INFO - Hypothesis ba_009: float64, float64 
[ 2023-06-29 19:45:01,216 ] 82 root - INFO - Hypothesis bb_000: float64, float64 
[ 2023-06-29 19:45:01,227 ] 82 root - INFO - Hypothesis bc_000: float64, float64 
[ 2023-06-29 19:45:01,267 ] 82 root - INFO - Hypothesis bd_000: float64, float64 
[ 2023-06-29 19:45:01,276 ] 82 root - INFO - Hypothesis be_000: float64, float64 
[ 2023-06-29 19:45:01,285 ] 82 root - INFO - Hypothesis bf_000: float64, float64 
[ 2023-06-29 19:45:01,291 ] 82 root - INFO - Hypothesis bg_000: float64, float64 
[ 2023-06-29 19:45:01,302 ] 82 root - INFO - Hypothesis bh_000: float64, float64 
[ 2023-06-29 19:45:01,312 ] 82 root - INFO - Hypothesis bi_000: float64, float64 
[ 2023-06-29 19:45:01,323 ] 82 root - INFO - Hypothesis bj_000: float64, float64 
[ 2023-06-29 19:45:01,333 ] 82 root - INFO - Hypothesis bs_000: float64, float64 
[ 2023-06-29 19:45:01,344 ] 82 root - INFO - Hypothesis bt_000: float64, float64 
[ 2023-06-29 19:45:01,354 ] 82 root - INFO - Hypothesis bu_000: float64, float64 
[ 2023-06-29 19:45:01,365 ] 82 root - INFO - Hypothesis bv_000: float64, float64 
[ 2023-06-29 19:45:01,375 ] 82 root - INFO - Hypothesis bx_000: float64, float64 
[ 2023-06-29 19:45:01,385 ] 82 root - INFO - Hypothesis by_000: float64, float64 
[ 2023-06-29 19:45:01,396 ] 82 root - INFO - Hypothesis bz_000: float64, float64 
[ 2023-06-29 19:45:01,405 ] 82 root - INFO - Hypothesis ca_000: float64, float64 
[ 2023-06-29 19:45:01,415 ] 82 root - INFO - Hypothesis cb_000: float64, float64 
[ 2023-06-29 19:45:01,427 ] 82 root - INFO - Hypothesis cc_000: float64, float64 
[ 2023-06-29 19:45:01,437 ] 82 root - INFO - Hypothesis cd_000: float64, float64 
[ 2023-06-29 19:45:01,474 ] 82 root - INFO - Hypothesis ce_000: float64, float64 
[ 2023-06-29 19:45:01,483 ] 82 root - INFO - Hypothesis ci_000: float64, float64 
[ 2023-06-29 19:45:01,494 ] 82 root - INFO - Hypothesis cj_000: float64, float64 
[ 2023-06-29 19:45:01,532 ] 82 root - INFO - Hypothesis ck_000: float64, float64 
[ 2023-06-29 19:45:01,543 ] 82 root - INFO - Hypothesis cl_000: float64, float64 
[ 2023-06-29 19:45:01,549 ] 82 root - INFO - Hypothesis cm_000: float64, float64 
[ 2023-06-29 19:45:01,556 ] 82 root - INFO - Hypothesis cn_000: float64, float64 
[ 2023-06-29 19:45:01,595 ] 82 root - INFO - Hypothesis cn_001: float64, float64 
[ 2023-06-29 19:45:01,633 ] 82 root - INFO - Hypothesis cn_002: float64, float64 
[ 2023-06-29 19:45:01,641 ] 82 root - INFO - Hypothesis cn_003: float64, float64 
[ 2023-06-29 19:45:01,652 ] 82 root - INFO - Hypothesis cn_004: float64, float64 
[ 2023-06-29 19:45:01,662 ] 82 root - INFO - Hypothesis cn_005: float64, float64 
[ 2023-06-29 19:45:01,673 ] 82 root - INFO - Hypothesis cn_006: float64, float64 
[ 2023-06-29 19:45:01,684 ] 82 root - INFO - Hypothesis cn_007: float64, float64 
[ 2023-06-29 19:45:01,694 ] 82 root - INFO - Hypothesis cn_008: float64, float64 
[ 2023-06-29 19:45:01,703 ] 82 root - INFO - Hypothesis cn_009: float64, float64 
[ 2023-06-29 19:45:01,744 ] 82 root - INFO - Hypothesis cp_000: float64, float64 
[ 2023-06-29 19:45:01,784 ] 82 root - INFO - Hypothesis cq_000: float64, float64 
[ 2023-06-29 19:45:01,794 ] 82 root - INFO - Hypothesis cs_000: float64, float64 
[ 2023-06-29 19:45:01,804 ] 82 root - INFO - Hypothesis cs_001: float64, float64 
[ 2023-06-29 19:45:01,813 ] 82 root - INFO - Hypothesis cs_002: float64, float64 
[ 2023-06-29 19:45:01,823 ] 82 root - INFO - Hypothesis cs_003: float64, float64 
[ 2023-06-29 19:45:01,833 ] 82 root - INFO - Hypothesis cs_004: float64, float64 
[ 2023-06-29 19:45:01,844 ] 82 root - INFO - Hypothesis cs_005: float64, float64 
[ 2023-06-29 19:45:01,854 ] 82 root - INFO - Hypothesis cs_006: float64, float64 
[ 2023-06-29 19:45:01,865 ] 82 root - INFO - Hypothesis cs_007: float64, float64 
[ 2023-06-29 19:45:01,876 ] 82 root - INFO - Hypothesis cs_008: float64, float64 
[ 2023-06-29 19:45:01,915 ] 82 root - INFO - Hypothesis cs_009: float64, float64 
[ 2023-06-29 19:45:01,952 ] 82 root - INFO - Hypothesis dd_000: float64, float64 
[ 2023-06-29 19:45:01,962 ] 82 root - INFO - Hypothesis de_000: float64, float64 
[ 2023-06-29 19:45:01,970 ] 82 root - INFO - Hypothesis df_000: float64, float64 
[ 2023-06-29 19:45:02,009 ] 82 root - INFO - Hypothesis dg_000: float64, float64 
[ 2023-06-29 19:45:02,047 ] 82 root - INFO - Hypothesis dh_000: float64, float64 
[ 2023-06-29 19:45:02,052 ] 82 root - INFO - Hypothesis di_000: float64, float64 
[ 2023-06-29 19:45:02,091 ] 82 root - INFO - Hypothesis dj_000: float64, float64 
[ 2023-06-29 19:45:02,127 ] 82 root - INFO - Hypothesis dk_000: float64, float64 
[ 2023-06-29 19:45:02,164 ] 82 root - INFO - Hypothesis dl_000: float64, float64 
[ 2023-06-29 19:45:02,200 ] 82 root - INFO - Hypothesis dm_000: float64, float64 
[ 2023-06-29 19:45:02,237 ] 82 root - INFO - Hypothesis dn_000: float64, float64 
[ 2023-06-29 19:45:02,247 ] 82 root - INFO - Hypothesis do_000: float64, float64 
[ 2023-06-29 19:45:02,257 ] 82 root - INFO - Hypothesis dp_000: float64, float64 
[ 2023-06-29 19:45:02,266 ] 82 root - INFO - Hypothesis dq_000: float64, float64 
[ 2023-06-29 19:45:02,307 ] 82 root - INFO - Hypothesis dr_000: float64, float64 
[ 2023-06-29 19:45:02,346 ] 82 root - INFO - Hypothesis ds_000: float64, float64 
[ 2023-06-29 19:45:02,356 ] 82 root - INFO - Hypothesis dt_000: float64, float64 
[ 2023-06-29 19:45:02,366 ] 82 root - INFO - Hypothesis du_000: float64, float64 
[ 2023-06-29 19:45:02,376 ] 82 root - INFO - Hypothesis dv_000: float64, float64 
[ 2023-06-29 19:45:02,386 ] 82 root - INFO - Hypothesis dx_000: float64, float64 
[ 2023-06-29 19:45:02,426 ] 82 root - INFO - Hypothesis dy_000: float64, float64 
[ 2023-06-29 19:45:02,464 ] 82 root - INFO - Hypothesis dz_000: float64, float64 
[ 2023-06-29 19:45:02,501 ] 82 root - INFO - Hypothesis ea_000: float64, float64 
[ 2023-06-29 19:45:02,539 ] 82 root - INFO - Hypothesis eb_000: float64, float64 
[ 2023-06-29 19:45:02,548 ] 82 root - INFO - Hypothesis ec_00: float64, float64 
[ 2023-06-29 19:45:02,558 ] 82 root - INFO - Hypothesis ed_000: float64, float64 
[ 2023-06-29 19:45:02,567 ] 82 root - INFO - Hypothesis ee_000: float64, float64 
[ 2023-06-29 19:45:02,578 ] 82 root - INFO - Hypothesis ee_001: float64, float64 
[ 2023-06-29 19:45:02,588 ] 82 root - INFO - Hypothesis ee_002: float64, float64 
[ 2023-06-29 19:45:02,599 ] 82 root - INFO - Hypothesis ee_003: float64, float64 
[ 2023-06-29 19:45:02,609 ] 82 root - INFO - Hypothesis ee_004: float64, float64 
[ 2023-06-29 19:45:02,619 ] 82 root - INFO - Hypothesis ee_005: float64, float64 
[ 2023-06-29 19:45:02,632 ] 82 root - INFO - Hypothesis ee_006: float64, float64 
[ 2023-06-29 19:45:02,642 ] 82 root - INFO - Hypothesis ee_007: float64, float64 
[ 2023-06-29 19:45:02,652 ] 82 root - INFO - Hypothesis ee_008: float64, float64 
[ 2023-06-29 19:45:02,661 ] 82 root - INFO - Hypothesis ee_009: float64, float64 
[ 2023-06-29 19:45:02,669 ] 82 root - INFO - Hypothesis ef_000: float64, float64 
[ 2023-06-29 19:45:02,704 ] 82 root - INFO - Hypothesis eg_000: float64, float64 
[ 2023-06-29 19:45:02,741 ] 137 root - INFO - As all column are available in test df hence detecting data drift
[ 2023-06-29 19:45:02,742 ] 82 root - INFO - Hypothesis class: object, object 
[ 2023-06-29 19:45:02,818 ] 82 root - INFO - Hypothesis aa_000: float64, float64 
[ 2023-06-29 19:45:02,825 ] 82 root - INFO - Hypothesis ac_000: float64, float64 
[ 2023-06-29 19:45:02,830 ] 82 root - INFO - Hypothesis ae_000: float64, float64 
[ 2023-06-29 19:45:02,846 ] 82 root - INFO - Hypothesis af_000: float64, float64 
[ 2023-06-29 19:45:02,862 ] 82 root - INFO - Hypothesis ag_000: float64, float64 
[ 2023-06-29 19:45:02,876 ] 82 root - INFO - Hypothesis ag_001: float64, float64 
[ 2023-06-29 19:45:02,892 ] 82 root - INFO - Hypothesis ag_002: float64, float64 
[ 2023-06-29 19:45:02,895 ] 82 root - INFO - Hypothesis ag_003: float64, float64 
[ 2023-06-29 19:45:02,899 ] 82 root - INFO - Hypothesis ag_004: float64, float64 
[ 2023-06-29 19:45:02,906 ] 82 root - INFO - Hypothesis ag_005: float64, float64 
[ 2023-06-29 19:45:02,913 ] 82 root - INFO - Hypothesis ag_006: float64, float64 
[ 2023-06-29 19:45:02,920 ] 82 root - INFO - Hypothesis ag_007: float64, float64 
[ 2023-06-29 19:45:02,926 ] 82 root - INFO - Hypothesis ag_008: float64, float64 
[ 2023-06-29 19:45:02,932 ] 82 root - INFO - Hypothesis ag_009: float64, float64 
[ 2023-06-29 19:45:02,937 ] 82 root - INFO - Hypothesis ah_000: float64, float64 
[ 2023-06-29 19:45:02,944 ] 82 root - INFO - Hypothesis ai_000: float64, float64 
[ 2023-06-29 19:45:02,947 ] 82 root - INFO - Hypothesis aj_000: float64, float64 
[ 2023-06-29 19:45:02,951 ] 82 root - INFO - Hypothesis ak_000: float64, float64 
[ 2023-06-29 19:45:02,955 ] 82 root - INFO - Hypothesis al_000: float64, float64 
[ 2023-06-29 19:45:02,960 ] 82 root - INFO - Hypothesis am_0: float64, float64 
[ 2023-06-29 19:45:02,965 ] 82 root - INFO - Hypothesis an_000: float64, float64 
[ 2023-06-29 19:45:02,972 ] 82 root - INFO - Hypothesis ao_000: float64, float64 
[ 2023-06-29 19:45:02,979 ] 82 root - INFO - Hypothesis ap_000: float64, float64 
[ 2023-06-29 19:45:02,986 ] 82 root - INFO - Hypothesis aq_000: float64, float64 
[ 2023-06-29 19:45:02,993 ] 82 root - INFO - Hypothesis ar_000: float64, float64 
[ 2023-06-29 19:45:03,009 ] 82 root - INFO - Hypothesis as_000: float64, float64 
[ 2023-06-29 19:45:03,024 ] 82 root - INFO - Hypothesis at_000: float64, float64 
[ 2023-06-29 19:45:03,040 ] 82 root - INFO - Hypothesis au_000: float64, float64 
[ 2023-06-29 19:45:03,055 ] 82 root - INFO - Hypothesis av_000: float64, float64 
[ 2023-06-29 19:45:03,061 ] 82 root - INFO - Hypothesis ax_000: float64, float64 
[ 2023-06-29 19:45:03,066 ] 82 root - INFO - Hypothesis ay_000: float64, float64 
[ 2023-06-29 19:45:03,081 ] 82 root - INFO - Hypothesis ay_001: float64, float64 
[ 2023-06-29 19:45:03,096 ] 82 root - INFO - Hypothesis ay_002: float64, float64 
[ 2023-06-29 19:45:03,111 ] 82 root - INFO - Hypothesis ay_003: float64, float64 
[ 2023-06-29 19:45:03,126 ] 82 root - INFO - Hypothesis ay_004: float64, float64 
[ 2023-06-29 19:45:03,142 ] 82 root - INFO - Hypothesis ay_005: float64, float64 
[ 2023-06-29 19:45:03,147 ] 82 root - INFO - Hypothesis ay_006: float64, float64 
[ 2023-06-29 19:45:03,153 ] 82 root - INFO - Hypothesis ay_007: float64, float64 
[ 2023-06-29 19:45:03,160 ] 82 root - INFO - Hypothesis ay_008: float64, float64 
[ 2023-06-29 19:45:03,166 ] 82 root - INFO - Hypothesis ay_009: float64, float64 
[ 2023-06-29 19:45:03,181 ] 82 root - INFO - Hypothesis az_000: float64, float64 
[ 2023-06-29 19:45:03,188 ] 82 root - INFO - Hypothesis az_001: float64, float64 
[ 2023-06-29 19:45:03,194 ] 82 root - INFO - Hypothesis az_002: float64, float64 
[ 2023-06-29 19:45:03,201 ] 82 root - INFO - Hypothesis az_003: float64, float64 
[ 2023-06-29 19:45:03,207 ] 82 root - INFO - Hypothesis az_004: float64, float64 
[ 2023-06-29 19:45:03,214 ] 82 root - INFO - Hypothesis az_005: float64, float64 
[ 2023-06-29 19:45:03,222 ] 82 root - INFO - Hypothesis az_006: float64, float64 
[ 2023-06-29 19:45:03,228 ] 82 root - INFO - Hypothesis az_007: float64, float64 
[ 2023-06-29 19:45:03,232 ] 82 root - INFO - Hypothesis az_008: float64, float64 
[ 2023-06-29 19:45:03,247 ] 82 root - INFO - Hypothesis az_009: float64, float64 
[ 2023-06-29 19:45:03,263 ] 82 root - INFO - Hypothesis ba_000: float64, float64 
[ 2023-06-29 19:45:03,270 ] 82 root - INFO - Hypothesis ba_001: float64, float64 
[ 2023-06-29 19:45:03,278 ] 82 root - INFO - Hypothesis ba_002: float64, float64 
[ 2023-06-29 19:45:03,285 ] 82 root - INFO - Hypothesis ba_003: float64, float64 
[ 2023-06-29 19:45:03,292 ] 82 root - INFO - Hypothesis ba_004: float64, float64 
[ 2023-06-29 19:45:03,299 ] 82 root - INFO - Hypothesis ba_005: float64, float64 
[ 2023-06-29 19:45:03,306 ] 82 root - INFO - Hypothesis ba_006: float64, float64 
[ 2023-06-29 19:45:03,313 ] 82 root - INFO - Hypothesis ba_007: float64, float64 
[ 2023-06-29 19:45:03,320 ] 82 root - INFO - Hypothesis ba_008: float64, float64 
[ 2023-06-29 19:45:03,326 ] 82 root - INFO - Hypothesis ba_009: float64, float64 
[ 2023-06-29 19:45:03,330 ] 82 root - INFO - Hypothesis bb_000: float64, float64 
[ 2023-06-29 19:45:03,338 ] 82 root - INFO - Hypothesis bc_000: float64, float64 
[ 2023-06-29 19:45:03,343 ] 82 root - INFO - Hypothesis bd_000: float64, float64 
[ 2023-06-29 19:45:03,349 ] 82 root - INFO - Hypothesis be_000: float64, float64 
[ 2023-06-29 19:45:03,355 ] 82 root - INFO - Hypothesis bf_000: float64, float64 
[ 2023-06-29 19:45:03,359 ] 82 root - INFO - Hypothesis bg_000: float64, float64 
[ 2023-06-29 19:45:03,366 ] 82 root - INFO - Hypothesis bh_000: float64, float64 
[ 2023-06-29 19:45:03,373 ] 82 root - INFO - Hypothesis bi_000: float64, float64 
[ 2023-06-29 19:45:03,381 ] 82 root - INFO - Hypothesis bj_000: float64, float64 
[ 2023-06-29 19:45:03,388 ] 82 root - INFO - Hypothesis bs_000: float64, float64 
[ 2023-06-29 19:45:03,395 ] 82 root - INFO - Hypothesis bt_000: float64, float64 
[ 2023-06-29 19:45:03,402 ] 82 root - INFO - Hypothesis bu_000: float64, float64 
[ 2023-06-29 19:45:03,409 ] 82 root - INFO - Hypothesis bv_000: float64, float64 
[ 2023-06-29 19:45:03,416 ] 82 root - INFO - Hypothesis bx_000: float64, float64 
[ 2023-06-29 19:45:03,423 ] 82 root - INFO - Hypothesis by_000: float64, float64 
[ 2023-06-29 19:45:03,430 ] 82 root - INFO - Hypothesis bz_000: float64, float64 
[ 2023-06-29 19:45:03,437 ] 82 root - INFO - Hypothesis ca_000: float64, float64 
[ 2023-06-29 19:45:03,444 ] 82 root - INFO - Hypothesis cb_000: float64, float64 
[ 2023-06-29 19:45:03,451 ] 82 root - INFO - Hypothesis cc_000: float64, float64 
[ 2023-06-29 19:45:03,458 ] 82 root - INFO - Hypothesis cd_000: float64, float64 
[ 2023-06-29 19:45:03,473 ] 82 root - INFO - Hypothesis ce_000: float64, float64 
[ 2023-06-29 19:45:03,480 ] 82 root - INFO - Hypothesis ci_000: float64, float64 
[ 2023-06-29 19:45:03,487 ] 82 root - INFO - Hypothesis cj_000: float64, float64 
[ 2023-06-29 19:45:03,492 ] 82 root - INFO - Hypothesis ck_000: float64, float64 
[ 2023-06-29 19:45:03,499 ] 82 root - INFO - Hypothesis cl_000: float64, float64 
[ 2023-06-29 19:45:03,503 ] 82 root - INFO - Hypothesis cm_000: float64, float64 
[ 2023-06-29 19:45:03,508 ] 82 root - INFO - Hypothesis cn_000: float64, float64 
[ 2023-06-29 19:45:03,523 ] 82 root - INFO - Hypothesis cn_001: float64, float64 
[ 2023-06-29 19:45:03,527 ] 82 root - INFO - Hypothesis cn_002: float64, float64 
[ 2023-06-29 19:45:03,532 ] 82 root - INFO - Hypothesis cn_003: float64, float64 
[ 2023-06-29 19:45:03,539 ] 82 root - INFO - Hypothesis cn_004: float64, float64 
[ 2023-06-29 19:45:03,546 ] 82 root - INFO - Hypothesis cn_005: float64, float64 
[ 2023-06-29 19:45:03,553 ] 82 root - INFO - Hypothesis cn_006: float64, float64 
[ 2023-06-29 19:45:03,560 ] 82 root - INFO - Hypothesis cn_007: float64, float64 
[ 2023-06-29 19:45:03,567 ] 82 root - INFO - Hypothesis cn_008: float64, float64 
[ 2023-06-29 19:45:03,573 ] 82 root - INFO - Hypothesis cn_009: float64, float64 
[ 2023-06-29 19:45:03,578 ] 82 root - INFO - Hypothesis cp_000: float64, float64 
[ 2023-06-29 19:45:03,583 ] 82 root - INFO - Hypothesis cq_000: float64, float64 
[ 2023-06-29 19:45:03,590 ] 82 root - INFO - Hypothesis cs_000: float64, float64 
[ 2023-06-29 19:45:03,599 ] 82 root - INFO - Hypothesis cs_001: float64, float64 
[ 2023-06-29 19:45:03,605 ] 82 root - INFO - Hypothesis cs_002: float64, float64 
[ 2023-06-29 19:45:03,612 ] 82 root - INFO - Hypothesis cs_003: float64, float64 
[ 2023-06-29 19:45:03,619 ] 82 root - INFO - Hypothesis cs_004: float64, float64 
[ 2023-06-29 19:45:03,626 ] 82 root - INFO - Hypothesis cs_005: float64, float64 
[ 2023-06-29 19:45:03,633 ] 82 root - INFO - Hypothesis cs_006: float64, float64 
[ 2023-06-29 19:45:03,640 ] 82 root - INFO - Hypothesis cs_007: float64, float64 
[ 2023-06-29 19:45:03,647 ] 82 root - INFO - Hypothesis cs_008: float64, float64 
[ 2023-06-29 19:45:03,652 ] 82 root - INFO - Hypothesis cs_009: float64, float64 
[ 2023-06-29 19:45:03,668 ] 82 root - INFO - Hypothesis dd_000: float64, float64 
[ 2023-06-29 19:45:03,674 ] 82 root - INFO - Hypothesis de_000: float64, float64 
[ 2023-06-29 19:45:03,680 ] 82 root - INFO - Hypothesis df_000: float64, float64 
[ 2023-06-29 19:45:03,683 ] 82 root - INFO - Hypothesis dg_000: float64, float64 
[ 2023-06-29 19:45:03,687 ] 82 root - INFO - Hypothesis dh_000: float64, float64 
[ 2023-06-29 19:45:03,690 ] 82 root - INFO - Hypothesis di_000: float64, float64 
[ 2023-06-29 19:45:03,694 ] 82 root - INFO - Hypothesis dj_000: float64, float64 
[ 2023-06-29 19:45:03,710 ] 82 root - INFO - Hypothesis dk_000: float64, float64 
[ 2023-06-29 19:45:03,714 ] 82 root - INFO - Hypothesis dl_000: float64, float64 
[ 2023-06-29 19:45:03,730 ] 82 root - INFO - Hypothesis dm_000: float64, float64 
[ 2023-06-29 19:45:03,746 ] 82 root - INFO - Hypothesis dn_000: float64, float64 
[ 2023-06-29 19:45:03,753 ] 82 root - INFO - Hypothesis do_000: float64, float64 
[ 2023-06-29 19:45:03,759 ] 82 root - INFO - Hypothesis dp_000: float64, float64 
[ 2023-06-29 19:45:03,765 ] 82 root - INFO - Hypothesis dq_000: float64, float64 
[ 2023-06-29 19:45:03,769 ] 82 root - INFO - Hypothesis dr_000: float64, float64 
[ 2023-06-29 19:45:03,773 ] 82 root - INFO - Hypothesis ds_000: float64, float64 
[ 2023-06-29 19:45:03,780 ] 82 root - INFO - Hypothesis dt_000: float64, float64 
[ 2023-06-29 19:45:03,787 ] 82 root - INFO - Hypothesis du_000: float64, float64 
[ 2023-06-29 19:45:03,793 ] 82 root - INFO - Hypothesis dv_000: float64, float64 
[ 2023-06-29 19:45:03,800 ] 82 root - INFO - Hypothesis dx_000: float64, float64 
[ 2023-06-29 19:45:03,805 ] 82 root - INFO - Hypothesis dy_000: float64, float64 
[ 2023-06-29 19:45:03,809 ] 82 root - INFO - Hypothesis dz_000: float64, float64 
[ 2023-06-29 19:45:03,825 ] 82 root - INFO - Hypothesis ea_000: float64, float64 
[ 2023-06-29 19:45:03,840 ] 82 root - INFO - Hypothesis eb_000: float64, float64 
[ 2023-06-29 19:45:03,846 ] 82 root - INFO - Hypothesis ec_00: float64, float64 
[ 2023-06-29 19:45:03,852 ] 82 root - INFO - Hypothesis ed_000: float64, float64 
[ 2023-06-29 19:45:03,858 ] 82 root - INFO - Hypothesis ee_000: float64, float64 
[ 2023-06-29 19:45:03,865 ] 82 root - INFO - Hypothesis ee_001: float64, float64 
[ 2023-06-29 19:45:03,872 ] 82 root - INFO - Hypothesis ee_002: float64, float64 
[ 2023-06-29 19:45:03,879 ] 82 root - INFO - Hypothesis ee_003: float64, float64 
[ 2023-06-29 19:45:03,886 ] 82 root - INFO - Hypothesis ee_004: float64, float64 
[ 2023-06-29 19:45:03,893 ] 82 root - INFO - Hypothesis ee_005: float64, float64 
[ 2023-06-29 19:45:03,899 ] 82 root - INFO - Hypothesis ee_006: float64, float64 
[ 2023-06-29 19:45:03,906 ] 82 root - INFO - Hypothesis ee_007: float64, float64 
[ 2023-06-29 19:45:03,912 ] 82 root - INFO - Hypothesis ee_008: float64, float64 
[ 2023-06-29 19:45:03,918 ] 82 root - INFO - Hypothesis ee_009: float64, float64 
[ 2023-06-29 19:45:03,923 ] 82 root - INFO - Hypothesis ef_000: float64, float64 
[ 2023-06-29 19:45:03,939 ] 82 root - INFO - Hypothesis eg_000: float64, float64 
[ 2023-06-29 19:45:04,023 ] 144 root - INFO - Data validation artifact: DataValidationArtifact(report_file_path='/config/workspace/artifact/06292023__194446/data_validation/report.yaml')
