[ 2023-06-29 19:29:26,507 ] 15 root - INFO - >>>>>>>>>>>>>>>>>>>>>>>>>>>>>>>>>>>>>>>> Data Ingestion <<<<<<<<<<<<<<<<<<<<<<<<<<<<<<<<<<<<<<<<
[ 2023-06-29 19:29:26,507 ] 22 root - INFO - Exporting collection data as pandas dataframe
[ 2023-06-29 19:29:26,507 ] 21 root - INFO - Reading data from database: aps and collection: sensor
[ 2023-06-29 19:29:29,969 ] 23 root - INFO - Found columns: Index(['_id', 'class', 'aa_000', 'ab_000', 'ac_000', 'ad_000', 'ae_000',
       'af_000', 'ag_000', 'ag_001',
       ...
       'ee_002', 'ee_003', 'ee_004', 'ee_005', 'ee_006', 'ee_007', 'ee_008',
       'ee_009', 'ef_000', 'eg_000'],
      dtype='object', length=172)
[ 2023-06-29 19:29:29,969 ] 25 root - INFO - Dropping column: _id 
[ 2023-06-29 19:29:30,163 ] 27 root - INFO - Row and columns in df: (36188, 171)
[ 2023-06-29 19:29:30,164 ] 28 root - INFO - Save data in feature store
[ 2023-06-29 19:29:31,501 ] 34 root - INFO - Create feature store folder if not available
[ 2023-06-29 19:29:31,502 ] 38 root - INFO - Save df to feature store folder
[ 2023-06-29 19:29:33,259 ] 43 root - INFO - split dataset into train and test set
[ 2023-06-29 19:29:33,557 ] 47 root - INFO - create dataset directory folder if not available
[ 2023-06-29 19:29:33,557 ] 52 root - INFO - Save df to feature store folder
[ 2023-06-29 19:29:35,401 ] 64 root - INFO - Data ingestion artifact: DataIngestionArtifact(feature_store_file_path='/config/workspace/artifact/06292023__192926/data_ingestion/feature_store/sensor.csv', train_file_path='/config/workspace/artifact/06292023__192926/data_ingestion/dataset/train.csv', test_file_path='/config/workspace/artifact/06292023__192926/data_ingestion/dataset/test.csv')
[ 2023-06-29 19:29:35,805 ] 17 root - INFO - >>>>>>>>>>>>>>>>>>>>>>>>>>>>>>>>>>>>>>>> Data Validation<<<<<<<<<<<<<<<<<<<<<<<<<<<<<<<<<<<<<<<<
[ 2023-06-29 19:29:35,805 ] 104 root - INFO - Reading base dataframe
[ 2023-06-29 19:29:37,980 ] 108 root - INFO - Replace na value in base df
[ 2023-06-29 19:29:37,980 ] 110 root - INFO - Drop null values colums from base df
[ 2023-06-29 19:29:38,199 ] 38 root - INFO - selecting column name which contains null above to 0.2
[ 2023-06-29 19:29:38,200 ] 41 root - INFO - Columns to drop: ['ab_000', 'ad_000', 'bk_000', 'bl_000', 'bm_000', 'bn_000', 'bo_000', 'bp_000', 'bq_000', 'br_000', 'cf_000', 'cg_000', 'ch_000', 'co_000', 'cr_000', 'ct_000', 'cu_000', 'cv_000', 'cx_000', 'cy_000', 'cz_000', 'da_000', 'db_000', 'dc_000']
[ 2023-06-29 19:29:38,278 ] 113 root - INFO - Reading train dataframe
[ 2023-06-29 19:29:38,674 ] 115 root - INFO - Reading test dataframe
[ 2023-06-29 19:29:38,775 ] 118 root - INFO - Drop null values colums from train df
[ 2023-06-29 19:29:38,783 ] 38 root - INFO - selecting column name which contains null above to 0.2
[ 2023-06-29 19:29:38,783 ] 41 root - INFO - Columns to drop: ['ab_000', 'ad_000', 'bk_000', 'bl_000', 'bm_000', 'bn_000', 'bo_000', 'bp_000', 'bq_000', 'br_000', 'cf_000', 'cg_000', 'ch_000', 'co_000', 'cr_000', 'ct_000', 'cu_000', 'cv_000', 'cx_000', 'cy_000', 'cz_000', 'da_000', 'db_000', 'dc_000']
[ 2023-06-29 19:29:38,792 ] 120 root - INFO - Drop null values colums from test df
[ 2023-06-29 19:29:38,795 ] 38 root - INFO - selecting column name which contains null above to 0.2
[ 2023-06-29 19:29:38,796 ] 41 root - INFO - Columns to drop: ['ab_000', 'ad_000', 'bk_000', 'bl_000', 'bm_000', 'bn_000', 'bo_000', 'bp_000', 'bq_000', 'br_000', 'cf_000', 'cg_000', 'ch_000', 'co_000', 'cr_000', 'ct_000', 'cu_000', 'cv_000', 'cx_000', 'cy_000', 'cz_000', 'da_000', 'db_000', 'dc_000']
