[ 2023-07-01 17:52:24,957 ] 15 root - INFO - >>>>>>>>>>>>>>>>>>>>>>>>>>>>>>>>>>>>>>>> Data Ingestion <<<<<<<<<<<<<<<<<<<<<<<<<<<<<<<<<<<<<<<<
[ 2023-07-01 17:52:24,957 ] 22 root - INFO - Exporting collection data as pandas dataframe
[ 2023-07-01 17:52:24,957 ] 21 root - INFO - Reading data from database: aps and collection: sensor
[ 2023-07-01 17:52:28,250 ] 23 root - INFO - Found columns: Index(['_id', 'class', 'aa_000', 'ab_000', 'ac_000', 'ad_000', 'ae_000',
       'af_000', 'ag_000', 'ag_001',
       ...
       'ee_002', 'ee_003', 'ee_004', 'ee_005', 'ee_006', 'ee_007', 'ee_008',
       'ee_009', 'ef_000', 'eg_000'],
      dtype='object', length=172)
[ 2023-07-01 17:52:28,250 ] 25 root - INFO - Dropping column: _id 
[ 2023-07-01 17:52:28,454 ] 27 root - INFO - Row and columns in df: (36188, 171)
[ 2023-07-01 17:52:28,454 ] 28 root - INFO - Save data in feature store
[ 2023-07-01 17:52:29,814 ] 34 root - INFO - Create feature store folder if not available
[ 2023-07-01 17:52:29,814 ] 38 root - INFO - Save df to feature store folder
[ 2023-07-01 17:52:31,649 ] 43 root - INFO - split dataset into train and test set
[ 2023-07-01 17:52:31,957 ] 47 root - INFO - create dataset directory folder if not available
[ 2023-07-01 17:52:31,958 ] 52 root - INFO - Save df to feature store folder
[ 2023-07-01 17:52:33,764 ] 64 root - INFO - Data ingestion artifact: DataIngestionArtifact(feature_store_file_path='/config/workspace/artifact/07012023__175224/data_ingestion/feature_store/sensor.csv', train_file_path='/config/workspace/artifact/07012023__175224/data_ingestion/dataset/train.csv', test_file_path='/config/workspace/artifact/07012023__175224/data_ingestion/dataset/test.csv')
[ 2023-07-01 17:52:34,163 ] 17 root - INFO - >>>>>>>>>>>>>>>>>>>>>>>>>>>>>>>>>>>>>>>> Data Validation<<<<<<<<<<<<<<<<<<<<<<<<<<<<<<<<<<<<<<<<
[ 2023-07-01 17:52:34,164 ] 104 root - INFO - Reading base dataframe
[ 2023-07-01 17:52:36,355 ] 108 root - INFO - Replace na value in base df
[ 2023-07-01 17:52:36,355 ] 110 root - INFO - Drop null values colums from base df
[ 2023-07-01 17:52:36,582 ] 38 root - INFO - selecting column name which contains null above to 0.2
[ 2023-07-01 17:52:36,583 ] 41 root - INFO - Columns to drop: ['ab_000', 'ad_000', 'bk_000', 'bl_000', 'bm_000', 'bn_000', 'bo_000', 'bp_000', 'bq_000', 'br_000', 'cf_000', 'cg_000', 'ch_000', 'co_000', 'cr_000', 'ct_000', 'cu_000', 'cv_000', 'cx_000', 'cy_000', 'cz_000', 'da_000', 'db_000', 'dc_000']
[ 2023-07-01 17:52:36,662 ] 113 root - INFO - Reading train dataframe
[ 2023-07-01 17:52:37,053 ] 115 root - INFO - Reading test dataframe
[ 2023-07-01 17:52:37,155 ] 118 root - INFO - Drop null values colums from train df
[ 2023-07-01 17:52:37,163 ] 38 root - INFO - selecting column name which contains null above to 0.2
[ 2023-07-01 17:52:37,163 ] 41 root - INFO - Columns to drop: ['ab_000', 'ad_000', 'bk_000', 'bl_000', 'bm_000', 'bn_000', 'bo_000', 'bp_000', 'bq_000', 'br_000', 'cf_000', 'cg_000', 'ch_000', 'co_000', 'cr_000', 'ct_000', 'cu_000', 'cv_000', 'cx_000', 'cy_000', 'cz_000', 'da_000', 'db_000', 'dc_000']
[ 2023-07-01 17:52:37,172 ] 120 root - INFO - Drop null values colums from test df
[ 2023-07-01 17:52:37,175 ] 38 root - INFO - selecting column name which contains null above to 0.2
[ 2023-07-01 17:52:37,176 ] 41 root - INFO - Columns to drop: ['ab_000', 'ad_000', 'bk_000', 'bl_000', 'bm_000', 'bn_000', 'bo_000', 'bp_000', 'bq_000', 'br_000', 'cf_000', 'cg_000', 'ch_000', 'co_000', 'cr_000', 'ct_000', 'cu_000', 'cv_000', 'cx_000', 'cy_000', 'cz_000', 'da_000', 'db_000', 'dc_000']
[ 2023-07-01 17:52:37,931 ] 128 root - INFO - Is all required columns present in train df
[ 2023-07-01 17:52:37,932 ] 130 root - INFO - Is all required columns present in test df
[ 2023-07-01 17:52:37,932 ] 134 root - INFO - As all column are available in train df hence detecting data drift
[ 2023-07-01 17:52:37,932 ] 82 root - INFO - Hypothesis class: object, object 
[ 2023-07-01 17:52:38,064 ] 82 root - INFO - Hypothesis aa_000: float64, float64 
[ 2023-07-01 17:52:38,074 ] 82 root - INFO - Hypothesis ac_000: float64, float64 
[ 2023-07-01 17:52:38,114 ] 82 root - INFO - Hypothesis ae_000: float64, float64 
[ 2023-07-01 17:52:38,151 ] 82 root - INFO - Hypothesis af_000: float64, float64 
[ 2023-07-01 17:52:38,188 ] 82 root - INFO - Hypothesis ag_000: float64, float64 
[ 2023-07-01 17:52:38,224 ] 82 root - INFO - Hypothesis ag_001: float64, float64 
[ 2023-07-01 17:52:38,260 ] 82 root - INFO - Hypothesis ag_002: float64, float64 
[ 2023-07-01 17:52:38,300 ] 82 root - INFO - Hypothesis ag_003: float64, float64 
[ 2023-07-01 17:52:38,307 ] 82 root - INFO - Hypothesis ag_004: float64, float64 
[ 2023-07-01 17:52:38,317 ] 82 root - INFO - Hypothesis ag_005: float64, float64 
[ 2023-07-01 17:52:38,327 ] 82 root - INFO - Hypothesis ag_006: float64, float64 
[ 2023-07-01 17:52:38,338 ] 82 root - INFO - Hypothesis ag_007: float64, float64 
[ 2023-07-01 17:52:38,347 ] 82 root - INFO - Hypothesis ag_008: float64, float64 
[ 2023-07-01 17:52:38,356 ] 82 root - INFO - Hypothesis ag_009: float64, float64 
[ 2023-07-01 17:52:38,363 ] 82 root - INFO - Hypothesis ah_000: float64, float64 
[ 2023-07-01 17:52:38,374 ] 82 root - INFO - Hypothesis ai_000: float64, float64 
[ 2023-07-01 17:52:38,411 ] 82 root - INFO - Hypothesis aj_000: float64, float64 
[ 2023-07-01 17:52:38,417 ] 82 root - INFO - Hypothesis ak_000: float64, float64 
[ 2023-07-01 17:52:38,456 ] 82 root - INFO - Hypothesis al_000: float64, float64 
[ 2023-07-01 17:52:38,463 ] 82 root - INFO - Hypothesis am_0: float64, float64 
[ 2023-07-01 17:52:38,472 ] 82 root - INFO - Hypothesis an_000: float64, float64 
[ 2023-07-01 17:52:38,482 ] 82 root - INFO - Hypothesis ao_000: float64, float64 
[ 2023-07-01 17:52:38,493 ] 82 root - INFO - Hypothesis ap_000: float64, float64 
[ 2023-07-01 17:52:38,504 ] 82 root - INFO - Hypothesis aq_000: float64, float64 
[ 2023-07-01 17:52:38,515 ] 82 root - INFO - Hypothesis ar_000: float64, float64 
[ 2023-07-01 17:52:38,552 ] 82 root - INFO - Hypothesis as_000: float64, float64 
[ 2023-07-01 17:52:38,588 ] 82 root - INFO - Hypothesis at_000: float64, float64 
[ 2023-07-01 17:52:38,625 ] 82 root - INFO - Hypothesis au_000: float64, float64 
[ 2023-07-01 17:52:38,661 ] 82 root - INFO - Hypothesis av_000: float64, float64 
[ 2023-07-01 17:52:38,669 ] 82 root - INFO - Hypothesis ax_000: float64, float64 
[ 2023-07-01 17:52:38,678 ] 82 root - INFO - Hypothesis ay_000: float64, float64 
[ 2023-07-01 17:52:38,714 ] 82 root - INFO - Hypothesis ay_001: float64, float64 
[ 2023-07-01 17:52:38,751 ] 82 root - INFO - Hypothesis ay_002: float64, float64 
[ 2023-07-01 17:52:38,787 ] 82 root - INFO - Hypothesis ay_003: float64, float64 
[ 2023-07-01 17:52:38,824 ] 82 root - INFO - Hypothesis ay_004: float64, float64 
[ 2023-07-01 17:52:38,861 ] 82 root - INFO - Hypothesis ay_005: float64, float64 
[ 2023-07-01 17:52:38,901 ] 82 root - INFO - Hypothesis ay_006: float64, float64 
[ 2023-07-01 17:52:38,910 ] 82 root - INFO - Hypothesis ay_007: float64, float64 
[ 2023-07-01 17:52:38,921 ] 82 root - INFO - Hypothesis ay_008: float64, float64 
[ 2023-07-01 17:52:38,931 ] 82 root - INFO - Hypothesis ay_009: float64, float64 
[ 2023-07-01 17:52:38,967 ] 82 root - INFO - Hypothesis az_000: float64, float64 
[ 2023-07-01 17:52:38,977 ] 82 root - INFO - Hypothesis az_001: float64, float64 
[ 2023-07-01 17:52:38,986 ] 82 root - INFO - Hypothesis az_002: float64, float64 
[ 2023-07-01 17:52:38,996 ] 82 root - INFO - Hypothesis az_003: float64, float64 
[ 2023-07-01 17:52:39,006 ] 82 root - INFO - Hypothesis az_004: float64, float64 
[ 2023-07-01 17:52:39,016 ] 82 root - INFO - Hypothesis az_005: float64, float64 
[ 2023-07-01 17:52:39,026 ] 82 root - INFO - Hypothesis az_006: float64, float64 
[ 2023-07-01 17:52:39,067 ] 82 root - INFO - Hypothesis az_007: float64, float64 
[ 2023-07-01 17:52:39,105 ] 82 root - INFO - Hypothesis az_008: float64, float64 
[ 2023-07-01 17:52:39,142 ] 82 root - INFO - Hypothesis az_009: float64, float64 
[ 2023-07-01 17:52:39,178 ] 82 root - INFO - Hypothesis ba_000: float64, float64 
[ 2023-07-01 17:52:39,189 ] 82 root - INFO - Hypothesis ba_001: float64, float64 
[ 2023-07-01 17:52:39,200 ] 82 root - INFO - Hypothesis ba_002: float64, float64 
[ 2023-07-01 17:52:39,210 ] 82 root - INFO - Hypothesis ba_003: float64, float64 
[ 2023-07-01 17:52:39,220 ] 82 root - INFO - Hypothesis ba_004: float64, float64 
[ 2023-07-01 17:52:39,230 ] 82 root - INFO - Hypothesis ba_005: float64, float64 
[ 2023-07-01 17:52:39,241 ] 82 root - INFO - Hypothesis ba_006: float64, float64 
[ 2023-07-01 17:52:39,251 ] 82 root - INFO - Hypothesis ba_007: float64, float64 
[ 2023-07-01 17:52:39,260 ] 82 root - INFO - Hypothesis ba_008: float64, float64 
[ 2023-07-01 17:52:39,300 ] 82 root - INFO - Hypothesis ba_009: float64, float64 
[ 2023-07-01 17:52:39,340 ] 82 root - INFO - Hypothesis bb_000: float64, float64 
[ 2023-07-01 17:52:39,351 ] 82 root - INFO - Hypothesis bc_000: float64, float64 
[ 2023-07-01 17:52:39,392 ] 82 root - INFO - Hypothesis bd_000: float64, float64 
[ 2023-07-01 17:52:39,400 ] 82 root - INFO - Hypothesis be_000: float64, float64 
[ 2023-07-01 17:52:39,409 ] 82 root - INFO - Hypothesis bf_000: float64, float64 
[ 2023-07-01 17:52:39,416 ] 82 root - INFO - Hypothesis bg_000: float64, float64 
[ 2023-07-01 17:52:39,427 ] 82 root - INFO - Hypothesis bh_000: float64, float64 
[ 2023-07-01 17:52:39,437 ] 82 root - INFO - Hypothesis bi_000: float64, float64 
[ 2023-07-01 17:52:39,448 ] 82 root - INFO - Hypothesis bj_000: float64, float64 
[ 2023-07-01 17:52:39,459 ] 82 root - INFO - Hypothesis bs_000: float64, float64 
[ 2023-07-01 17:52:39,470 ] 82 root - INFO - Hypothesis bt_000: float64, float64 
[ 2023-07-01 17:52:39,480 ] 82 root - INFO - Hypothesis bu_000: float64, float64 
[ 2023-07-01 17:52:39,491 ] 82 root - INFO - Hypothesis bv_000: float64, float64 
[ 2023-07-01 17:52:39,501 ] 82 root - INFO - Hypothesis bx_000: float64, float64 
[ 2023-07-01 17:52:39,511 ] 82 root - INFO - Hypothesis by_000: float64, float64 
[ 2023-07-01 17:52:39,522 ] 82 root - INFO - Hypothesis bz_000: float64, float64 
[ 2023-07-01 17:52:39,531 ] 82 root - INFO - Hypothesis ca_000: float64, float64 
[ 2023-07-01 17:52:39,542 ] 82 root - INFO - Hypothesis cb_000: float64, float64 
[ 2023-07-01 17:52:39,553 ] 82 root - INFO - Hypothesis cc_000: float64, float64 
[ 2023-07-01 17:52:39,564 ] 82 root - INFO - Hypothesis cd_000: float64, float64 
[ 2023-07-01 17:52:39,601 ] 82 root - INFO - Hypothesis ce_000: float64, float64 
[ 2023-07-01 17:52:39,611 ] 82 root - INFO - Hypothesis ci_000: float64, float64 
[ 2023-07-01 17:52:39,621 ] 82 root - INFO - Hypothesis cj_000: float64, float64 
[ 2023-07-01 17:52:39,659 ] 82 root - INFO - Hypothesis ck_000: float64, float64 
[ 2023-07-01 17:52:39,670 ] 82 root - INFO - Hypothesis cl_000: float64, float64 
[ 2023-07-01 17:52:39,676 ] 82 root - INFO - Hypothesis cm_000: float64, float64 
[ 2023-07-01 17:52:39,683 ] 82 root - INFO - Hypothesis cn_000: float64, float64 
[ 2023-07-01 17:52:39,719 ] 82 root - INFO - Hypothesis cn_001: float64, float64 
[ 2023-07-01 17:52:39,757 ] 82 root - INFO - Hypothesis cn_002: float64, float64 
[ 2023-07-01 17:52:39,765 ] 82 root - INFO - Hypothesis cn_003: float64, float64 
[ 2023-07-01 17:52:39,776 ] 82 root - INFO - Hypothesis cn_004: float64, float64 
[ 2023-07-01 17:52:39,787 ] 82 root - INFO - Hypothesis cn_005: float64, float64 
[ 2023-07-01 17:52:39,797 ] 82 root - INFO - Hypothesis cn_006: float64, float64 
[ 2023-07-01 17:52:39,807 ] 82 root - INFO - Hypothesis cn_007: float64, float64 
[ 2023-07-01 17:52:39,817 ] 82 root - INFO - Hypothesis cn_008: float64, float64 
[ 2023-07-01 17:52:39,826 ] 82 root - INFO - Hypothesis cn_009: float64, float64 
[ 2023-07-01 17:52:39,866 ] 82 root - INFO - Hypothesis cp_000: float64, float64 
[ 2023-07-01 17:52:39,907 ] 82 root - INFO - Hypothesis cq_000: float64, float64 
[ 2023-07-01 17:52:39,917 ] 82 root - INFO - Hypothesis cs_000: float64, float64 
[ 2023-07-01 17:52:39,927 ] 82 root - INFO - Hypothesis cs_001: float64, float64 
[ 2023-07-01 17:52:39,936 ] 82 root - INFO - Hypothesis cs_002: float64, float64 
[ 2023-07-01 17:52:39,946 ] 82 root - INFO - Hypothesis cs_003: float64, float64 
[ 2023-07-01 17:52:39,956 ] 82 root - INFO - Hypothesis cs_004: float64, float64 
[ 2023-07-01 17:52:39,969 ] 82 root - INFO - Hypothesis cs_005: float64, float64 
[ 2023-07-01 17:52:39,980 ] 82 root - INFO - Hypothesis cs_006: float64, float64 
[ 2023-07-01 17:52:39,991 ] 82 root - INFO - Hypothesis cs_007: float64, float64 
[ 2023-07-01 17:52:40,001 ] 82 root - INFO - Hypothesis cs_008: float64, float64 
[ 2023-07-01 17:52:40,043 ] 82 root - INFO - Hypothesis cs_009: float64, float64 
[ 2023-07-01 17:52:40,079 ] 82 root - INFO - Hypothesis dd_000: float64, float64 
[ 2023-07-01 17:52:40,088 ] 82 root - INFO - Hypothesis de_000: float64, float64 
[ 2023-07-01 17:52:40,097 ] 82 root - INFO - Hypothesis df_000: float64, float64 
[ 2023-07-01 17:52:40,134 ] 82 root - INFO - Hypothesis dg_000: float64, float64 
[ 2023-07-01 17:52:40,171 ] 82 root - INFO - Hypothesis dh_000: float64, float64 
[ 2023-07-01 17:52:40,176 ] 82 root - INFO - Hypothesis di_000: float64, float64 
[ 2023-07-01 17:52:40,216 ] 82 root - INFO - Hypothesis dj_000: float64, float64 
[ 2023-07-01 17:52:40,253 ] 82 root - INFO - Hypothesis dk_000: float64, float64 
[ 2023-07-01 17:52:40,291 ] 82 root - INFO - Hypothesis dl_000: float64, float64 
[ 2023-07-01 17:52:40,327 ] 82 root - INFO - Hypothesis dm_000: float64, float64 
[ 2023-07-01 17:52:40,364 ] 82 root - INFO - Hypothesis dn_000: float64, float64 
[ 2023-07-01 17:52:40,374 ] 82 root - INFO - Hypothesis do_000: float64, float64 
[ 2023-07-01 17:52:40,384 ] 82 root - INFO - Hypothesis dp_000: float64, float64 
[ 2023-07-01 17:52:40,393 ] 82 root - INFO - Hypothesis dq_000: float64, float64 
[ 2023-07-01 17:52:40,431 ] 82 root - INFO - Hypothesis dr_000: float64, float64 
[ 2023-07-01 17:52:40,470 ] 82 root - INFO - Hypothesis ds_000: float64, float64 
[ 2023-07-01 17:52:40,481 ] 82 root - INFO - Hypothesis dt_000: float64, float64 
[ 2023-07-01 17:52:40,491 ] 82 root - INFO - Hypothesis du_000: float64, float64 
[ 2023-07-01 17:52:40,501 ] 82 root - INFO - Hypothesis dv_000: float64, float64 
[ 2023-07-01 17:52:40,511 ] 82 root - INFO - Hypothesis dx_000: float64, float64 
[ 2023-07-01 17:52:40,552 ] 82 root - INFO - Hypothesis dy_000: float64, float64 
[ 2023-07-01 17:52:40,590 ] 82 root - INFO - Hypothesis dz_000: float64, float64 
[ 2023-07-01 17:52:40,627 ] 82 root - INFO - Hypothesis ea_000: float64, float64 
[ 2023-07-01 17:52:40,664 ] 82 root - INFO - Hypothesis eb_000: float64, float64 
[ 2023-07-01 17:52:40,672 ] 82 root - INFO - Hypothesis ec_00: float64, float64 
[ 2023-07-01 17:52:40,682 ] 82 root - INFO - Hypothesis ed_000: float64, float64 
[ 2023-07-01 17:52:40,691 ] 82 root - INFO - Hypothesis ee_000: float64, float64 
[ 2023-07-01 17:52:40,701 ] 82 root - INFO - Hypothesis ee_001: float64, float64 
[ 2023-07-01 17:52:40,712 ] 82 root - INFO - Hypothesis ee_002: float64, float64 
[ 2023-07-01 17:52:40,723 ] 82 root - INFO - Hypothesis ee_003: float64, float64 
[ 2023-07-01 17:52:40,733 ] 82 root - INFO - Hypothesis ee_004: float64, float64 
[ 2023-07-01 17:52:40,743 ] 82 root - INFO - Hypothesis ee_005: float64, float64 
[ 2023-07-01 17:52:40,754 ] 82 root - INFO - Hypothesis ee_006: float64, float64 
[ 2023-07-01 17:52:40,764 ] 82 root - INFO - Hypothesis ee_007: float64, float64 
[ 2023-07-01 17:52:40,773 ] 82 root - INFO - Hypothesis ee_008: float64, float64 
[ 2023-07-01 17:52:40,782 ] 82 root - INFO - Hypothesis ee_009: float64, float64 
[ 2023-07-01 17:52:40,790 ] 82 root - INFO - Hypothesis ef_000: float64, float64 
[ 2023-07-01 17:52:40,826 ] 82 root - INFO - Hypothesis eg_000: float64, float64 
[ 2023-07-01 17:52:40,862 ] 137 root - INFO - As all column are available in test df hence detecting data drift
[ 2023-07-01 17:52:40,862 ] 82 root - INFO - Hypothesis class: object, object 
[ 2023-07-01 17:52:40,936 ] 82 root - INFO - Hypothesis aa_000: float64, float64 
[ 2023-07-01 17:52:40,942 ] 82 root - INFO - Hypothesis ac_000: float64, float64 
[ 2023-07-01 17:52:40,948 ] 82 root - INFO - Hypothesis ae_000: float64, float64 
[ 2023-07-01 17:52:40,963 ] 82 root - INFO - Hypothesis af_000: float64, float64 
[ 2023-07-01 17:52:40,979 ] 82 root - INFO - Hypothesis ag_000: float64, float64 
[ 2023-07-01 17:52:40,994 ] 82 root - INFO - Hypothesis ag_001: float64, float64 
[ 2023-07-01 17:52:41,009 ] 82 root - INFO - Hypothesis ag_002: float64, float64 
[ 2023-07-01 17:52:41,013 ] 82 root - INFO - Hypothesis ag_003: float64, float64 
[ 2023-07-01 17:52:41,017 ] 82 root - INFO - Hypothesis ag_004: float64, float64 
[ 2023-07-01 17:52:41,023 ] 82 root - INFO - Hypothesis ag_005: float64, float64 
[ 2023-07-01 17:52:41,031 ] 82 root - INFO - Hypothesis ag_006: float64, float64 
[ 2023-07-01 17:52:41,038 ] 82 root - INFO - Hypothesis ag_007: float64, float64 
[ 2023-07-01 17:52:41,044 ] 82 root - INFO - Hypothesis ag_008: float64, float64 
[ 2023-07-01 17:52:41,050 ] 82 root - INFO - Hypothesis ag_009: float64, float64 
[ 2023-07-01 17:52:41,054 ] 82 root - INFO - Hypothesis ah_000: float64, float64 
[ 2023-07-01 17:52:41,061 ] 82 root - INFO - Hypothesis ai_000: float64, float64 
[ 2023-07-01 17:52:41,065 ] 82 root - INFO - Hypothesis aj_000: float64, float64 
[ 2023-07-01 17:52:41,068 ] 82 root - INFO - Hypothesis ak_000: float64, float64 
[ 2023-07-01 17:52:41,072 ] 82 root - INFO - Hypothesis al_000: float64, float64 
[ 2023-07-01 17:52:41,077 ] 82 root - INFO - Hypothesis am_0: float64, float64 
[ 2023-07-01 17:52:41,081 ] 82 root - INFO - Hypothesis an_000: float64, float64 
[ 2023-07-01 17:52:41,089 ] 82 root - INFO - Hypothesis ao_000: float64, float64 
[ 2023-07-01 17:52:41,096 ] 82 root - INFO - Hypothesis ap_000: float64, float64 
[ 2023-07-01 17:52:41,103 ] 82 root - INFO - Hypothesis aq_000: float64, float64 
[ 2023-07-01 17:52:41,110 ] 82 root - INFO - Hypothesis ar_000: float64, float64 
[ 2023-07-01 17:52:41,125 ] 82 root - INFO - Hypothesis as_000: float64, float64 
[ 2023-07-01 17:52:41,141 ] 82 root - INFO - Hypothesis at_000: float64, float64 
[ 2023-07-01 17:52:41,157 ] 82 root - INFO - Hypothesis au_000: float64, float64 
[ 2023-07-01 17:52:41,172 ] 82 root - INFO - Hypothesis av_000: float64, float64 
[ 2023-07-01 17:52:41,178 ] 82 root - INFO - Hypothesis ax_000: float64, float64 
[ 2023-07-01 17:52:41,183 ] 82 root - INFO - Hypothesis ay_000: float64, float64 
[ 2023-07-01 17:52:41,199 ] 82 root - INFO - Hypothesis ay_001: float64, float64 
[ 2023-07-01 17:52:41,214 ] 82 root - INFO - Hypothesis ay_002: float64, float64 
[ 2023-07-01 17:52:41,229 ] 82 root - INFO - Hypothesis ay_003: float64, float64 
[ 2023-07-01 17:52:41,244 ] 82 root - INFO - Hypothesis ay_004: float64, float64 
[ 2023-07-01 17:52:41,259 ] 82 root - INFO - Hypothesis ay_005: float64, float64 
[ 2023-07-01 17:52:41,264 ] 82 root - INFO - Hypothesis ay_006: float64, float64 
[ 2023-07-01 17:52:41,270 ] 82 root - INFO - Hypothesis ay_007: float64, float64 
[ 2023-07-01 17:52:41,277 ] 82 root - INFO - Hypothesis ay_008: float64, float64 
[ 2023-07-01 17:52:41,284 ] 82 root - INFO - Hypothesis ay_009: float64, float64 
[ 2023-07-01 17:52:41,299 ] 82 root - INFO - Hypothesis az_000: float64, float64 
[ 2023-07-01 17:52:41,306 ] 82 root - INFO - Hypothesis az_001: float64, float64 
[ 2023-07-01 17:52:41,313 ] 82 root - INFO - Hypothesis az_002: float64, float64 
[ 2023-07-01 17:52:41,319 ] 82 root - INFO - Hypothesis az_003: float64, float64 
[ 2023-07-01 17:52:41,327 ] 82 root - INFO - Hypothesis az_004: float64, float64 
[ 2023-07-01 17:52:41,334 ] 82 root - INFO - Hypothesis az_005: float64, float64 
[ 2023-07-01 17:52:41,341 ] 82 root - INFO - Hypothesis az_006: float64, float64 
[ 2023-07-01 17:52:41,347 ] 82 root - INFO - Hypothesis az_007: float64, float64 
[ 2023-07-01 17:52:41,352 ] 82 root - INFO - Hypothesis az_008: float64, float64 
[ 2023-07-01 17:52:41,367 ] 82 root - INFO - Hypothesis az_009: float64, float64 
[ 2023-07-01 17:52:41,383 ] 82 root - INFO - Hypothesis ba_000: float64, float64 
[ 2023-07-01 17:52:41,390 ] 82 root - INFO - Hypothesis ba_001: float64, float64 
[ 2023-07-01 17:52:41,397 ] 82 root - INFO - Hypothesis ba_002: float64, float64 
[ 2023-07-01 17:52:41,404 ] 82 root - INFO - Hypothesis ba_003: float64, float64 
[ 2023-07-01 17:52:41,411 ] 82 root - INFO - Hypothesis ba_004: float64, float64 
[ 2023-07-01 17:52:41,418 ] 82 root - INFO - Hypothesis ba_005: float64, float64 
[ 2023-07-01 17:52:41,425 ] 82 root - INFO - Hypothesis ba_006: float64, float64 
[ 2023-07-01 17:52:41,431 ] 82 root - INFO - Hypothesis ba_007: float64, float64 
[ 2023-07-01 17:52:41,438 ] 82 root - INFO - Hypothesis ba_008: float64, float64 
[ 2023-07-01 17:52:41,444 ] 82 root - INFO - Hypothesis ba_009: float64, float64 
[ 2023-07-01 17:52:41,449 ] 82 root - INFO - Hypothesis bb_000: float64, float64 
[ 2023-07-01 17:52:41,457 ] 82 root - INFO - Hypothesis bc_000: float64, float64 
[ 2023-07-01 17:52:41,462 ] 82 root - INFO - Hypothesis bd_000: float64, float64 
[ 2023-07-01 17:52:41,468 ] 82 root - INFO - Hypothesis be_000: float64, float64 
[ 2023-07-01 17:52:41,474 ] 82 root - INFO - Hypothesis bf_000: float64, float64 
[ 2023-07-01 17:52:41,479 ] 82 root - INFO - Hypothesis bg_000: float64, float64 
[ 2023-07-01 17:52:41,486 ] 82 root - INFO - Hypothesis bh_000: float64, float64 
[ 2023-07-01 17:52:41,493 ] 82 root - INFO - Hypothesis bi_000: float64, float64 
[ 2023-07-01 17:52:41,500 ] 82 root - INFO - Hypothesis bj_000: float64, float64 
[ 2023-07-01 17:52:41,508 ] 82 root - INFO - Hypothesis bs_000: float64, float64 
[ 2023-07-01 17:52:41,515 ] 82 root - INFO - Hypothesis bt_000: float64, float64 
[ 2023-07-01 17:52:41,522 ] 82 root - INFO - Hypothesis bu_000: float64, float64 
[ 2023-07-01 17:52:41,529 ] 82 root - INFO - Hypothesis bv_000: float64, float64 
[ 2023-07-01 17:52:41,537 ] 82 root - INFO - Hypothesis bx_000: float64, float64 
[ 2023-07-01 17:52:41,544 ] 82 root - INFO - Hypothesis by_000: float64, float64 
[ 2023-07-01 17:52:41,550 ] 82 root - INFO - Hypothesis bz_000: float64, float64 
[ 2023-07-01 17:52:41,556 ] 82 root - INFO - Hypothesis ca_000: float64, float64 
[ 2023-07-01 17:52:41,563 ] 82 root - INFO - Hypothesis cb_000: float64, float64 
[ 2023-07-01 17:52:41,570 ] 82 root - INFO - Hypothesis cc_000: float64, float64 
[ 2023-07-01 17:52:41,577 ] 82 root - INFO - Hypothesis cd_000: float64, float64 
[ 2023-07-01 17:52:41,592 ] 82 root - INFO - Hypothesis ce_000: float64, float64 
[ 2023-07-01 17:52:41,599 ] 82 root - INFO - Hypothesis ci_000: float64, float64 
[ 2023-07-01 17:52:41,606 ] 82 root - INFO - Hypothesis cj_000: float64, float64 
[ 2023-07-01 17:52:41,610 ] 82 root - INFO - Hypothesis ck_000: float64, float64 
[ 2023-07-01 17:52:41,617 ] 82 root - INFO - Hypothesis cl_000: float64, float64 
[ 2023-07-01 17:52:41,621 ] 82 root - INFO - Hypothesis cm_000: float64, float64 
[ 2023-07-01 17:52:41,626 ] 82 root - INFO - Hypothesis cn_000: float64, float64 
[ 2023-07-01 17:52:41,641 ] 82 root - INFO - Hypothesis cn_001: float64, float64 
[ 2023-07-01 17:52:41,645 ] 82 root - INFO - Hypothesis cn_002: float64, float64 
[ 2023-07-01 17:52:41,651 ] 82 root - INFO - Hypothesis cn_003: float64, float64 
[ 2023-07-01 17:52:41,658 ] 82 root - INFO - Hypothesis cn_004: float64, float64 
[ 2023-07-01 17:52:41,666 ] 82 root - INFO - Hypothesis cn_005: float64, float64 
[ 2023-07-01 17:52:41,673 ] 82 root - INFO - Hypothesis cn_006: float64, float64 
[ 2023-07-01 17:52:41,680 ] 82 root - INFO - Hypothesis cn_007: float64, float64 
[ 2023-07-01 17:52:41,687 ] 82 root - INFO - Hypothesis cn_008: float64, float64 
[ 2023-07-01 17:52:41,693 ] 82 root - INFO - Hypothesis cn_009: float64, float64 
[ 2023-07-01 17:52:41,698 ] 82 root - INFO - Hypothesis cp_000: float64, float64 
[ 2023-07-01 17:52:41,703 ] 82 root - INFO - Hypothesis cq_000: float64, float64 
[ 2023-07-01 17:52:41,711 ] 82 root - INFO - Hypothesis cs_000: float64, float64 
[ 2023-07-01 17:52:41,717 ] 82 root - INFO - Hypothesis cs_001: float64, float64 
[ 2023-07-01 17:52:41,723 ] 82 root - INFO - Hypothesis cs_002: float64, float64 
[ 2023-07-01 17:52:41,730 ] 82 root - INFO - Hypothesis cs_003: float64, float64 
[ 2023-07-01 17:52:41,737 ] 82 root - INFO - Hypothesis cs_004: float64, float64 
[ 2023-07-01 17:52:41,744 ] 82 root - INFO - Hypothesis cs_005: float64, float64 
[ 2023-07-01 17:52:41,751 ] 82 root - INFO - Hypothesis cs_006: float64, float64 
[ 2023-07-01 17:52:41,758 ] 82 root - INFO - Hypothesis cs_007: float64, float64 
[ 2023-07-01 17:52:41,765 ] 82 root - INFO - Hypothesis cs_008: float64, float64 
[ 2023-07-01 17:52:41,770 ] 82 root - INFO - Hypothesis cs_009: float64, float64 
[ 2023-07-01 17:52:41,786 ] 82 root - INFO - Hypothesis dd_000: float64, float64 
[ 2023-07-01 17:52:41,792 ] 82 root - INFO - Hypothesis de_000: float64, float64 
[ 2023-07-01 17:52:41,798 ] 82 root - INFO - Hypothesis df_000: float64, float64 
[ 2023-07-01 17:52:41,801 ] 82 root - INFO - Hypothesis dg_000: float64, float64 
[ 2023-07-01 17:52:41,804 ] 82 root - INFO - Hypothesis dh_000: float64, float64 
[ 2023-07-01 17:52:41,808 ] 82 root - INFO - Hypothesis di_000: float64, float64 
[ 2023-07-01 17:52:41,812 ] 82 root - INFO - Hypothesis dj_000: float64, float64 
[ 2023-07-01 17:52:41,828 ] 82 root - INFO - Hypothesis dk_000: float64, float64 
[ 2023-07-01 17:52:41,831 ] 82 root - INFO - Hypothesis dl_000: float64, float64 
[ 2023-07-01 17:52:41,846 ] 82 root - INFO - Hypothesis dm_000: float64, float64 
[ 2023-07-01 17:52:41,862 ] 82 root - INFO - Hypothesis dn_000: float64, float64 
[ 2023-07-01 17:52:41,869 ] 82 root - INFO - Hypothesis do_000: float64, float64 
[ 2023-07-01 17:52:41,875 ] 82 root - INFO - Hypothesis dp_000: float64, float64 
[ 2023-07-01 17:52:41,882 ] 82 root - INFO - Hypothesis dq_000: float64, float64 
[ 2023-07-01 17:52:41,886 ] 82 root - INFO - Hypothesis dr_000: float64, float64 
[ 2023-07-01 17:52:41,890 ] 82 root - INFO - Hypothesis ds_000: float64, float64 
[ 2023-07-01 17:52:41,897 ] 82 root - INFO - Hypothesis dt_000: float64, float64 
[ 2023-07-01 17:52:41,904 ] 82 root - INFO - Hypothesis du_000: float64, float64 
[ 2023-07-01 17:52:41,911 ] 82 root - INFO - Hypothesis dv_000: float64, float64 
[ 2023-07-01 17:52:41,918 ] 82 root - INFO - Hypothesis dx_000: float64, float64 
[ 2023-07-01 17:52:41,922 ] 82 root - INFO - Hypothesis dy_000: float64, float64 
[ 2023-07-01 17:52:41,927 ] 82 root - INFO - Hypothesis dz_000: float64, float64 
[ 2023-07-01 17:52:41,942 ] 82 root - INFO - Hypothesis ea_000: float64, float64 
[ 2023-07-01 17:52:41,958 ] 82 root - INFO - Hypothesis eb_000: float64, float64 
[ 2023-07-01 17:52:41,964 ] 82 root - INFO - Hypothesis ec_00: float64, float64 
[ 2023-07-01 17:52:41,970 ] 82 root - INFO - Hypothesis ed_000: float64, float64 
[ 2023-07-01 17:52:41,976 ] 82 root - INFO - Hypothesis ee_000: float64, float64 
[ 2023-07-01 17:52:41,983 ] 82 root - INFO - Hypothesis ee_001: float64, float64 
[ 2023-07-01 17:52:41,991 ] 82 root - INFO - Hypothesis ee_002: float64, float64 
[ 2023-07-01 17:52:41,998 ] 82 root - INFO - Hypothesis ee_003: float64, float64 
[ 2023-07-01 17:52:42,005 ] 82 root - INFO - Hypothesis ee_004: float64, float64 
[ 2023-07-01 17:52:42,012 ] 82 root - INFO - Hypothesis ee_005: float64, float64 
[ 2023-07-01 17:52:42,019 ] 82 root - INFO - Hypothesis ee_006: float64, float64 
[ 2023-07-01 17:52:42,026 ] 82 root - INFO - Hypothesis ee_007: float64, float64 
[ 2023-07-01 17:52:42,032 ] 82 root - INFO - Hypothesis ee_008: float64, float64 
[ 2023-07-01 17:52:42,038 ] 82 root - INFO - Hypothesis ee_009: float64, float64 
[ 2023-07-01 17:52:42,044 ] 82 root - INFO - Hypothesis ef_000: float64, float64 
[ 2023-07-01 17:52:42,059 ] 82 root - INFO - Hypothesis eg_000: float64, float64 
[ 2023-07-01 17:52:42,143 ] 144 root - INFO - Data validation artifact: DataValidationArtifact(report_file_path='/config/workspace/artifact/07012023__175224/data_validation/report.yaml')
[ 2023-07-01 17:52:43,415 ] 52 root - INFO - Entered the save_object method of utils
[ 2023-07-01 17:52:43,418 ] 56 root - INFO - Exited the save_object method of utils
[ 2023-07-01 17:52:43,418 ] 52 root - INFO - Entered the save_object method of utils
[ 2023-07-01 17:52:43,419 ] 56 root - INFO - Exited the save_object method of utils
