[ 2023-07-01 17:41:25,444 ] 15 root - INFO - >>>>>>>>>>>>>>>>>>>>>>>>>>>>>>>>>>>>>>>> Data Ingestion <<<<<<<<<<<<<<<<<<<<<<<<<<<<<<<<<<<<<<<<
[ 2023-07-01 17:41:25,445 ] 22 root - INFO - Exporting collection data as pandas dataframe
[ 2023-07-01 17:41:25,445 ] 21 root - INFO - Reading data from database: aps and collection: sensor
[ 2023-07-01 17:41:29,338 ] 23 root - INFO - Found columns: Index(['_id', 'class', 'aa_000', 'ab_000', 'ac_000', 'ad_000', 'ae_000',
       'af_000', 'ag_000', 'ag_001',
       ...
       'ee_002', 'ee_003', 'ee_004', 'ee_005', 'ee_006', 'ee_007', 'ee_008',
       'ee_009', 'ef_000', 'eg_000'],
      dtype='object', length=172)
[ 2023-07-01 17:41:29,339 ] 25 root - INFO - Dropping column: _id 
[ 2023-07-01 17:41:29,546 ] 27 root - INFO - Row and columns in df: (36188, 171)
[ 2023-07-01 17:41:29,547 ] 28 root - INFO - Save data in feature store
[ 2023-07-01 17:41:30,964 ] 34 root - INFO - Create feature store folder if not available
[ 2023-07-01 17:41:30,965 ] 38 root - INFO - Save df to feature store folder
[ 2023-07-01 17:41:33,003 ] 43 root - INFO - split dataset into train and test set
[ 2023-07-01 17:41:33,423 ] 47 root - INFO - create dataset directory folder if not available
[ 2023-07-01 17:41:33,424 ] 52 root - INFO - Save df to feature store folder
[ 2023-07-01 17:41:35,379 ] 64 root - INFO - Data ingestion artifact: DataIngestionArtifact(feature_store_file_path='/config/workspace/artifact/07012023__174125/data_ingestion/feature_store/sensor.csv', train_file_path='/config/workspace/artifact/07012023__174125/data_ingestion/dataset/train.csv', test_file_path='/config/workspace/artifact/07012023__174125/data_ingestion/dataset/test.csv')
[ 2023-07-01 17:41:35,892 ] 17 root - INFO - >>>>>>>>>>>>>>>>>>>>>>>>>>>>>>>>>>>>>>>> Data Validation<<<<<<<<<<<<<<<<<<<<<<<<<<<<<<<<<<<<<<<<
[ 2023-07-01 17:41:35,892 ] 104 root - INFO - Reading base dataframe
[ 2023-07-01 17:41:38,154 ] 108 root - INFO - Replace na value in base df
[ 2023-07-01 17:41:38,155 ] 110 root - INFO - Drop null values colums from base df
[ 2023-07-01 17:41:38,381 ] 38 root - INFO - selecting column name which contains null above to 0.2
[ 2023-07-01 17:41:38,382 ] 41 root - INFO - Columns to drop: ['ab_000', 'ad_000', 'bk_000', 'bl_000', 'bm_000', 'bn_000', 'bo_000', 'bp_000', 'bq_000', 'br_000', 'cf_000', 'cg_000', 'ch_000', 'co_000', 'cr_000', 'ct_000', 'cu_000', 'cv_000', 'cx_000', 'cy_000', 'cz_000', 'da_000', 'db_000', 'dc_000']
[ 2023-07-01 17:41:38,472 ] 113 root - INFO - Reading train dataframe
[ 2023-07-01 17:41:38,884 ] 115 root - INFO - Reading test dataframe
[ 2023-07-01 17:41:38,987 ] 118 root - INFO - Drop null values colums from train df
[ 2023-07-01 17:41:38,995 ] 38 root - INFO - selecting column name which contains null above to 0.2
[ 2023-07-01 17:41:38,995 ] 41 root - INFO - Columns to drop: ['ab_000', 'ad_000', 'bk_000', 'bl_000', 'bm_000', 'bn_000', 'bo_000', 'bp_000', 'bq_000', 'br_000', 'cf_000', 'cg_000', 'ch_000', 'co_000', 'cr_000', 'ct_000', 'cu_000', 'cv_000', 'cx_000', 'cy_000', 'cz_000', 'da_000', 'db_000', 'dc_000']
[ 2023-07-01 17:41:39,004 ] 120 root - INFO - Drop null values colums from test df
[ 2023-07-01 17:41:39,007 ] 38 root - INFO - selecting column name which contains null above to 0.2
[ 2023-07-01 17:41:39,008 ] 41 root - INFO - Columns to drop: ['ab_000', 'ad_000', 'bk_000', 'bl_000', 'bm_000', 'bn_000', 'bo_000', 'bp_000', 'bq_000', 'br_000', 'cf_000', 'cg_000', 'ch_000', 'co_000', 'cr_000', 'ct_000', 'cu_000', 'cv_000', 'cx_000', 'cy_000', 'cz_000', 'da_000', 'db_000', 'dc_000']
[ 2023-07-01 17:41:39,816 ] 128 root - INFO - Is all required columns present in train df
[ 2023-07-01 17:41:39,817 ] 130 root - INFO - Is all required columns present in test df
[ 2023-07-01 17:41:39,817 ] 134 root - INFO - As all column are available in train df hence detecting data drift
[ 2023-07-01 17:41:39,817 ] 82 root - INFO - Hypothesis class: object, object 
[ 2023-07-01 17:41:39,952 ] 82 root - INFO - Hypothesis aa_000: float64, float64 
[ 2023-07-01 17:41:39,963 ] 82 root - INFO - Hypothesis ac_000: float64, float64 
[ 2023-07-01 17:41:40,003 ] 82 root - INFO - Hypothesis ae_000: float64, float64 
[ 2023-07-01 17:41:40,040 ] 82 root - INFO - Hypothesis af_000: float64, float64 
[ 2023-07-01 17:41:40,076 ] 82 root - INFO - Hypothesis ag_000: float64, float64 
[ 2023-07-01 17:41:40,113 ] 82 root - INFO - Hypothesis ag_001: float64, float64 
[ 2023-07-01 17:41:40,148 ] 82 root - INFO - Hypothesis ag_002: float64, float64 
[ 2023-07-01 17:41:40,185 ] 82 root - INFO - Hypothesis ag_003: float64, float64 
[ 2023-07-01 17:41:40,191 ] 82 root - INFO - Hypothesis ag_004: float64, float64 
[ 2023-07-01 17:41:40,201 ] 82 root - INFO - Hypothesis ag_005: float64, float64 
[ 2023-07-01 17:41:40,212 ] 82 root - INFO - Hypothesis ag_006: float64, float64 
[ 2023-07-01 17:41:40,223 ] 82 root - INFO - Hypothesis ag_007: float64, float64 
[ 2023-07-01 17:41:40,232 ] 82 root - INFO - Hypothesis ag_008: float64, float64 
[ 2023-07-01 17:41:40,241 ] 82 root - INFO - Hypothesis ag_009: float64, float64 
[ 2023-07-01 17:41:40,248 ] 82 root - INFO - Hypothesis ah_000: float64, float64 
[ 2023-07-01 17:41:40,258 ] 82 root - INFO - Hypothesis ai_000: float64, float64 
[ 2023-07-01 17:41:40,295 ] 82 root - INFO - Hypothesis aj_000: float64, float64 
[ 2023-07-01 17:41:40,301 ] 82 root - INFO - Hypothesis ak_000: float64, float64 
[ 2023-07-01 17:41:40,338 ] 82 root - INFO - Hypothesis al_000: float64, float64 
[ 2023-07-01 17:41:40,345 ] 82 root - INFO - Hypothesis am_0: float64, float64 
[ 2023-07-01 17:41:40,353 ] 82 root - INFO - Hypothesis an_000: float64, float64 
[ 2023-07-01 17:41:40,364 ] 82 root - INFO - Hypothesis ao_000: float64, float64 
[ 2023-07-01 17:41:40,375 ] 82 root - INFO - Hypothesis ap_000: float64, float64 
[ 2023-07-01 17:41:40,386 ] 82 root - INFO - Hypothesis aq_000: float64, float64 
[ 2023-07-01 17:41:40,396 ] 82 root - INFO - Hypothesis ar_000: float64, float64 
[ 2023-07-01 17:41:40,431 ] 82 root - INFO - Hypothesis as_000: float64, float64 
[ 2023-07-01 17:41:40,467 ] 82 root - INFO - Hypothesis at_000: float64, float64 
[ 2023-07-01 17:41:40,503 ] 82 root - INFO - Hypothesis au_000: float64, float64 
[ 2023-07-01 17:41:40,540 ] 82 root - INFO - Hypothesis av_000: float64, float64 
[ 2023-07-01 17:41:40,549 ] 82 root - INFO - Hypothesis ax_000: float64, float64 
[ 2023-07-01 17:41:40,557 ] 82 root - INFO - Hypothesis ay_000: float64, float64 
[ 2023-07-01 17:41:40,596 ] 82 root - INFO - Hypothesis ay_001: float64, float64 
[ 2023-07-01 17:41:40,631 ] 82 root - INFO - Hypothesis ay_002: float64, float64 
[ 2023-07-01 17:41:40,667 ] 82 root - INFO - Hypothesis ay_003: float64, float64 
[ 2023-07-01 17:41:40,703 ] 82 root - INFO - Hypothesis ay_004: float64, float64 
[ 2023-07-01 17:41:40,738 ] 82 root - INFO - Hypothesis ay_005: float64, float64 
[ 2023-07-01 17:41:40,779 ] 82 root - INFO - Hypothesis ay_006: float64, float64 
[ 2023-07-01 17:41:40,788 ] 82 root - INFO - Hypothesis ay_007: float64, float64 
[ 2023-07-01 17:41:40,798 ] 82 root - INFO - Hypothesis ay_008: float64, float64 
[ 2023-07-01 17:41:40,809 ] 82 root - INFO - Hypothesis ay_009: float64, float64 
[ 2023-07-01 17:41:40,844 ] 82 root - INFO - Hypothesis az_000: float64, float64 
[ 2023-07-01 17:41:40,854 ] 82 root - INFO - Hypothesis az_001: float64, float64 
[ 2023-07-01 17:41:40,863 ] 82 root - INFO - Hypothesis az_002: float64, float64 
[ 2023-07-01 17:41:40,873 ] 82 root - INFO - Hypothesis az_003: float64, float64 
[ 2023-07-01 17:41:40,883 ] 82 root - INFO - Hypothesis az_004: float64, float64 
[ 2023-07-01 17:41:40,894 ] 82 root - INFO - Hypothesis az_005: float64, float64 
[ 2023-07-01 17:41:40,904 ] 82 root - INFO - Hypothesis az_006: float64, float64 
[ 2023-07-01 17:41:40,945 ] 82 root - INFO - Hypothesis az_007: float64, float64 
[ 2023-07-01 17:41:40,983 ] 82 root - INFO - Hypothesis az_008: float64, float64 
[ 2023-07-01 17:41:41,019 ] 82 root - INFO - Hypothesis az_009: float64, float64 
[ 2023-07-01 17:41:41,055 ] 82 root - INFO - Hypothesis ba_000: float64, float64 
[ 2023-07-01 17:41:41,066 ] 82 root - INFO - Hypothesis ba_001: float64, float64 
[ 2023-07-01 17:41:41,076 ] 82 root - INFO - Hypothesis ba_002: float64, float64 
[ 2023-07-01 17:41:41,087 ] 82 root - INFO - Hypothesis ba_003: float64, float64 
[ 2023-07-01 17:41:41,097 ] 82 root - INFO - Hypothesis ba_004: float64, float64 
[ 2023-07-01 17:41:41,108 ] 82 root - INFO - Hypothesis ba_005: float64, float64 
[ 2023-07-01 17:41:41,118 ] 82 root - INFO - Hypothesis ba_006: float64, float64 
[ 2023-07-01 17:41:41,128 ] 82 root - INFO - Hypothesis ba_007: float64, float64 
[ 2023-07-01 17:41:41,138 ] 82 root - INFO - Hypothesis ba_008: float64, float64 
[ 2023-07-01 17:41:41,178 ] 82 root - INFO - Hypothesis ba_009: float64, float64 
[ 2023-07-01 17:41:41,215 ] 82 root - INFO - Hypothesis bb_000: float64, float64 
[ 2023-07-01 17:41:41,226 ] 82 root - INFO - Hypothesis bc_000: float64, float64 
[ 2023-07-01 17:41:41,267 ] 82 root - INFO - Hypothesis bd_000: float64, float64 
[ 2023-07-01 17:41:41,276 ] 82 root - INFO - Hypothesis be_000: float64, float64 
[ 2023-07-01 17:41:41,285 ] 82 root - INFO - Hypothesis bf_000: float64, float64 
[ 2023-07-01 17:41:41,292 ] 82 root - INFO - Hypothesis bg_000: float64, float64 
[ 2023-07-01 17:41:41,302 ] 82 root - INFO - Hypothesis bh_000: float64, float64 
[ 2023-07-01 17:41:41,313 ] 82 root - INFO - Hypothesis bi_000: float64, float64 
[ 2023-07-01 17:41:41,324 ] 82 root - INFO - Hypothesis bj_000: float64, float64 
[ 2023-07-01 17:41:41,335 ] 82 root - INFO - Hypothesis bs_000: float64, float64 
[ 2023-07-01 17:41:41,345 ] 82 root - INFO - Hypothesis bt_000: float64, float64 
[ 2023-07-01 17:41:41,356 ] 82 root - INFO - Hypothesis bu_000: float64, float64 
[ 2023-07-01 17:41:41,366 ] 82 root - INFO - Hypothesis bv_000: float64, float64 
[ 2023-07-01 17:41:41,377 ] 82 root - INFO - Hypothesis bx_000: float64, float64 
[ 2023-07-01 17:41:41,387 ] 82 root - INFO - Hypothesis by_000: float64, float64 
[ 2023-07-01 17:41:41,397 ] 82 root - INFO - Hypothesis bz_000: float64, float64 
[ 2023-07-01 17:41:41,409 ] 82 root - INFO - Hypothesis ca_000: float64, float64 
[ 2023-07-01 17:41:41,420 ] 82 root - INFO - Hypothesis cb_000: float64, float64 
[ 2023-07-01 17:41:41,431 ] 82 root - INFO - Hypothesis cc_000: float64, float64 
[ 2023-07-01 17:41:41,442 ] 82 root - INFO - Hypothesis cd_000: float64, float64 
[ 2023-07-01 17:41:41,478 ] 82 root - INFO - Hypothesis ce_000: float64, float64 
[ 2023-07-01 17:41:41,487 ] 82 root - INFO - Hypothesis ci_000: float64, float64 
[ 2023-07-01 17:41:41,498 ] 82 root - INFO - Hypothesis cj_000: float64, float64 
[ 2023-07-01 17:41:41,537 ] 82 root - INFO - Hypothesis ck_000: float64, float64 
[ 2023-07-01 17:41:41,549 ] 82 root - INFO - Hypothesis cl_000: float64, float64 
[ 2023-07-01 17:41:41,555 ] 82 root - INFO - Hypothesis cm_000: float64, float64 
[ 2023-07-01 17:41:41,562 ] 82 root - INFO - Hypothesis cn_000: float64, float64 
[ 2023-07-01 17:41:41,599 ] 82 root - INFO - Hypothesis cn_001: float64, float64 
[ 2023-07-01 17:41:41,636 ] 82 root - INFO - Hypothesis cn_002: float64, float64 
[ 2023-07-01 17:41:41,645 ] 82 root - INFO - Hypothesis cn_003: float64, float64 
[ 2023-07-01 17:41:41,655 ] 82 root - INFO - Hypothesis cn_004: float64, float64 
[ 2023-07-01 17:41:41,666 ] 82 root - INFO - Hypothesis cn_005: float64, float64 
[ 2023-07-01 17:41:41,676 ] 82 root - INFO - Hypothesis cn_006: float64, float64 
[ 2023-07-01 17:41:41,687 ] 82 root - INFO - Hypothesis cn_007: float64, float64 
[ 2023-07-01 17:41:41,696 ] 82 root - INFO - Hypothesis cn_008: float64, float64 
[ 2023-07-01 17:41:41,706 ] 82 root - INFO - Hypothesis cn_009: float64, float64 
[ 2023-07-01 17:41:41,745 ] 82 root - INFO - Hypothesis cp_000: float64, float64 
[ 2023-07-01 17:41:41,784 ] 82 root - INFO - Hypothesis cq_000: float64, float64 
[ 2023-07-01 17:41:41,795 ] 82 root - INFO - Hypothesis cs_000: float64, float64 
[ 2023-07-01 17:41:41,805 ] 82 root - INFO - Hypothesis cs_001: float64, float64 
[ 2023-07-01 17:41:41,814 ] 82 root - INFO - Hypothesis cs_002: float64, float64 
[ 2023-07-01 17:41:41,824 ] 82 root - INFO - Hypothesis cs_003: float64, float64 
[ 2023-07-01 17:41:41,835 ] 82 root - INFO - Hypothesis cs_004: float64, float64 
[ 2023-07-01 17:41:41,845 ] 82 root - INFO - Hypothesis cs_005: float64, float64 
[ 2023-07-01 17:41:41,856 ] 82 root - INFO - Hypothesis cs_006: float64, float64 
[ 2023-07-01 17:41:41,866 ] 82 root - INFO - Hypothesis cs_007: float64, float64 
[ 2023-07-01 17:41:41,877 ] 82 root - INFO - Hypothesis cs_008: float64, float64 
[ 2023-07-01 17:41:41,915 ] 82 root - INFO - Hypothesis cs_009: float64, float64 
[ 2023-07-01 17:41:41,952 ] 82 root - INFO - Hypothesis dd_000: float64, float64 
[ 2023-07-01 17:41:41,962 ] 82 root - INFO - Hypothesis de_000: float64, float64 
[ 2023-07-01 17:41:41,971 ] 82 root - INFO - Hypothesis df_000: float64, float64 
[ 2023-07-01 17:41:42,009 ] 82 root - INFO - Hypothesis dg_000: float64, float64 
[ 2023-07-01 17:41:42,047 ] 82 root - INFO - Hypothesis dh_000: float64, float64 
[ 2023-07-01 17:41:42,054 ] 82 root - INFO - Hypothesis di_000: float64, float64 
[ 2023-07-01 17:41:42,092 ] 82 root - INFO - Hypothesis dj_000: float64, float64 
[ 2023-07-01 17:41:42,128 ] 82 root - INFO - Hypothesis dk_000: float64, float64 
[ 2023-07-01 17:41:42,164 ] 82 root - INFO - Hypothesis dl_000: float64, float64 
[ 2023-07-01 17:41:42,201 ] 82 root - INFO - Hypothesis dm_000: float64, float64 
[ 2023-07-01 17:41:42,237 ] 82 root - INFO - Hypothesis dn_000: float64, float64 
[ 2023-07-01 17:41:42,248 ] 82 root - INFO - Hypothesis do_000: float64, float64 
[ 2023-07-01 17:41:42,257 ] 82 root - INFO - Hypothesis dp_000: float64, float64 
[ 2023-07-01 17:41:42,266 ] 82 root - INFO - Hypothesis dq_000: float64, float64 
[ 2023-07-01 17:41:42,304 ] 82 root - INFO - Hypothesis dr_000: float64, float64 
[ 2023-07-01 17:41:42,342 ] 82 root - INFO - Hypothesis ds_000: float64, float64 
[ 2023-07-01 17:41:42,352 ] 82 root - INFO - Hypothesis dt_000: float64, float64 
[ 2023-07-01 17:41:42,362 ] 82 root - INFO - Hypothesis du_000: float64, float64 
[ 2023-07-01 17:41:42,373 ] 82 root - INFO - Hypothesis dv_000: float64, float64 
[ 2023-07-01 17:41:42,383 ] 82 root - INFO - Hypothesis dx_000: float64, float64 
[ 2023-07-01 17:41:42,421 ] 82 root - INFO - Hypothesis dy_000: float64, float64 
[ 2023-07-01 17:41:42,460 ] 82 root - INFO - Hypothesis dz_000: float64, float64 
[ 2023-07-01 17:41:42,495 ] 82 root - INFO - Hypothesis ea_000: float64, float64 
[ 2023-07-01 17:41:42,531 ] 82 root - INFO - Hypothesis eb_000: float64, float64 
[ 2023-07-01 17:41:42,540 ] 82 root - INFO - Hypothesis ec_00: float64, float64 
[ 2023-07-01 17:41:42,550 ] 82 root - INFO - Hypothesis ed_000: float64, float64 
[ 2023-07-01 17:41:42,559 ] 82 root - INFO - Hypothesis ee_000: float64, float64 
[ 2023-07-01 17:41:42,570 ] 82 root - INFO - Hypothesis ee_001: float64, float64 
[ 2023-07-01 17:41:42,581 ] 82 root - INFO - Hypothesis ee_002: float64, float64 
[ 2023-07-01 17:41:42,591 ] 82 root - INFO - Hypothesis ee_003: float64, float64 
[ 2023-07-01 17:41:42,601 ] 82 root - INFO - Hypothesis ee_004: float64, float64 
[ 2023-07-01 17:41:42,612 ] 82 root - INFO - Hypothesis ee_005: float64, float64 
[ 2023-07-01 17:41:42,622 ] 82 root - INFO - Hypothesis ee_006: float64, float64 
[ 2023-07-01 17:41:42,632 ] 82 root - INFO - Hypothesis ee_007: float64, float64 
[ 2023-07-01 17:41:42,642 ] 82 root - INFO - Hypothesis ee_008: float64, float64 
[ 2023-07-01 17:41:42,651 ] 82 root - INFO - Hypothesis ee_009: float64, float64 
[ 2023-07-01 17:41:42,659 ] 82 root - INFO - Hypothesis ef_000: float64, float64 
[ 2023-07-01 17:41:42,694 ] 82 root - INFO - Hypothesis eg_000: float64, float64 
[ 2023-07-01 17:41:42,730 ] 137 root - INFO - As all column are available in test df hence detecting data drift
[ 2023-07-01 17:41:42,730 ] 82 root - INFO - Hypothesis class: object, object 
[ 2023-07-01 17:41:42,804 ] 82 root - INFO - Hypothesis aa_000: float64, float64 
[ 2023-07-01 17:41:42,811 ] 82 root - INFO - Hypothesis ac_000: float64, float64 
[ 2023-07-01 17:41:42,816 ] 82 root - INFO - Hypothesis ae_000: float64, float64 
[ 2023-07-01 17:41:42,832 ] 82 root - INFO - Hypothesis af_000: float64, float64 
[ 2023-07-01 17:41:42,848 ] 82 root - INFO - Hypothesis ag_000: float64, float64 
[ 2023-07-01 17:41:42,863 ] 82 root - INFO - Hypothesis ag_001: float64, float64 
[ 2023-07-01 17:41:42,877 ] 82 root - INFO - Hypothesis ag_002: float64, float64 
[ 2023-07-01 17:41:42,881 ] 82 root - INFO - Hypothesis ag_003: float64, float64 
[ 2023-07-01 17:41:42,885 ] 82 root - INFO - Hypothesis ag_004: float64, float64 
[ 2023-07-01 17:41:42,892 ] 82 root - INFO - Hypothesis ag_005: float64, float64 
[ 2023-07-01 17:41:42,899 ] 82 root - INFO - Hypothesis ag_006: float64, float64 
[ 2023-07-01 17:41:42,906 ] 82 root - INFO - Hypothesis ag_007: float64, float64 
[ 2023-07-01 17:41:42,912 ] 82 root - INFO - Hypothesis ag_008: float64, float64 
[ 2023-07-01 17:41:42,918 ] 82 root - INFO - Hypothesis ag_009: float64, float64 
[ 2023-07-01 17:41:42,923 ] 82 root - INFO - Hypothesis ah_000: float64, float64 
[ 2023-07-01 17:41:42,930 ] 82 root - INFO - Hypothesis ai_000: float64, float64 
[ 2023-07-01 17:41:42,934 ] 82 root - INFO - Hypothesis aj_000: float64, float64 
[ 2023-07-01 17:41:42,938 ] 82 root - INFO - Hypothesis ak_000: float64, float64 
[ 2023-07-01 17:41:42,941 ] 82 root - INFO - Hypothesis al_000: float64, float64 
[ 2023-07-01 17:41:42,946 ] 82 root - INFO - Hypothesis am_0: float64, float64 
[ 2023-07-01 17:41:42,951 ] 82 root - INFO - Hypothesis an_000: float64, float64 
[ 2023-07-01 17:41:42,959 ] 82 root - INFO - Hypothesis ao_000: float64, float64 
[ 2023-07-01 17:41:42,966 ] 82 root - INFO - Hypothesis ap_000: float64, float64 
[ 2023-07-01 17:41:42,973 ] 82 root - INFO - Hypothesis aq_000: float64, float64 
[ 2023-07-01 17:41:42,981 ] 82 root - INFO - Hypothesis ar_000: float64, float64 
[ 2023-07-01 17:41:42,996 ] 82 root - INFO - Hypothesis as_000: float64, float64 
[ 2023-07-01 17:41:43,011 ] 82 root - INFO - Hypothesis at_000: float64, float64 
[ 2023-07-01 17:41:43,027 ] 82 root - INFO - Hypothesis au_000: float64, float64 
[ 2023-07-01 17:41:43,042 ] 82 root - INFO - Hypothesis av_000: float64, float64 
[ 2023-07-01 17:41:43,048 ] 82 root - INFO - Hypothesis ax_000: float64, float64 
[ 2023-07-01 17:41:43,053 ] 82 root - INFO - Hypothesis ay_000: float64, float64 
[ 2023-07-01 17:41:43,069 ] 82 root - INFO - Hypothesis ay_001: float64, float64 
[ 2023-07-01 17:41:43,084 ] 82 root - INFO - Hypothesis ay_002: float64, float64 
[ 2023-07-01 17:41:43,099 ] 82 root - INFO - Hypothesis ay_003: float64, float64 
[ 2023-07-01 17:41:43,114 ] 82 root - INFO - Hypothesis ay_004: float64, float64 
[ 2023-07-01 17:41:43,129 ] 82 root - INFO - Hypothesis ay_005: float64, float64 
[ 2023-07-01 17:41:43,134 ] 82 root - INFO - Hypothesis ay_006: float64, float64 
[ 2023-07-01 17:41:43,141 ] 82 root - INFO - Hypothesis ay_007: float64, float64 
[ 2023-07-01 17:41:43,147 ] 82 root - INFO - Hypothesis ay_008: float64, float64 
[ 2023-07-01 17:41:43,154 ] 82 root - INFO - Hypothesis ay_009: float64, float64 
[ 2023-07-01 17:41:43,169 ] 82 root - INFO - Hypothesis az_000: float64, float64 
[ 2023-07-01 17:41:43,176 ] 82 root - INFO - Hypothesis az_001: float64, float64 
[ 2023-07-01 17:41:43,182 ] 82 root - INFO - Hypothesis az_002: float64, float64 
[ 2023-07-01 17:41:43,188 ] 82 root - INFO - Hypothesis az_003: float64, float64 
[ 2023-07-01 17:41:43,197 ] 82 root - INFO - Hypothesis az_004: float64, float64 
[ 2023-07-01 17:41:43,204 ] 82 root - INFO - Hypothesis az_005: float64, float64 
[ 2023-07-01 17:41:43,211 ] 82 root - INFO - Hypothesis az_006: float64, float64 
[ 2023-07-01 17:41:43,218 ] 82 root - INFO - Hypothesis az_007: float64, float64 
[ 2023-07-01 17:41:43,222 ] 82 root - INFO - Hypothesis az_008: float64, float64 
[ 2023-07-01 17:41:43,237 ] 82 root - INFO - Hypothesis az_009: float64, float64 
[ 2023-07-01 17:41:43,252 ] 82 root - INFO - Hypothesis ba_000: float64, float64 
[ 2023-07-01 17:41:43,259 ] 82 root - INFO - Hypothesis ba_001: float64, float64 
[ 2023-07-01 17:41:43,266 ] 82 root - INFO - Hypothesis ba_002: float64, float64 
[ 2023-07-01 17:41:43,273 ] 82 root - INFO - Hypothesis ba_003: float64, float64 
[ 2023-07-01 17:41:43,280 ] 82 root - INFO - Hypothesis ba_004: float64, float64 
[ 2023-07-01 17:41:43,287 ] 82 root - INFO - Hypothesis ba_005: float64, float64 
[ 2023-07-01 17:41:43,294 ] 82 root - INFO - Hypothesis ba_006: float64, float64 
[ 2023-07-01 17:41:43,300 ] 82 root - INFO - Hypothesis ba_007: float64, float64 
[ 2023-07-01 17:41:43,307 ] 82 root - INFO - Hypothesis ba_008: float64, float64 
[ 2023-07-01 17:41:43,312 ] 82 root - INFO - Hypothesis ba_009: float64, float64 
[ 2023-07-01 17:41:43,317 ] 82 root - INFO - Hypothesis bb_000: float64, float64 
[ 2023-07-01 17:41:43,324 ] 82 root - INFO - Hypothesis bc_000: float64, float64 
[ 2023-07-01 17:41:43,330 ] 82 root - INFO - Hypothesis bd_000: float64, float64 
[ 2023-07-01 17:41:43,335 ] 82 root - INFO - Hypothesis be_000: float64, float64 
[ 2023-07-01 17:41:43,341 ] 82 root - INFO - Hypothesis bf_000: float64, float64 
[ 2023-07-01 17:41:43,347 ] 82 root - INFO - Hypothesis bg_000: float64, float64 
[ 2023-07-01 17:41:43,354 ] 82 root - INFO - Hypothesis bh_000: float64, float64 
[ 2023-07-01 17:41:43,361 ] 82 root - INFO - Hypothesis bi_000: float64, float64 
[ 2023-07-01 17:41:43,369 ] 82 root - INFO - Hypothesis bj_000: float64, float64 
[ 2023-07-01 17:41:43,376 ] 82 root - INFO - Hypothesis bs_000: float64, float64 
[ 2023-07-01 17:41:43,383 ] 82 root - INFO - Hypothesis bt_000: float64, float64 
[ 2023-07-01 17:41:43,391 ] 82 root - INFO - Hypothesis bu_000: float64, float64 
[ 2023-07-01 17:41:43,398 ] 82 root - INFO - Hypothesis bv_000: float64, float64 
[ 2023-07-01 17:41:43,405 ] 82 root - INFO - Hypothesis bx_000: float64, float64 
[ 2023-07-01 17:41:43,412 ] 82 root - INFO - Hypothesis by_000: float64, float64 
[ 2023-07-01 17:41:43,420 ] 82 root - INFO - Hypothesis bz_000: float64, float64 
[ 2023-07-01 17:41:43,429 ] 82 root - INFO - Hypothesis ca_000: float64, float64 
[ 2023-07-01 17:41:43,436 ] 82 root - INFO - Hypothesis cb_000: float64, float64 
[ 2023-07-01 17:41:43,443 ] 82 root - INFO - Hypothesis cc_000: float64, float64 
[ 2023-07-01 17:41:43,450 ] 82 root - INFO - Hypothesis cd_000: float64, float64 
[ 2023-07-01 17:41:43,465 ] 82 root - INFO - Hypothesis ce_000: float64, float64 
[ 2023-07-01 17:41:43,472 ] 82 root - INFO - Hypothesis ci_000: float64, float64 
[ 2023-07-01 17:41:43,479 ] 82 root - INFO - Hypothesis cj_000: float64, float64 
[ 2023-07-01 17:41:43,483 ] 82 root - INFO - Hypothesis ck_000: float64, float64 
[ 2023-07-01 17:41:43,490 ] 82 root - INFO - Hypothesis cl_000: float64, float64 
[ 2023-07-01 17:41:43,494 ] 82 root - INFO - Hypothesis cm_000: float64, float64 
[ 2023-07-01 17:41:43,499 ] 82 root - INFO - Hypothesis cn_000: float64, float64 
[ 2023-07-01 17:41:43,514 ] 82 root - INFO - Hypothesis cn_001: float64, float64 
[ 2023-07-01 17:41:43,518 ] 82 root - INFO - Hypothesis cn_002: float64, float64 
[ 2023-07-01 17:41:43,523 ] 82 root - INFO - Hypothesis cn_003: float64, float64 
[ 2023-07-01 17:41:43,530 ] 82 root - INFO - Hypothesis cn_004: float64, float64 
[ 2023-07-01 17:41:43,537 ] 82 root - INFO - Hypothesis cn_005: float64, float64 
[ 2023-07-01 17:41:43,544 ] 82 root - INFO - Hypothesis cn_006: float64, float64 
[ 2023-07-01 17:41:43,551 ] 82 root - INFO - Hypothesis cn_007: float64, float64 
[ 2023-07-01 17:41:43,558 ] 82 root - INFO - Hypothesis cn_008: float64, float64 
[ 2023-07-01 17:41:43,564 ] 82 root - INFO - Hypothesis cn_009: float64, float64 
[ 2023-07-01 17:41:43,569 ] 82 root - INFO - Hypothesis cp_000: float64, float64 
[ 2023-07-01 17:41:43,574 ] 82 root - INFO - Hypothesis cq_000: float64, float64 
[ 2023-07-01 17:41:43,581 ] 82 root - INFO - Hypothesis cs_000: float64, float64 
[ 2023-07-01 17:41:43,588 ] 82 root - INFO - Hypothesis cs_001: float64, float64 
[ 2023-07-01 17:41:43,594 ] 82 root - INFO - Hypothesis cs_002: float64, float64 
[ 2023-07-01 17:41:43,601 ] 82 root - INFO - Hypothesis cs_003: float64, float64 
[ 2023-07-01 17:41:43,608 ] 82 root - INFO - Hypothesis cs_004: float64, float64 
[ 2023-07-01 17:41:43,615 ] 82 root - INFO - Hypothesis cs_005: float64, float64 
[ 2023-07-01 17:41:43,622 ] 82 root - INFO - Hypothesis cs_006: float64, float64 
[ 2023-07-01 17:41:43,629 ] 82 root - INFO - Hypothesis cs_007: float64, float64 
[ 2023-07-01 17:41:43,638 ] 82 root - INFO - Hypothesis cs_008: float64, float64 
[ 2023-07-01 17:41:43,643 ] 82 root - INFO - Hypothesis cs_009: float64, float64 
[ 2023-07-01 17:41:43,659 ] 82 root - INFO - Hypothesis dd_000: float64, float64 
[ 2023-07-01 17:41:43,665 ] 82 root - INFO - Hypothesis de_000: float64, float64 
[ 2023-07-01 17:41:43,671 ] 82 root - INFO - Hypothesis df_000: float64, float64 
[ 2023-07-01 17:41:43,674 ] 82 root - INFO - Hypothesis dg_000: float64, float64 
[ 2023-07-01 17:41:43,677 ] 82 root - INFO - Hypothesis dh_000: float64, float64 
[ 2023-07-01 17:41:43,681 ] 82 root - INFO - Hypothesis di_000: float64, float64 
[ 2023-07-01 17:41:43,685 ] 82 root - INFO - Hypothesis dj_000: float64, float64 
[ 2023-07-01 17:41:43,700 ] 82 root - INFO - Hypothesis dk_000: float64, float64 
[ 2023-07-01 17:41:43,703 ] 82 root - INFO - Hypothesis dl_000: float64, float64 
[ 2023-07-01 17:41:43,719 ] 82 root - INFO - Hypothesis dm_000: float64, float64 
[ 2023-07-01 17:41:43,735 ] 82 root - INFO - Hypothesis dn_000: float64, float64 
[ 2023-07-01 17:41:43,742 ] 82 root - INFO - Hypothesis do_000: float64, float64 
[ 2023-07-01 17:41:43,748 ] 82 root - INFO - Hypothesis dp_000: float64, float64 
[ 2023-07-01 17:41:43,754 ] 82 root - INFO - Hypothesis dq_000: float64, float64 
[ 2023-07-01 17:41:43,759 ] 82 root - INFO - Hypothesis dr_000: float64, float64 
[ 2023-07-01 17:41:43,763 ] 82 root - INFO - Hypothesis ds_000: float64, float64 
[ 2023-07-01 17:41:43,770 ] 82 root - INFO - Hypothesis dt_000: float64, float64 
[ 2023-07-01 17:41:43,777 ] 82 root - INFO - Hypothesis du_000: float64, float64 
[ 2023-07-01 17:41:43,783 ] 82 root - INFO - Hypothesis dv_000: float64, float64 
[ 2023-07-01 17:41:43,790 ] 82 root - INFO - Hypothesis dx_000: float64, float64 
[ 2023-07-01 17:41:43,795 ] 82 root - INFO - Hypothesis dy_000: float64, float64 
[ 2023-07-01 17:41:43,800 ] 82 root - INFO - Hypothesis dz_000: float64, float64 
[ 2023-07-01 17:41:43,815 ] 82 root - INFO - Hypothesis ea_000: float64, float64 
[ 2023-07-01 17:41:43,831 ] 82 root - INFO - Hypothesis eb_000: float64, float64 
[ 2023-07-01 17:41:43,836 ] 82 root - INFO - Hypothesis ec_00: float64, float64 
[ 2023-07-01 17:41:43,843 ] 82 root - INFO - Hypothesis ed_000: float64, float64 
[ 2023-07-01 17:41:43,849 ] 82 root - INFO - Hypothesis ee_000: float64, float64 
[ 2023-07-01 17:41:43,856 ] 82 root - INFO - Hypothesis ee_001: float64, float64 
[ 2023-07-01 17:41:43,863 ] 82 root - INFO - Hypothesis ee_002: float64, float64 
[ 2023-07-01 17:41:43,871 ] 82 root - INFO - Hypothesis ee_003: float64, float64 
[ 2023-07-01 17:41:43,877 ] 82 root - INFO - Hypothesis ee_004: float64, float64 
[ 2023-07-01 17:41:43,884 ] 82 root - INFO - Hypothesis ee_005: float64, float64 
[ 2023-07-01 17:41:43,891 ] 82 root - INFO - Hypothesis ee_006: float64, float64 
[ 2023-07-01 17:41:43,897 ] 82 root - INFO - Hypothesis ee_007: float64, float64 
[ 2023-07-01 17:41:43,904 ] 82 root - INFO - Hypothesis ee_008: float64, float64 
[ 2023-07-01 17:41:43,910 ] 82 root - INFO - Hypothesis ee_009: float64, float64 
[ 2023-07-01 17:41:43,915 ] 82 root - INFO - Hypothesis ef_000: float64, float64 
[ 2023-07-01 17:41:43,930 ] 82 root - INFO - Hypothesis eg_000: float64, float64 
[ 2023-07-01 17:41:44,015 ] 144 root - INFO - Data validation artifact: DataValidationArtifact(report_file_path='/config/workspace/artifact/07012023__174125/data_validation/report.yaml')
