[ 2023-07-01 17:39:32,734 ] 15 root - INFO - >>>>>>>>>>>>>>>>>>>>>>>>>>>>>>>>>>>>>>>> Data Ingestion <<<<<<<<<<<<<<<<<<<<<<<<<<<<<<<<<<<<<<<<
[ 2023-07-01 17:39:32,734 ] 22 root - INFO - Exporting collection data as pandas dataframe
[ 2023-07-01 17:39:32,734 ] 21 root - INFO - Reading data from database: aps and collection: sensor
[ 2023-07-01 17:39:38,716 ] 23 root - INFO - Found columns: Index(['_id', 'class', 'aa_000', 'ab_000', 'ac_000', 'ad_000', 'ae_000',
       'af_000', 'ag_000', 'ag_001',
       ...
       'ee_002', 'ee_003', 'ee_004', 'ee_005', 'ee_006', 'ee_007', 'ee_008',
       'ee_009', 'ef_000', 'eg_000'],
      dtype='object', length=172)
[ 2023-07-01 17:39:38,717 ] 25 root - INFO - Dropping column: _id 
[ 2023-07-01 17:39:38,972 ] 27 root - INFO - Row and columns in df: (36188, 171)
[ 2023-07-01 17:39:38,972 ] 28 root - INFO - Save data in feature store
[ 2023-07-01 17:39:41,174 ] 34 root - INFO - Create feature store folder if not available
[ 2023-07-01 17:39:41,174 ] 38 root - INFO - Save df to feature store folder
[ 2023-07-01 17:39:43,152 ] 43 root - INFO - split dataset into train and test set
[ 2023-07-01 17:39:43,575 ] 47 root - INFO - create dataset directory folder if not available
[ 2023-07-01 17:39:43,576 ] 52 root - INFO - Save df to feature store folder
[ 2023-07-01 17:39:45,479 ] 64 root - INFO - Data ingestion artifact: DataIngestionArtifact(feature_store_file_path='/config/workspace/artifact/07012023__173932/data_ingestion/feature_store/sensor.csv', train_file_path='/config/workspace/artifact/07012023__173932/data_ingestion/dataset/train.csv', test_file_path='/config/workspace/artifact/07012023__173932/data_ingestion/dataset/test.csv')
[ 2023-07-01 17:39:45,956 ] 17 root - INFO - >>>>>>>>>>>>>>>>>>>>>>>>>>>>>>>>>>>>>>>> Data Validation<<<<<<<<<<<<<<<<<<<<<<<<<<<<<<<<<<<<<<<<
[ 2023-07-01 17:39:45,957 ] 104 root - INFO - Reading base dataframe
[ 2023-07-01 17:39:48,254 ] 108 root - INFO - Replace na value in base df
[ 2023-07-01 17:39:48,254 ] 110 root - INFO - Drop null values colums from base df
[ 2023-07-01 17:39:48,479 ] 38 root - INFO - selecting column name which contains null above to 0.2
[ 2023-07-01 17:39:48,479 ] 41 root - INFO - Columns to drop: ['ab_000', 'ad_000', 'bk_000', 'bl_000', 'bm_000', 'bn_000', 'bo_000', 'bp_000', 'bq_000', 'br_000', 'cf_000', 'cg_000', 'ch_000', 'co_000', 'cr_000', 'ct_000', 'cu_000', 'cv_000', 'cx_000', 'cy_000', 'cz_000', 'da_000', 'db_000', 'dc_000']
[ 2023-07-01 17:39:48,562 ] 113 root - INFO - Reading train dataframe
[ 2023-07-01 17:39:48,958 ] 115 root - INFO - Reading test dataframe
[ 2023-07-01 17:39:49,064 ] 118 root - INFO - Drop null values colums from train df
[ 2023-07-01 17:39:49,072 ] 38 root - INFO - selecting column name which contains null above to 0.2
[ 2023-07-01 17:39:49,072 ] 41 root - INFO - Columns to drop: ['ab_000', 'ad_000', 'bk_000', 'bl_000', 'bm_000', 'bn_000', 'bo_000', 'bp_000', 'bq_000', 'br_000', 'cf_000', 'cg_000', 'ch_000', 'co_000', 'cr_000', 'ct_000', 'cu_000', 'cv_000', 'cx_000', 'cy_000', 'cz_000', 'da_000', 'db_000', 'dc_000']
[ 2023-07-01 17:39:49,081 ] 120 root - INFO - Drop null values colums from test df
[ 2023-07-01 17:39:49,084 ] 38 root - INFO - selecting column name which contains null above to 0.2
[ 2023-07-01 17:39:49,085 ] 41 root - INFO - Columns to drop: ['ab_000', 'ad_000', 'bk_000', 'bl_000', 'bm_000', 'bn_000', 'bo_000', 'bp_000', 'bq_000', 'br_000', 'cf_000', 'cg_000', 'ch_000', 'co_000', 'cr_000', 'ct_000', 'cu_000', 'cv_000', 'cx_000', 'cy_000', 'cz_000', 'da_000', 'db_000', 'dc_000']
[ 2023-07-01 17:39:49,859 ] 128 root - INFO - Is all required columns present in train df
[ 2023-07-01 17:39:49,859 ] 130 root - INFO - Is all required columns present in test df
[ 2023-07-01 17:39:49,859 ] 134 root - INFO - As all column are available in train df hence detecting data drift
[ 2023-07-01 17:39:49,860 ] 82 root - INFO - Hypothesis class: object, object 
[ 2023-07-01 17:39:49,998 ] 82 root - INFO - Hypothesis aa_000: float64, float64 
[ 2023-07-01 17:39:50,009 ] 82 root - INFO - Hypothesis ac_000: float64, float64 
[ 2023-07-01 17:39:50,049 ] 82 root - INFO - Hypothesis ae_000: float64, float64 
[ 2023-07-01 17:39:50,086 ] 82 root - INFO - Hypothesis af_000: float64, float64 
[ 2023-07-01 17:39:50,122 ] 82 root - INFO - Hypothesis ag_000: float64, float64 
[ 2023-07-01 17:39:50,158 ] 82 root - INFO - Hypothesis ag_001: float64, float64 
[ 2023-07-01 17:39:50,194 ] 82 root - INFO - Hypothesis ag_002: float64, float64 
[ 2023-07-01 17:39:50,231 ] 82 root - INFO - Hypothesis ag_003: float64, float64 
[ 2023-07-01 17:39:50,238 ] 82 root - INFO - Hypothesis ag_004: float64, float64 
[ 2023-07-01 17:39:50,248 ] 82 root - INFO - Hypothesis ag_005: float64, float64 
[ 2023-07-01 17:39:50,258 ] 82 root - INFO - Hypothesis ag_006: float64, float64 
[ 2023-07-01 17:39:50,269 ] 82 root - INFO - Hypothesis ag_007: float64, float64 
[ 2023-07-01 17:39:50,278 ] 82 root - INFO - Hypothesis ag_008: float64, float64 
[ 2023-07-01 17:39:50,287 ] 82 root - INFO - Hypothesis ag_009: float64, float64 
[ 2023-07-01 17:39:50,293 ] 82 root - INFO - Hypothesis ah_000: float64, float64 
[ 2023-07-01 17:39:50,304 ] 82 root - INFO - Hypothesis ai_000: float64, float64 
[ 2023-07-01 17:39:50,344 ] 82 root - INFO - Hypothesis aj_000: float64, float64 
[ 2023-07-01 17:39:50,351 ] 82 root - INFO - Hypothesis ak_000: float64, float64 
[ 2023-07-01 17:39:50,389 ] 82 root - INFO - Hypothesis al_000: float64, float64 
[ 2023-07-01 17:39:50,397 ] 82 root - INFO - Hypothesis am_0: float64, float64 
[ 2023-07-01 17:39:50,404 ] 82 root - INFO - Hypothesis an_000: float64, float64 
[ 2023-07-01 17:39:50,414 ] 82 root - INFO - Hypothesis ao_000: float64, float64 
[ 2023-07-01 17:39:50,425 ] 82 root - INFO - Hypothesis ap_000: float64, float64 
[ 2023-07-01 17:39:50,435 ] 82 root - INFO - Hypothesis aq_000: float64, float64 
[ 2023-07-01 17:39:50,446 ] 82 root - INFO - Hypothesis ar_000: float64, float64 
[ 2023-07-01 17:39:50,483 ] 82 root - INFO - Hypothesis as_000: float64, float64 
[ 2023-07-01 17:39:50,518 ] 82 root - INFO - Hypothesis at_000: float64, float64 
[ 2023-07-01 17:39:50,556 ] 82 root - INFO - Hypothesis au_000: float64, float64 
[ 2023-07-01 17:39:50,592 ] 82 root - INFO - Hypothesis av_000: float64, float64 
[ 2023-07-01 17:39:50,601 ] 82 root - INFO - Hypothesis ax_000: float64, float64 
[ 2023-07-01 17:39:50,609 ] 82 root - INFO - Hypothesis ay_000: float64, float64 
[ 2023-07-01 17:39:50,644 ] 82 root - INFO - Hypothesis ay_001: float64, float64 
[ 2023-07-01 17:39:50,680 ] 82 root - INFO - Hypothesis ay_002: float64, float64 
[ 2023-07-01 17:39:50,715 ] 82 root - INFO - Hypothesis ay_003: float64, float64 
[ 2023-07-01 17:39:50,751 ] 82 root - INFO - Hypothesis ay_004: float64, float64 
[ 2023-07-01 17:39:50,787 ] 82 root - INFO - Hypothesis ay_005: float64, float64 
[ 2023-07-01 17:39:50,827 ] 82 root - INFO - Hypothesis ay_006: float64, float64 
[ 2023-07-01 17:39:50,837 ] 82 root - INFO - Hypothesis ay_007: float64, float64 
[ 2023-07-01 17:39:50,847 ] 82 root - INFO - Hypothesis ay_008: float64, float64 
[ 2023-07-01 17:39:50,857 ] 82 root - INFO - Hypothesis ay_009: float64, float64 
[ 2023-07-01 17:39:50,893 ] 82 root - INFO - Hypothesis az_000: float64, float64 
[ 2023-07-01 17:39:50,903 ] 82 root - INFO - Hypothesis az_001: float64, float64 
[ 2023-07-01 17:39:50,912 ] 82 root - INFO - Hypothesis az_002: float64, float64 
[ 2023-07-01 17:39:50,922 ] 82 root - INFO - Hypothesis az_003: float64, float64 
[ 2023-07-01 17:39:50,932 ] 82 root - INFO - Hypothesis az_004: float64, float64 
[ 2023-07-01 17:39:50,942 ] 82 root - INFO - Hypothesis az_005: float64, float64 
[ 2023-07-01 17:39:50,952 ] 82 root - INFO - Hypothesis az_006: float64, float64 
[ 2023-07-01 17:39:50,993 ] 82 root - INFO - Hypothesis az_007: float64, float64 
[ 2023-07-01 17:39:51,031 ] 82 root - INFO - Hypothesis az_008: float64, float64 
[ 2023-07-01 17:39:51,068 ] 82 root - INFO - Hypothesis az_009: float64, float64 
[ 2023-07-01 17:39:51,105 ] 82 root - INFO - Hypothesis ba_000: float64, float64 
[ 2023-07-01 17:39:51,115 ] 82 root - INFO - Hypothesis ba_001: float64, float64 
[ 2023-07-01 17:39:51,126 ] 82 root - INFO - Hypothesis ba_002: float64, float64 
[ 2023-07-01 17:39:51,136 ] 82 root - INFO - Hypothesis ba_003: float64, float64 
[ 2023-07-01 17:39:51,146 ] 82 root - INFO - Hypothesis ba_004: float64, float64 
[ 2023-07-01 17:39:51,157 ] 82 root - INFO - Hypothesis ba_005: float64, float64 
[ 2023-07-01 17:39:51,167 ] 82 root - INFO - Hypothesis ba_006: float64, float64 
[ 2023-07-01 17:39:51,177 ] 82 root - INFO - Hypothesis ba_007: float64, float64 
[ 2023-07-01 17:39:51,189 ] 82 root - INFO - Hypothesis ba_008: float64, float64 
[ 2023-07-01 17:39:51,230 ] 82 root - INFO - Hypothesis ba_009: float64, float64 
[ 2023-07-01 17:39:51,268 ] 82 root - INFO - Hypothesis bb_000: float64, float64 
[ 2023-07-01 17:39:51,279 ] 82 root - INFO - Hypothesis bc_000: float64, float64 
[ 2023-07-01 17:39:51,319 ] 82 root - INFO - Hypothesis bd_000: float64, float64 
[ 2023-07-01 17:39:51,327 ] 82 root - INFO - Hypothesis be_000: float64, float64 
[ 2023-07-01 17:39:51,336 ] 82 root - INFO - Hypothesis bf_000: float64, float64 
[ 2023-07-01 17:39:51,343 ] 82 root - INFO - Hypothesis bg_000: float64, float64 
[ 2023-07-01 17:39:51,353 ] 82 root - INFO - Hypothesis bh_000: float64, float64 
[ 2023-07-01 17:39:51,364 ] 82 root - INFO - Hypothesis bi_000: float64, float64 
[ 2023-07-01 17:39:51,375 ] 82 root - INFO - Hypothesis bj_000: float64, float64 
[ 2023-07-01 17:39:51,386 ] 82 root - INFO - Hypothesis bs_000: float64, float64 
[ 2023-07-01 17:39:51,397 ] 82 root - INFO - Hypothesis bt_000: float64, float64 
[ 2023-07-01 17:39:51,409 ] 82 root - INFO - Hypothesis bu_000: float64, float64 
[ 2023-07-01 17:39:51,420 ] 82 root - INFO - Hypothesis bv_000: float64, float64 
[ 2023-07-01 17:39:51,431 ] 82 root - INFO - Hypothesis bx_000: float64, float64 
[ 2023-07-01 17:39:51,441 ] 82 root - INFO - Hypothesis by_000: float64, float64 
[ 2023-07-01 17:39:51,451 ] 82 root - INFO - Hypothesis bz_000: float64, float64 
[ 2023-07-01 17:39:51,460 ] 82 root - INFO - Hypothesis ca_000: float64, float64 
[ 2023-07-01 17:39:51,471 ] 82 root - INFO - Hypothesis cb_000: float64, float64 
[ 2023-07-01 17:39:51,482 ] 82 root - INFO - Hypothesis cc_000: float64, float64 
[ 2023-07-01 17:39:51,493 ] 82 root - INFO - Hypothesis cd_000: float64, float64 
[ 2023-07-01 17:39:51,530 ] 82 root - INFO - Hypothesis ce_000: float64, float64 
[ 2023-07-01 17:39:51,540 ] 82 root - INFO - Hypothesis ci_000: float64, float64 
[ 2023-07-01 17:39:51,550 ] 82 root - INFO - Hypothesis cj_000: float64, float64 
[ 2023-07-01 17:39:51,588 ] 82 root - INFO - Hypothesis ck_000: float64, float64 
[ 2023-07-01 17:39:51,599 ] 82 root - INFO - Hypothesis cl_000: float64, float64 
[ 2023-07-01 17:39:51,605 ] 82 root - INFO - Hypothesis cm_000: float64, float64 
[ 2023-07-01 17:39:51,612 ] 82 root - INFO - Hypothesis cn_000: float64, float64 
[ 2023-07-01 17:39:51,649 ] 82 root - INFO - Hypothesis cn_001: float64, float64 
[ 2023-07-01 17:39:51,688 ] 82 root - INFO - Hypothesis cn_002: float64, float64 
[ 2023-07-01 17:39:51,696 ] 82 root - INFO - Hypothesis cn_003: float64, float64 
[ 2023-07-01 17:39:51,706 ] 82 root - INFO - Hypothesis cn_004: float64, float64 
[ 2023-07-01 17:39:51,717 ] 82 root - INFO - Hypothesis cn_005: float64, float64 
[ 2023-07-01 17:39:51,727 ] 82 root - INFO - Hypothesis cn_006: float64, float64 
[ 2023-07-01 17:39:51,737 ] 82 root - INFO - Hypothesis cn_007: float64, float64 
[ 2023-07-01 17:39:51,748 ] 82 root - INFO - Hypothesis cn_008: float64, float64 
[ 2023-07-01 17:39:51,757 ] 82 root - INFO - Hypothesis cn_009: float64, float64 
[ 2023-07-01 17:39:51,798 ] 82 root - INFO - Hypothesis cp_000: float64, float64 
[ 2023-07-01 17:39:51,838 ] 82 root - INFO - Hypothesis cq_000: float64, float64 
[ 2023-07-01 17:39:51,849 ] 82 root - INFO - Hypothesis cs_000: float64, float64 
[ 2023-07-01 17:39:51,859 ] 82 root - INFO - Hypothesis cs_001: float64, float64 
[ 2023-07-01 17:39:51,868 ] 82 root - INFO - Hypothesis cs_002: float64, float64 
[ 2023-07-01 17:39:51,878 ] 82 root - INFO - Hypothesis cs_003: float64, float64 
[ 2023-07-01 17:39:51,888 ] 82 root - INFO - Hypothesis cs_004: float64, float64 
[ 2023-07-01 17:39:51,899 ] 82 root - INFO - Hypothesis cs_005: float64, float64 
[ 2023-07-01 17:39:51,910 ] 82 root - INFO - Hypothesis cs_006: float64, float64 
[ 2023-07-01 17:39:51,920 ] 82 root - INFO - Hypothesis cs_007: float64, float64 
[ 2023-07-01 17:39:51,931 ] 82 root - INFO - Hypothesis cs_008: float64, float64 
[ 2023-07-01 17:39:51,974 ] 82 root - INFO - Hypothesis cs_009: float64, float64 
[ 2023-07-01 17:39:52,010 ] 82 root - INFO - Hypothesis dd_000: float64, float64 
[ 2023-07-01 17:39:52,020 ] 82 root - INFO - Hypothesis de_000: float64, float64 
[ 2023-07-01 17:39:52,029 ] 82 root - INFO - Hypothesis df_000: float64, float64 
[ 2023-07-01 17:39:52,067 ] 82 root - INFO - Hypothesis dg_000: float64, float64 
[ 2023-07-01 17:39:52,105 ] 82 root - INFO - Hypothesis dh_000: float64, float64 
[ 2023-07-01 17:39:52,110 ] 82 root - INFO - Hypothesis di_000: float64, float64 
[ 2023-07-01 17:39:52,150 ] 82 root - INFO - Hypothesis dj_000: float64, float64 
[ 2023-07-01 17:39:52,188 ] 82 root - INFO - Hypothesis dk_000: float64, float64 
[ 2023-07-01 17:39:52,227 ] 82 root - INFO - Hypothesis dl_000: float64, float64 
[ 2023-07-01 17:39:52,264 ] 82 root - INFO - Hypothesis dm_000: float64, float64 
[ 2023-07-01 17:39:52,301 ] 82 root - INFO - Hypothesis dn_000: float64, float64 
[ 2023-07-01 17:39:52,312 ] 82 root - INFO - Hypothesis do_000: float64, float64 
[ 2023-07-01 17:39:52,321 ] 82 root - INFO - Hypothesis dp_000: float64, float64 
[ 2023-07-01 17:39:52,330 ] 82 root - INFO - Hypothesis dq_000: float64, float64 
[ 2023-07-01 17:39:52,369 ] 82 root - INFO - Hypothesis dr_000: float64, float64 
[ 2023-07-01 17:39:52,408 ] 82 root - INFO - Hypothesis ds_000: float64, float64 
[ 2023-07-01 17:39:52,419 ] 82 root - INFO - Hypothesis dt_000: float64, float64 
[ 2023-07-01 17:39:52,429 ] 82 root - INFO - Hypothesis du_000: float64, float64 
[ 2023-07-01 17:39:52,439 ] 82 root - INFO - Hypothesis dv_000: float64, float64 
[ 2023-07-01 17:39:52,449 ] 82 root - INFO - Hypothesis dx_000: float64, float64 
[ 2023-07-01 17:39:52,489 ] 82 root - INFO - Hypothesis dy_000: float64, float64 
[ 2023-07-01 17:39:52,528 ] 82 root - INFO - Hypothesis dz_000: float64, float64 
[ 2023-07-01 17:39:52,565 ] 82 root - INFO - Hypothesis ea_000: float64, float64 
[ 2023-07-01 17:39:52,602 ] 82 root - INFO - Hypothesis eb_000: float64, float64 
[ 2023-07-01 17:39:52,611 ] 82 root - INFO - Hypothesis ec_00: float64, float64 
[ 2023-07-01 17:39:52,621 ] 82 root - INFO - Hypothesis ed_000: float64, float64 
[ 2023-07-01 17:39:52,630 ] 82 root - INFO - Hypothesis ee_000: float64, float64 
[ 2023-07-01 17:39:52,641 ] 82 root - INFO - Hypothesis ee_001: float64, float64 
[ 2023-07-01 17:39:52,652 ] 82 root - INFO - Hypothesis ee_002: float64, float64 
[ 2023-07-01 17:39:52,662 ] 82 root - INFO - Hypothesis ee_003: float64, float64 
[ 2023-07-01 17:39:52,673 ] 82 root - INFO - Hypothesis ee_004: float64, float64 
[ 2023-07-01 17:39:52,684 ] 82 root - INFO - Hypothesis ee_005: float64, float64 
[ 2023-07-01 17:39:52,694 ] 82 root - INFO - Hypothesis ee_006: float64, float64 
[ 2023-07-01 17:39:52,704 ] 82 root - INFO - Hypothesis ee_007: float64, float64 
[ 2023-07-01 17:39:52,714 ] 82 root - INFO - Hypothesis ee_008: float64, float64 
[ 2023-07-01 17:39:52,723 ] 82 root - INFO - Hypothesis ee_009: float64, float64 
[ 2023-07-01 17:39:52,731 ] 82 root - INFO - Hypothesis ef_000: float64, float64 
[ 2023-07-01 17:39:52,767 ] 82 root - INFO - Hypothesis eg_000: float64, float64 
[ 2023-07-01 17:39:52,804 ] 137 root - INFO - As all column are available in test df hence detecting data drift
[ 2023-07-01 17:39:52,804 ] 82 root - INFO - Hypothesis class: object, object 
[ 2023-07-01 17:39:52,884 ] 82 root - INFO - Hypothesis aa_000: float64, float64 
[ 2023-07-01 17:39:52,891 ] 82 root - INFO - Hypothesis ac_000: float64, float64 
[ 2023-07-01 17:39:52,898 ] 82 root - INFO - Hypothesis ae_000: float64, float64 
[ 2023-07-01 17:39:52,914 ] 82 root - INFO - Hypothesis af_000: float64, float64 
[ 2023-07-01 17:39:52,930 ] 82 root - INFO - Hypothesis ag_000: float64, float64 
[ 2023-07-01 17:39:52,945 ] 82 root - INFO - Hypothesis ag_001: float64, float64 
[ 2023-07-01 17:39:52,960 ] 82 root - INFO - Hypothesis ag_002: float64, float64 
[ 2023-07-01 17:39:52,964 ] 82 root - INFO - Hypothesis ag_003: float64, float64 
[ 2023-07-01 17:39:52,968 ] 82 root - INFO - Hypothesis ag_004: float64, float64 
[ 2023-07-01 17:39:52,975 ] 82 root - INFO - Hypothesis ag_005: float64, float64 
[ 2023-07-01 17:39:52,982 ] 82 root - INFO - Hypothesis ag_006: float64, float64 
[ 2023-07-01 17:39:52,990 ] 82 root - INFO - Hypothesis ag_007: float64, float64 
[ 2023-07-01 17:39:52,997 ] 82 root - INFO - Hypothesis ag_008: float64, float64 
[ 2023-07-01 17:39:53,003 ] 82 root - INFO - Hypothesis ag_009: float64, float64 
[ 2023-07-01 17:39:53,008 ] 82 root - INFO - Hypothesis ah_000: float64, float64 
[ 2023-07-01 17:39:53,016 ] 82 root - INFO - Hypothesis ai_000: float64, float64 
[ 2023-07-01 17:39:53,019 ] 82 root - INFO - Hypothesis aj_000: float64, float64 
[ 2023-07-01 17:39:53,023 ] 82 root - INFO - Hypothesis ak_000: float64, float64 
[ 2023-07-01 17:39:53,027 ] 82 root - INFO - Hypothesis al_000: float64, float64 
[ 2023-07-01 17:39:53,032 ] 82 root - INFO - Hypothesis am_0: float64, float64 
[ 2023-07-01 17:39:53,037 ] 82 root - INFO - Hypothesis an_000: float64, float64 
[ 2023-07-01 17:39:53,045 ] 82 root - INFO - Hypothesis ao_000: float64, float64 
[ 2023-07-01 17:39:53,052 ] 82 root - INFO - Hypothesis ap_000: float64, float64 
[ 2023-07-01 17:39:53,059 ] 82 root - INFO - Hypothesis aq_000: float64, float64 
[ 2023-07-01 17:39:53,067 ] 82 root - INFO - Hypothesis ar_000: float64, float64 
[ 2023-07-01 17:39:53,083 ] 82 root - INFO - Hypothesis as_000: float64, float64 
[ 2023-07-01 17:39:53,099 ] 82 root - INFO - Hypothesis at_000: float64, float64 
[ 2023-07-01 17:39:53,115 ] 82 root - INFO - Hypothesis au_000: float64, float64 
[ 2023-07-01 17:39:53,130 ] 82 root - INFO - Hypothesis av_000: float64, float64 
[ 2023-07-01 17:39:53,136 ] 82 root - INFO - Hypothesis ax_000: float64, float64 
[ 2023-07-01 17:39:53,141 ] 82 root - INFO - Hypothesis ay_000: float64, float64 
[ 2023-07-01 17:39:53,157 ] 82 root - INFO - Hypothesis ay_001: float64, float64 
[ 2023-07-01 17:39:53,172 ] 82 root - INFO - Hypothesis ay_002: float64, float64 
[ 2023-07-01 17:39:53,188 ] 82 root - INFO - Hypothesis ay_003: float64, float64 
[ 2023-07-01 17:39:53,203 ] 82 root - INFO - Hypothesis ay_004: float64, float64 
[ 2023-07-01 17:39:53,218 ] 82 root - INFO - Hypothesis ay_005: float64, float64 
[ 2023-07-01 17:39:53,224 ] 82 root - INFO - Hypothesis ay_006: float64, float64 
[ 2023-07-01 17:39:53,230 ] 82 root - INFO - Hypothesis ay_007: float64, float64 
[ 2023-07-01 17:39:53,237 ] 82 root - INFO - Hypothesis ay_008: float64, float64 
[ 2023-07-01 17:39:53,244 ] 82 root - INFO - Hypothesis ay_009: float64, float64 
[ 2023-07-01 17:39:53,259 ] 82 root - INFO - Hypothesis az_000: float64, float64 
[ 2023-07-01 17:39:53,266 ] 82 root - INFO - Hypothesis az_001: float64, float64 
[ 2023-07-01 17:39:53,272 ] 82 root - INFO - Hypothesis az_002: float64, float64 
[ 2023-07-01 17:39:53,279 ] 82 root - INFO - Hypothesis az_003: float64, float64 
[ 2023-07-01 17:39:53,288 ] 82 root - INFO - Hypothesis az_004: float64, float64 
[ 2023-07-01 17:39:53,296 ] 82 root - INFO - Hypothesis az_005: float64, float64 
[ 2023-07-01 17:39:53,304 ] 82 root - INFO - Hypothesis az_006: float64, float64 
[ 2023-07-01 17:39:53,310 ] 82 root - INFO - Hypothesis az_007: float64, float64 
[ 2023-07-01 17:39:53,315 ] 82 root - INFO - Hypothesis az_008: float64, float64 
[ 2023-07-01 17:39:53,331 ] 82 root - INFO - Hypothesis az_009: float64, float64 
[ 2023-07-01 17:39:53,347 ] 82 root - INFO - Hypothesis ba_000: float64, float64 
[ 2023-07-01 17:39:53,354 ] 82 root - INFO - Hypothesis ba_001: float64, float64 
[ 2023-07-01 17:39:53,361 ] 82 root - INFO - Hypothesis ba_002: float64, float64 
[ 2023-07-01 17:39:53,368 ] 82 root - INFO - Hypothesis ba_003: float64, float64 
[ 2023-07-01 17:39:53,375 ] 82 root - INFO - Hypothesis ba_004: float64, float64 
[ 2023-07-01 17:39:53,383 ] 82 root - INFO - Hypothesis ba_005: float64, float64 
[ 2023-07-01 17:39:53,390 ] 82 root - INFO - Hypothesis ba_006: float64, float64 
[ 2023-07-01 17:39:53,396 ] 82 root - INFO - Hypothesis ba_007: float64, float64 
[ 2023-07-01 17:39:53,403 ] 82 root - INFO - Hypothesis ba_008: float64, float64 
[ 2023-07-01 17:39:53,409 ] 82 root - INFO - Hypothesis ba_009: float64, float64 
[ 2023-07-01 17:39:53,413 ] 82 root - INFO - Hypothesis bb_000: float64, float64 
[ 2023-07-01 17:39:53,420 ] 82 root - INFO - Hypothesis bc_000: float64, float64 
[ 2023-07-01 17:39:53,426 ] 82 root - INFO - Hypothesis bd_000: float64, float64 
[ 2023-07-01 17:39:53,431 ] 82 root - INFO - Hypothesis be_000: float64, float64 
[ 2023-07-01 17:39:53,437 ] 82 root - INFO - Hypothesis bf_000: float64, float64 
[ 2023-07-01 17:39:53,442 ] 82 root - INFO - Hypothesis bg_000: float64, float64 
[ 2023-07-01 17:39:53,450 ] 82 root - INFO - Hypothesis bh_000: float64, float64 
[ 2023-07-01 17:39:53,457 ] 82 root - INFO - Hypothesis bi_000: float64, float64 
[ 2023-07-01 17:39:53,464 ] 82 root - INFO - Hypothesis bj_000: float64, float64 
[ 2023-07-01 17:39:53,471 ] 82 root - INFO - Hypothesis bs_000: float64, float64 
[ 2023-07-01 17:39:53,478 ] 82 root - INFO - Hypothesis bt_000: float64, float64 
[ 2023-07-01 17:39:53,486 ] 82 root - INFO - Hypothesis bu_000: float64, float64 
[ 2023-07-01 17:39:53,493 ] 82 root - INFO - Hypothesis bv_000: float64, float64 
[ 2023-07-01 17:39:53,500 ] 82 root - INFO - Hypothesis bx_000: float64, float64 
[ 2023-07-01 17:39:53,507 ] 82 root - INFO - Hypothesis by_000: float64, float64 
[ 2023-07-01 17:39:53,515 ] 82 root - INFO - Hypothesis bz_000: float64, float64 
[ 2023-07-01 17:39:53,521 ] 82 root - INFO - Hypothesis ca_000: float64, float64 
[ 2023-07-01 17:39:53,528 ] 82 root - INFO - Hypothesis cb_000: float64, float64 
[ 2023-07-01 17:39:53,536 ] 82 root - INFO - Hypothesis cc_000: float64, float64 
[ 2023-07-01 17:39:53,543 ] 82 root - INFO - Hypothesis cd_000: float64, float64 
[ 2023-07-01 17:39:53,559 ] 82 root - INFO - Hypothesis ce_000: float64, float64 
[ 2023-07-01 17:39:53,566 ] 82 root - INFO - Hypothesis ci_000: float64, float64 
[ 2023-07-01 17:39:53,573 ] 82 root - INFO - Hypothesis cj_000: float64, float64 
[ 2023-07-01 17:39:53,577 ] 82 root - INFO - Hypothesis ck_000: float64, float64 
[ 2023-07-01 17:39:53,585 ] 82 root - INFO - Hypothesis cl_000: float64, float64 
[ 2023-07-01 17:39:53,589 ] 82 root - INFO - Hypothesis cm_000: float64, float64 
[ 2023-07-01 17:39:53,594 ] 82 root - INFO - Hypothesis cn_000: float64, float64 
[ 2023-07-01 17:39:53,610 ] 82 root - INFO - Hypothesis cn_001: float64, float64 
[ 2023-07-01 17:39:53,614 ] 82 root - INFO - Hypothesis cn_002: float64, float64 
[ 2023-07-01 17:39:53,619 ] 82 root - INFO - Hypothesis cn_003: float64, float64 
[ 2023-07-01 17:39:53,627 ] 82 root - INFO - Hypothesis cn_004: float64, float64 
[ 2023-07-01 17:39:53,634 ] 82 root - INFO - Hypothesis cn_005: float64, float64 
[ 2023-07-01 17:39:53,641 ] 82 root - INFO - Hypothesis cn_006: float64, float64 
[ 2023-07-01 17:39:53,648 ] 82 root - INFO - Hypothesis cn_007: float64, float64 
[ 2023-07-01 17:39:53,654 ] 82 root - INFO - Hypothesis cn_008: float64, float64 
[ 2023-07-01 17:39:53,661 ] 82 root - INFO - Hypothesis cn_009: float64, float64 
[ 2023-07-01 17:39:53,666 ] 82 root - INFO - Hypothesis cp_000: float64, float64 
[ 2023-07-01 17:39:53,671 ] 82 root - INFO - Hypothesis cq_000: float64, float64 
[ 2023-07-01 17:39:53,678 ] 82 root - INFO - Hypothesis cs_000: float64, float64 
[ 2023-07-01 17:39:53,685 ] 82 root - INFO - Hypothesis cs_001: float64, float64 
[ 2023-07-01 17:39:53,691 ] 82 root - INFO - Hypothesis cs_002: float64, float64 
[ 2023-07-01 17:39:53,697 ] 82 root - INFO - Hypothesis cs_003: float64, float64 
[ 2023-07-01 17:39:53,704 ] 82 root - INFO - Hypothesis cs_004: float64, float64 
[ 2023-07-01 17:39:53,712 ] 82 root - INFO - Hypothesis cs_005: float64, float64 
[ 2023-07-01 17:39:53,719 ] 82 root - INFO - Hypothesis cs_006: float64, float64 
[ 2023-07-01 17:39:53,726 ] 82 root - INFO - Hypothesis cs_007: float64, float64 
[ 2023-07-01 17:39:53,733 ] 82 root - INFO - Hypothesis cs_008: float64, float64 
[ 2023-07-01 17:39:53,738 ] 82 root - INFO - Hypothesis cs_009: float64, float64 
[ 2023-07-01 17:39:53,753 ] 82 root - INFO - Hypothesis dd_000: float64, float64 
[ 2023-07-01 17:39:53,760 ] 82 root - INFO - Hypothesis de_000: float64, float64 
[ 2023-07-01 17:39:53,766 ] 82 root - INFO - Hypothesis df_000: float64, float64 
[ 2023-07-01 17:39:53,769 ] 82 root - INFO - Hypothesis dg_000: float64, float64 
[ 2023-07-01 17:39:53,772 ] 82 root - INFO - Hypothesis dh_000: float64, float64 
[ 2023-07-01 17:39:53,776 ] 82 root - INFO - Hypothesis di_000: float64, float64 
[ 2023-07-01 17:39:53,780 ] 82 root - INFO - Hypothesis dj_000: float64, float64 
[ 2023-07-01 17:39:53,795 ] 82 root - INFO - Hypothesis dk_000: float64, float64 
[ 2023-07-01 17:39:53,799 ] 82 root - INFO - Hypothesis dl_000: float64, float64 
[ 2023-07-01 17:39:53,817 ] 82 root - INFO - Hypothesis dm_000: float64, float64 
[ 2023-07-01 17:39:53,833 ] 82 root - INFO - Hypothesis dn_000: float64, float64 
[ 2023-07-01 17:39:53,839 ] 82 root - INFO - Hypothesis do_000: float64, float64 
[ 2023-07-01 17:39:53,846 ] 82 root - INFO - Hypothesis dp_000: float64, float64 
[ 2023-07-01 17:39:53,852 ] 82 root - INFO - Hypothesis dq_000: float64, float64 
[ 2023-07-01 17:39:53,856 ] 82 root - INFO - Hypothesis dr_000: float64, float64 
[ 2023-07-01 17:39:53,861 ] 82 root - INFO - Hypothesis ds_000: float64, float64 
[ 2023-07-01 17:39:53,867 ] 82 root - INFO - Hypothesis dt_000: float64, float64 
[ 2023-07-01 17:39:53,874 ] 82 root - INFO - Hypothesis du_000: float64, float64 
[ 2023-07-01 17:39:53,881 ] 82 root - INFO - Hypothesis dv_000: float64, float64 
[ 2023-07-01 17:39:53,888 ] 82 root - INFO - Hypothesis dx_000: float64, float64 
[ 2023-07-01 17:39:53,892 ] 82 root - INFO - Hypothesis dy_000: float64, float64 
[ 2023-07-01 17:39:53,897 ] 82 root - INFO - Hypothesis dz_000: float64, float64 
[ 2023-07-01 17:39:53,912 ] 82 root - INFO - Hypothesis ea_000: float64, float64 
[ 2023-07-01 17:39:53,929 ] 82 root - INFO - Hypothesis eb_000: float64, float64 
[ 2023-07-01 17:39:53,936 ] 82 root - INFO - Hypothesis ec_00: float64, float64 
[ 2023-07-01 17:39:53,942 ] 82 root - INFO - Hypothesis ed_000: float64, float64 
[ 2023-07-01 17:39:53,948 ] 82 root - INFO - Hypothesis ee_000: float64, float64 
[ 2023-07-01 17:39:53,956 ] 82 root - INFO - Hypothesis ee_001: float64, float64 
[ 2023-07-01 17:39:53,963 ] 82 root - INFO - Hypothesis ee_002: float64, float64 
[ 2023-07-01 17:39:53,970 ] 82 root - INFO - Hypothesis ee_003: float64, float64 
[ 2023-07-01 17:39:53,977 ] 82 root - INFO - Hypothesis ee_004: float64, float64 
[ 2023-07-01 17:39:53,983 ] 82 root - INFO - Hypothesis ee_005: float64, float64 
[ 2023-07-01 17:39:53,990 ] 82 root - INFO - Hypothesis ee_006: float64, float64 
[ 2023-07-01 17:39:53,997 ] 82 root - INFO - Hypothesis ee_007: float64, float64 
[ 2023-07-01 17:39:54,004 ] 82 root - INFO - Hypothesis ee_008: float64, float64 
[ 2023-07-01 17:39:54,010 ] 82 root - INFO - Hypothesis ee_009: float64, float64 
[ 2023-07-01 17:39:54,015 ] 82 root - INFO - Hypothesis ef_000: float64, float64 
[ 2023-07-01 17:39:54,031 ] 82 root - INFO - Hypothesis eg_000: float64, float64 
[ 2023-07-01 17:39:54,115 ] 144 root - INFO - Data validation artifact: DataValidationArtifact(report_file_path='/config/workspace/artifact/07012023__173932/data_validation/report.yaml')
