[ 2023-07-02 12:08:59,026 ] 15 root - INFO - >>>>>>>>>>>>>>>>>>>>>>>>>>>>>>>>>>>>>>>> Data Ingestion <<<<<<<<<<<<<<<<<<<<<<<<<<<<<<<<<<<<<<<<
[ 2023-07-02 12:08:59,026 ] 22 root - INFO - Exporting collection data as pandas dataframe
[ 2023-07-02 12:08:59,026 ] 21 root - INFO - Reading data from database: aps and collection: sensor
[ 2023-07-02 12:09:02,523 ] 23 root - INFO - Found columns: Index(['_id', 'class', 'aa_000', 'ab_000', 'ac_000', 'ad_000', 'ae_000',
       'af_000', 'ag_000', 'ag_001',
       ...
       'ee_002', 'ee_003', 'ee_004', 'ee_005', 'ee_006', 'ee_007', 'ee_008',
       'ee_009', 'ef_000', 'eg_000'],
      dtype='object', length=172)
[ 2023-07-02 12:09:02,523 ] 25 root - INFO - Dropping column: _id 
[ 2023-07-02 12:09:02,717 ] 27 root - INFO - Row and columns in df: (36188, 171)
[ 2023-07-02 12:09:02,717 ] 28 root - INFO - Save data in feature store
[ 2023-07-02 12:09:04,104 ] 34 root - INFO - Create feature store folder if not available
[ 2023-07-02 12:09:04,105 ] 38 root - INFO - Save df to feature store folder
[ 2023-07-02 12:09:05,955 ] 43 root - INFO - split dataset into train and test set
[ 2023-07-02 12:09:06,264 ] 47 root - INFO - create dataset directory folder if not available
[ 2023-07-02 12:09:06,265 ] 52 root - INFO - Save df to feature store folder
[ 2023-07-02 12:09:08,076 ] 64 root - INFO - Data ingestion artifact: DataIngestionArtifact(feature_store_file_path='/config/workspace/artifact/07022023__120859/data_ingestion/feature_store/sensor.csv', train_file_path='/config/workspace/artifact/07022023__120859/data_ingestion/dataset/train.csv', test_file_path='/config/workspace/artifact/07022023__120859/data_ingestion/dataset/test.csv')
[ 2023-07-02 12:09:08,459 ] 17 root - INFO - >>>>>>>>>>>>>>>>>>>>>>>>>>>>>>>>>>>>>>>> Data Validation<<<<<<<<<<<<<<<<<<<<<<<<<<<<<<<<<<<<<<<<
[ 2023-07-02 12:09:08,459 ] 104 root - INFO - Reading base dataframe
[ 2023-07-02 12:09:10,707 ] 108 root - INFO - Replace na value in base df
[ 2023-07-02 12:09:10,707 ] 110 root - INFO - Drop null values colums from base df
[ 2023-07-02 12:09:10,925 ] 38 root - INFO - selecting column name which contains null above to 0.2
[ 2023-07-02 12:09:10,926 ] 41 root - INFO - Columns to drop: ['ab_000', 'ad_000', 'bk_000', 'bl_000', 'bm_000', 'bn_000', 'bo_000', 'bp_000', 'bq_000', 'br_000', 'cf_000', 'cg_000', 'ch_000', 'co_000', 'cr_000', 'ct_000', 'cu_000', 'cv_000', 'cx_000', 'cy_000', 'cz_000', 'da_000', 'db_000', 'dc_000']
[ 2023-07-02 12:09:11,014 ] 113 root - INFO - Reading train dataframe
[ 2023-07-02 12:09:11,393 ] 115 root - INFO - Reading test dataframe
[ 2023-07-02 12:09:11,492 ] 118 root - INFO - Drop null values colums from train df
[ 2023-07-02 12:09:11,500 ] 38 root - INFO - selecting column name which contains null above to 0.2
[ 2023-07-02 12:09:11,501 ] 41 root - INFO - Columns to drop: ['ab_000', 'ad_000', 'bk_000', 'bl_000', 'bm_000', 'bn_000', 'bo_000', 'bp_000', 'bq_000', 'br_000', 'cf_000', 'cg_000', 'ch_000', 'co_000', 'cr_000', 'ct_000', 'cu_000', 'cv_000', 'cx_000', 'cy_000', 'cz_000', 'da_000', 'db_000', 'dc_000']
[ 2023-07-02 12:09:11,512 ] 120 root - INFO - Drop null values colums from test df
[ 2023-07-02 12:09:11,515 ] 38 root - INFO - selecting column name which contains null above to 0.2
[ 2023-07-02 12:09:11,516 ] 41 root - INFO - Columns to drop: ['ab_000', 'ad_000', 'bk_000', 'bl_000', 'bm_000', 'bn_000', 'bo_000', 'bp_000', 'bq_000', 'br_000', 'cf_000', 'cg_000', 'ch_000', 'co_000', 'cr_000', 'ct_000', 'cu_000', 'cv_000', 'cx_000', 'cy_000', 'cz_000', 'da_000', 'db_000', 'dc_000']
[ 2023-07-02 12:09:12,281 ] 128 root - INFO - Is all required columns present in train df
[ 2023-07-02 12:09:12,281 ] 130 root - INFO - Is all required columns present in test df
[ 2023-07-02 12:09:12,281 ] 134 root - INFO - As all column are available in train df hence detecting data drift
[ 2023-07-02 12:09:12,282 ] 82 root - INFO - Hypothesis class: object, object 
[ 2023-07-02 12:09:12,411 ] 82 root - INFO - Hypothesis aa_000: float64, float64 
[ 2023-07-02 12:09:12,422 ] 82 root - INFO - Hypothesis ac_000: float64, float64 
[ 2023-07-02 12:09:12,461 ] 82 root - INFO - Hypothesis ae_000: float64, float64 
[ 2023-07-02 12:09:12,497 ] 82 root - INFO - Hypothesis af_000: float64, float64 
[ 2023-07-02 12:09:12,533 ] 82 root - INFO - Hypothesis ag_000: float64, float64 
[ 2023-07-02 12:09:12,567 ] 82 root - INFO - Hypothesis ag_001: float64, float64 
[ 2023-07-02 12:09:12,603 ] 82 root - INFO - Hypothesis ag_002: float64, float64 
[ 2023-07-02 12:09:12,640 ] 82 root - INFO - Hypothesis ag_003: float64, float64 
[ 2023-07-02 12:09:12,646 ] 82 root - INFO - Hypothesis ag_004: float64, float64 
[ 2023-07-02 12:09:12,656 ] 82 root - INFO - Hypothesis ag_005: float64, float64 
[ 2023-07-02 12:09:12,666 ] 82 root - INFO - Hypothesis ag_006: float64, float64 
[ 2023-07-02 12:09:12,677 ] 82 root - INFO - Hypothesis ag_007: float64, float64 
[ 2023-07-02 12:09:12,686 ] 82 root - INFO - Hypothesis ag_008: float64, float64 
[ 2023-07-02 12:09:12,694 ] 82 root - INFO - Hypothesis ag_009: float64, float64 
[ 2023-07-02 12:09:12,701 ] 82 root - INFO - Hypothesis ah_000: float64, float64 
[ 2023-07-02 12:09:12,712 ] 82 root - INFO - Hypothesis ai_000: float64, float64 
[ 2023-07-02 12:09:12,748 ] 82 root - INFO - Hypothesis aj_000: float64, float64 
[ 2023-07-02 12:09:12,754 ] 82 root - INFO - Hypothesis ak_000: float64, float64 
[ 2023-07-02 12:09:12,790 ] 82 root - INFO - Hypothesis al_000: float64, float64 
[ 2023-07-02 12:09:12,798 ] 82 root - INFO - Hypothesis am_0: float64, float64 
[ 2023-07-02 12:09:12,805 ] 82 root - INFO - Hypothesis an_000: float64, float64 
[ 2023-07-02 12:09:12,815 ] 82 root - INFO - Hypothesis ao_000: float64, float64 
[ 2023-07-02 12:09:12,826 ] 82 root - INFO - Hypothesis ap_000: float64, float64 
[ 2023-07-02 12:09:12,836 ] 82 root - INFO - Hypothesis aq_000: float64, float64 
[ 2023-07-02 12:09:12,847 ] 82 root - INFO - Hypothesis ar_000: float64, float64 
[ 2023-07-02 12:09:12,883 ] 82 root - INFO - Hypothesis as_000: float64, float64 
[ 2023-07-02 12:09:12,918 ] 82 root - INFO - Hypothesis at_000: float64, float64 
[ 2023-07-02 12:09:12,955 ] 82 root - INFO - Hypothesis au_000: float64, float64 
[ 2023-07-02 12:09:12,990 ] 82 root - INFO - Hypothesis av_000: float64, float64 
[ 2023-07-02 12:09:12,999 ] 82 root - INFO - Hypothesis ax_000: float64, float64 
[ 2023-07-02 12:09:13,007 ] 82 root - INFO - Hypothesis ay_000: float64, float64 
[ 2023-07-02 12:09:13,046 ] 82 root - INFO - Hypothesis ay_001: float64, float64 
[ 2023-07-02 12:09:13,082 ] 82 root - INFO - Hypothesis ay_002: float64, float64 
[ 2023-07-02 12:09:13,118 ] 82 root - INFO - Hypothesis ay_003: float64, float64 
[ 2023-07-02 12:09:13,153 ] 82 root - INFO - Hypothesis ay_004: float64, float64 
[ 2023-07-02 12:09:13,189 ] 82 root - INFO - Hypothesis ay_005: float64, float64 
[ 2023-07-02 12:09:13,229 ] 82 root - INFO - Hypothesis ay_006: float64, float64 
[ 2023-07-02 12:09:13,239 ] 82 root - INFO - Hypothesis ay_007: float64, float64 
[ 2023-07-02 12:09:13,249 ] 82 root - INFO - Hypothesis ay_008: float64, float64 
[ 2023-07-02 12:09:13,259 ] 82 root - INFO - Hypothesis ay_009: float64, float64 
[ 2023-07-02 12:09:13,294 ] 82 root - INFO - Hypothesis az_000: float64, float64 
[ 2023-07-02 12:09:13,304 ] 82 root - INFO - Hypothesis az_001: float64, float64 
[ 2023-07-02 12:09:13,313 ] 82 root - INFO - Hypothesis az_002: float64, float64 
[ 2023-07-02 12:09:13,323 ] 82 root - INFO - Hypothesis az_003: float64, float64 
[ 2023-07-02 12:09:13,333 ] 82 root - INFO - Hypothesis az_004: float64, float64 
[ 2023-07-02 12:09:13,343 ] 82 root - INFO - Hypothesis az_005: float64, float64 
[ 2023-07-02 12:09:13,353 ] 82 root - INFO - Hypothesis az_006: float64, float64 
[ 2023-07-02 12:09:13,394 ] 82 root - INFO - Hypothesis az_007: float64, float64 
[ 2023-07-02 12:09:13,431 ] 82 root - INFO - Hypothesis az_008: float64, float64 
[ 2023-07-02 12:09:13,467 ] 82 root - INFO - Hypothesis az_009: float64, float64 
[ 2023-07-02 12:09:13,503 ] 82 root - INFO - Hypothesis ba_000: float64, float64 
[ 2023-07-02 12:09:13,514 ] 82 root - INFO - Hypothesis ba_001: float64, float64 
[ 2023-07-02 12:09:13,524 ] 82 root - INFO - Hypothesis ba_002: float64, float64 
[ 2023-07-02 12:09:13,534 ] 82 root - INFO - Hypothesis ba_003: float64, float64 
[ 2023-07-02 12:09:13,544 ] 82 root - INFO - Hypothesis ba_004: float64, float64 
[ 2023-07-02 12:09:13,555 ] 82 root - INFO - Hypothesis ba_005: float64, float64 
[ 2023-07-02 12:09:13,565 ] 82 root - INFO - Hypothesis ba_006: float64, float64 
[ 2023-07-02 12:09:13,575 ] 82 root - INFO - Hypothesis ba_007: float64, float64 
[ 2023-07-02 12:09:13,584 ] 82 root - INFO - Hypothesis ba_008: float64, float64 
[ 2023-07-02 12:09:13,623 ] 82 root - INFO - Hypothesis ba_009: float64, float64 
[ 2023-07-02 12:09:13,661 ] 82 root - INFO - Hypothesis bb_000: float64, float64 
[ 2023-07-02 12:09:13,671 ] 82 root - INFO - Hypothesis bc_000: float64, float64 
[ 2023-07-02 12:09:13,710 ] 82 root - INFO - Hypothesis bd_000: float64, float64 
[ 2023-07-02 12:09:13,718 ] 82 root - INFO - Hypothesis be_000: float64, float64 
[ 2023-07-02 12:09:13,727 ] 82 root - INFO - Hypothesis bf_000: float64, float64 
[ 2023-07-02 12:09:13,733 ] 82 root - INFO - Hypothesis bg_000: float64, float64 
[ 2023-07-02 12:09:13,744 ] 82 root - INFO - Hypothesis bh_000: float64, float64 
[ 2023-07-02 12:09:13,758 ] 82 root - INFO - Hypothesis bi_000: float64, float64 
[ 2023-07-02 12:09:13,769 ] 82 root - INFO - Hypothesis bj_000: float64, float64 
[ 2023-07-02 12:09:13,779 ] 82 root - INFO - Hypothesis bs_000: float64, float64 
[ 2023-07-02 12:09:13,790 ] 82 root - INFO - Hypothesis bt_000: float64, float64 
[ 2023-07-02 12:09:13,800 ] 82 root - INFO - Hypothesis bu_000: float64, float64 
[ 2023-07-02 12:09:13,811 ] 82 root - INFO - Hypothesis bv_000: float64, float64 
[ 2023-07-02 12:09:13,821 ] 82 root - INFO - Hypothesis bx_000: float64, float64 
[ 2023-07-02 12:09:13,831 ] 82 root - INFO - Hypothesis by_000: float64, float64 
[ 2023-07-02 12:09:13,841 ] 82 root - INFO - Hypothesis bz_000: float64, float64 
[ 2023-07-02 12:09:13,850 ] 82 root - INFO - Hypothesis ca_000: float64, float64 
[ 2023-07-02 12:09:13,861 ] 82 root - INFO - Hypothesis cb_000: float64, float64 
[ 2023-07-02 12:09:13,871 ] 82 root - INFO - Hypothesis cc_000: float64, float64 
[ 2023-07-02 12:09:13,882 ] 82 root - INFO - Hypothesis cd_000: float64, float64 
[ 2023-07-02 12:09:13,918 ] 82 root - INFO - Hypothesis ce_000: float64, float64 
[ 2023-07-02 12:09:13,927 ] 82 root - INFO - Hypothesis ci_000: float64, float64 
[ 2023-07-02 12:09:13,938 ] 82 root - INFO - Hypothesis cj_000: float64, float64 
[ 2023-07-02 12:09:13,975 ] 82 root - INFO - Hypothesis ck_000: float64, float64 
[ 2023-07-02 12:09:13,986 ] 82 root - INFO - Hypothesis cl_000: float64, float64 
[ 2023-07-02 12:09:13,992 ] 82 root - INFO - Hypothesis cm_000: float64, float64 
[ 2023-07-02 12:09:13,999 ] 82 root - INFO - Hypothesis cn_000: float64, float64 
[ 2023-07-02 12:09:14,037 ] 82 root - INFO - Hypothesis cn_001: float64, float64 
[ 2023-07-02 12:09:14,074 ] 82 root - INFO - Hypothesis cn_002: float64, float64 
[ 2023-07-02 12:09:14,086 ] 82 root - INFO - Hypothesis cn_003: float64, float64 
[ 2023-07-02 12:09:14,096 ] 82 root - INFO - Hypothesis cn_004: float64, float64 
[ 2023-07-02 12:09:14,107 ] 82 root - INFO - Hypothesis cn_005: float64, float64 
[ 2023-07-02 12:09:14,117 ] 82 root - INFO - Hypothesis cn_006: float64, float64 
[ 2023-07-02 12:09:14,127 ] 82 root - INFO - Hypothesis cn_007: float64, float64 
[ 2023-07-02 12:09:14,137 ] 82 root - INFO - Hypothesis cn_008: float64, float64 
[ 2023-07-02 12:09:14,146 ] 82 root - INFO - Hypothesis cn_009: float64, float64 
[ 2023-07-02 12:09:14,185 ] 82 root - INFO - Hypothesis cp_000: float64, float64 
[ 2023-07-02 12:09:14,226 ] 82 root - INFO - Hypothesis cq_000: float64, float64 
[ 2023-07-02 12:09:14,236 ] 82 root - INFO - Hypothesis cs_000: float64, float64 
[ 2023-07-02 12:09:14,246 ] 82 root - INFO - Hypothesis cs_001: float64, float64 
[ 2023-07-02 12:09:14,255 ] 82 root - INFO - Hypothesis cs_002: float64, float64 
[ 2023-07-02 12:09:14,264 ] 82 root - INFO - Hypothesis cs_003: float64, float64 
[ 2023-07-02 12:09:14,275 ] 82 root - INFO - Hypothesis cs_004: float64, float64 
[ 2023-07-02 12:09:14,285 ] 82 root - INFO - Hypothesis cs_005: float64, float64 
[ 2023-07-02 12:09:14,295 ] 82 root - INFO - Hypothesis cs_006: float64, float64 
[ 2023-07-02 12:09:14,306 ] 82 root - INFO - Hypothesis cs_007: float64, float64 
[ 2023-07-02 12:09:14,316 ] 82 root - INFO - Hypothesis cs_008: float64, float64 
[ 2023-07-02 12:09:14,357 ] 82 root - INFO - Hypothesis cs_009: float64, float64 
[ 2023-07-02 12:09:14,393 ] 82 root - INFO - Hypothesis dd_000: float64, float64 
[ 2023-07-02 12:09:14,402 ] 82 root - INFO - Hypothesis de_000: float64, float64 
[ 2023-07-02 12:09:14,410 ] 82 root - INFO - Hypothesis df_000: float64, float64 
[ 2023-07-02 12:09:14,446 ] 82 root - INFO - Hypothesis dg_000: float64, float64 
[ 2023-07-02 12:09:14,482 ] 82 root - INFO - Hypothesis dh_000: float64, float64 
[ 2023-07-02 12:09:14,488 ] 82 root - INFO - Hypothesis di_000: float64, float64 
[ 2023-07-02 12:09:14,526 ] 82 root - INFO - Hypothesis dj_000: float64, float64 
[ 2023-07-02 12:09:14,563 ] 82 root - INFO - Hypothesis dk_000: float64, float64 
[ 2023-07-02 12:09:14,599 ] 82 root - INFO - Hypothesis dl_000: float64, float64 
[ 2023-07-02 12:09:14,635 ] 82 root - INFO - Hypothesis dm_000: float64, float64 
[ 2023-07-02 12:09:14,671 ] 82 root - INFO - Hypothesis dn_000: float64, float64 
[ 2023-07-02 12:09:14,681 ] 82 root - INFO - Hypothesis do_000: float64, float64 
[ 2023-07-02 12:09:14,690 ] 82 root - INFO - Hypothesis dp_000: float64, float64 
[ 2023-07-02 12:09:14,699 ] 82 root - INFO - Hypothesis dq_000: float64, float64 
[ 2023-07-02 12:09:14,737 ] 82 root - INFO - Hypothesis dr_000: float64, float64 
[ 2023-07-02 12:09:14,776 ] 82 root - INFO - Hypothesis ds_000: float64, float64 
[ 2023-07-02 12:09:14,786 ] 82 root - INFO - Hypothesis dt_000: float64, float64 
[ 2023-07-02 12:09:14,796 ] 82 root - INFO - Hypothesis du_000: float64, float64 
[ 2023-07-02 12:09:14,806 ] 82 root - INFO - Hypothesis dv_000: float64, float64 
[ 2023-07-02 12:09:14,816 ] 82 root - INFO - Hypothesis dx_000: float64, float64 
[ 2023-07-02 12:09:14,854 ] 82 root - INFO - Hypothesis dy_000: float64, float64 
[ 2023-07-02 12:09:14,892 ] 82 root - INFO - Hypothesis dz_000: float64, float64 
[ 2023-07-02 12:09:14,928 ] 82 root - INFO - Hypothesis ea_000: float64, float64 
[ 2023-07-02 12:09:14,965 ] 82 root - INFO - Hypothesis eb_000: float64, float64 
[ 2023-07-02 12:09:14,974 ] 82 root - INFO - Hypothesis ec_00: float64, float64 
[ 2023-07-02 12:09:14,984 ] 82 root - INFO - Hypothesis ed_000: float64, float64 
[ 2023-07-02 12:09:14,993 ] 82 root - INFO - Hypothesis ee_000: float64, float64 
[ 2023-07-02 12:09:15,003 ] 82 root - INFO - Hypothesis ee_001: float64, float64 
[ 2023-07-02 12:09:15,014 ] 82 root - INFO - Hypothesis ee_002: float64, float64 
[ 2023-07-02 12:09:15,024 ] 82 root - INFO - Hypothesis ee_003: float64, float64 
[ 2023-07-02 12:09:15,035 ] 82 root - INFO - Hypothesis ee_004: float64, float64 
[ 2023-07-02 12:09:15,045 ] 82 root - INFO - Hypothesis ee_005: float64, float64 
[ 2023-07-02 12:09:15,055 ] 82 root - INFO - Hypothesis ee_006: float64, float64 
[ 2023-07-02 12:09:15,067 ] 82 root - INFO - Hypothesis ee_007: float64, float64 
[ 2023-07-02 12:09:15,077 ] 82 root - INFO - Hypothesis ee_008: float64, float64 
[ 2023-07-02 12:09:15,086 ] 82 root - INFO - Hypothesis ee_009: float64, float64 
[ 2023-07-02 12:09:15,093 ] 82 root - INFO - Hypothesis ef_000: float64, float64 
[ 2023-07-02 12:09:15,129 ] 82 root - INFO - Hypothesis eg_000: float64, float64 
[ 2023-07-02 12:09:15,166 ] 137 root - INFO - As all column are available in test df hence detecting data drift
[ 2023-07-02 12:09:15,166 ] 82 root - INFO - Hypothesis class: object, object 
[ 2023-07-02 12:09:15,239 ] 82 root - INFO - Hypothesis aa_000: float64, float64 
[ 2023-07-02 12:09:15,246 ] 82 root - INFO - Hypothesis ac_000: float64, float64 
[ 2023-07-02 12:09:15,251 ] 82 root - INFO - Hypothesis ae_000: float64, float64 
[ 2023-07-02 12:09:15,266 ] 82 root - INFO - Hypothesis af_000: float64, float64 
[ 2023-07-02 12:09:15,282 ] 82 root - INFO - Hypothesis ag_000: float64, float64 
[ 2023-07-02 12:09:15,296 ] 82 root - INFO - Hypothesis ag_001: float64, float64 
[ 2023-07-02 12:09:15,311 ] 82 root - INFO - Hypothesis ag_002: float64, float64 
[ 2023-07-02 12:09:15,314 ] 82 root - INFO - Hypothesis ag_003: float64, float64 
[ 2023-07-02 12:09:15,318 ] 82 root - INFO - Hypothesis ag_004: float64, float64 
[ 2023-07-02 12:09:15,328 ] 82 root - INFO - Hypothesis ag_005: float64, float64 
[ 2023-07-02 12:09:15,335 ] 82 root - INFO - Hypothesis ag_006: float64, float64 
[ 2023-07-02 12:09:15,342 ] 82 root - INFO - Hypothesis ag_007: float64, float64 
[ 2023-07-02 12:09:15,348 ] 82 root - INFO - Hypothesis ag_008: float64, float64 
[ 2023-07-02 12:09:15,354 ] 82 root - INFO - Hypothesis ag_009: float64, float64 
[ 2023-07-02 12:09:15,359 ] 82 root - INFO - Hypothesis ah_000: float64, float64 
[ 2023-07-02 12:09:15,365 ] 82 root - INFO - Hypothesis ai_000: float64, float64 
[ 2023-07-02 12:09:15,369 ] 82 root - INFO - Hypothesis aj_000: float64, float64 
[ 2023-07-02 12:09:15,373 ] 82 root - INFO - Hypothesis ak_000: float64, float64 
[ 2023-07-02 12:09:15,376 ] 82 root - INFO - Hypothesis al_000: float64, float64 
[ 2023-07-02 12:09:15,381 ] 82 root - INFO - Hypothesis am_0: float64, float64 
[ 2023-07-02 12:09:15,386 ] 82 root - INFO - Hypothesis an_000: float64, float64 
[ 2023-07-02 12:09:15,393 ] 82 root - INFO - Hypothesis ao_000: float64, float64 
[ 2023-07-02 12:09:15,400 ] 82 root - INFO - Hypothesis ap_000: float64, float64 
[ 2023-07-02 12:09:15,407 ] 82 root - INFO - Hypothesis aq_000: float64, float64 
[ 2023-07-02 12:09:15,414 ] 82 root - INFO - Hypothesis ar_000: float64, float64 
[ 2023-07-02 12:09:15,429 ] 82 root - INFO - Hypothesis as_000: float64, float64 
[ 2023-07-02 12:09:15,444 ] 82 root - INFO - Hypothesis at_000: float64, float64 
[ 2023-07-02 12:09:15,459 ] 82 root - INFO - Hypothesis au_000: float64, float64 
[ 2023-07-02 12:09:15,474 ] 82 root - INFO - Hypothesis av_000: float64, float64 
[ 2023-07-02 12:09:15,480 ] 82 root - INFO - Hypothesis ax_000: float64, float64 
[ 2023-07-02 12:09:15,485 ] 82 root - INFO - Hypothesis ay_000: float64, float64 
[ 2023-07-02 12:09:15,500 ] 82 root - INFO - Hypothesis ay_001: float64, float64 
[ 2023-07-02 12:09:15,515 ] 82 root - INFO - Hypothesis ay_002: float64, float64 
[ 2023-07-02 12:09:15,529 ] 82 root - INFO - Hypothesis ay_003: float64, float64 
[ 2023-07-02 12:09:15,544 ] 82 root - INFO - Hypothesis ay_004: float64, float64 
[ 2023-07-02 12:09:15,559 ] 82 root - INFO - Hypothesis ay_005: float64, float64 
[ 2023-07-02 12:09:15,564 ] 82 root - INFO - Hypothesis ay_006: float64, float64 
[ 2023-07-02 12:09:15,570 ] 82 root - INFO - Hypothesis ay_007: float64, float64 
[ 2023-07-02 12:09:15,577 ] 82 root - INFO - Hypothesis ay_008: float64, float64 
[ 2023-07-02 12:09:15,584 ] 82 root - INFO - Hypothesis ay_009: float64, float64 
[ 2023-07-02 12:09:15,599 ] 82 root - INFO - Hypothesis az_000: float64, float64 
[ 2023-07-02 12:09:15,606 ] 82 root - INFO - Hypothesis az_001: float64, float64 
[ 2023-07-02 12:09:15,612 ] 82 root - INFO - Hypothesis az_002: float64, float64 
[ 2023-07-02 12:09:15,618 ] 82 root - INFO - Hypothesis az_003: float64, float64 
[ 2023-07-02 12:09:15,625 ] 82 root - INFO - Hypothesis az_004: float64, float64 
[ 2023-07-02 12:09:15,632 ] 82 root - INFO - Hypothesis az_005: float64, float64 
[ 2023-07-02 12:09:15,639 ] 82 root - INFO - Hypothesis az_006: float64, float64 
[ 2023-07-02 12:09:15,645 ] 82 root - INFO - Hypothesis az_007: float64, float64 
[ 2023-07-02 12:09:15,649 ] 82 root - INFO - Hypothesis az_008: float64, float64 
[ 2023-07-02 12:09:15,664 ] 82 root - INFO - Hypothesis az_009: float64, float64 
[ 2023-07-02 12:09:15,679 ] 82 root - INFO - Hypothesis ba_000: float64, float64 
[ 2023-07-02 12:09:15,686 ] 82 root - INFO - Hypothesis ba_001: float64, float64 
[ 2023-07-02 12:09:15,693 ] 82 root - INFO - Hypothesis ba_002: float64, float64 
[ 2023-07-02 12:09:15,700 ] 82 root - INFO - Hypothesis ba_003: float64, float64 
[ 2023-07-02 12:09:15,707 ] 82 root - INFO - Hypothesis ba_004: float64, float64 
[ 2023-07-02 12:09:15,714 ] 82 root - INFO - Hypothesis ba_005: float64, float64 
[ 2023-07-02 12:09:15,720 ] 82 root - INFO - Hypothesis ba_006: float64, float64 
[ 2023-07-02 12:09:15,727 ] 82 root - INFO - Hypothesis ba_007: float64, float64 
[ 2023-07-02 12:09:15,733 ] 82 root - INFO - Hypothesis ba_008: float64, float64 
[ 2023-07-02 12:09:15,739 ] 82 root - INFO - Hypothesis ba_009: float64, float64 
[ 2023-07-02 12:09:15,743 ] 82 root - INFO - Hypothesis bb_000: float64, float64 
[ 2023-07-02 12:09:15,750 ] 82 root - INFO - Hypothesis bc_000: float64, float64 
[ 2023-07-02 12:09:15,755 ] 82 root - INFO - Hypothesis bd_000: float64, float64 
[ 2023-07-02 12:09:15,761 ] 82 root - INFO - Hypothesis be_000: float64, float64 
[ 2023-07-02 12:09:15,767 ] 82 root - INFO - Hypothesis bf_000: float64, float64 
[ 2023-07-02 12:09:15,771 ] 82 root - INFO - Hypothesis bg_000: float64, float64 
[ 2023-07-02 12:09:15,778 ] 82 root - INFO - Hypothesis bh_000: float64, float64 
[ 2023-07-02 12:09:15,785 ] 82 root - INFO - Hypothesis bi_000: float64, float64 
[ 2023-07-02 12:09:15,792 ] 82 root - INFO - Hypothesis bj_000: float64, float64 
[ 2023-07-02 12:09:15,799 ] 82 root - INFO - Hypothesis bs_000: float64, float64 
[ 2023-07-02 12:09:15,806 ] 82 root - INFO - Hypothesis bt_000: float64, float64 
[ 2023-07-02 12:09:15,813 ] 82 root - INFO - Hypothesis bu_000: float64, float64 
[ 2023-07-02 12:09:15,820 ] 82 root - INFO - Hypothesis bv_000: float64, float64 
[ 2023-07-02 12:09:15,827 ] 82 root - INFO - Hypothesis bx_000: float64, float64 
[ 2023-07-02 12:09:15,834 ] 82 root - INFO - Hypothesis by_000: float64, float64 
[ 2023-07-02 12:09:15,841 ] 82 root - INFO - Hypothesis bz_000: float64, float64 
[ 2023-07-02 12:09:15,847 ] 82 root - INFO - Hypothesis ca_000: float64, float64 
[ 2023-07-02 12:09:15,854 ] 82 root - INFO - Hypothesis cb_000: float64, float64 
[ 2023-07-02 12:09:15,861 ] 82 root - INFO - Hypothesis cc_000: float64, float64 
[ 2023-07-02 12:09:15,867 ] 82 root - INFO - Hypothesis cd_000: float64, float64 
[ 2023-07-02 12:09:15,882 ] 82 root - INFO - Hypothesis ce_000: float64, float64 
[ 2023-07-02 12:09:15,889 ] 82 root - INFO - Hypothesis ci_000: float64, float64 
[ 2023-07-02 12:09:15,895 ] 82 root - INFO - Hypothesis cj_000: float64, float64 
[ 2023-07-02 12:09:15,899 ] 82 root - INFO - Hypothesis ck_000: float64, float64 
[ 2023-07-02 12:09:15,906 ] 82 root - INFO - Hypothesis cl_000: float64, float64 
[ 2023-07-02 12:09:15,910 ] 82 root - INFO - Hypothesis cm_000: float64, float64 
[ 2023-07-02 12:09:15,915 ] 82 root - INFO - Hypothesis cn_000: float64, float64 
[ 2023-07-02 12:09:15,930 ] 82 root - INFO - Hypothesis cn_001: float64, float64 
[ 2023-07-02 12:09:15,934 ] 82 root - INFO - Hypothesis cn_002: float64, float64 
[ 2023-07-02 12:09:15,939 ] 82 root - INFO - Hypothesis cn_003: float64, float64 
[ 2023-07-02 12:09:15,946 ] 82 root - INFO - Hypothesis cn_004: float64, float64 
[ 2023-07-02 12:09:15,953 ] 82 root - INFO - Hypothesis cn_005: float64, float64 
[ 2023-07-02 12:09:15,960 ] 82 root - INFO - Hypothesis cn_006: float64, float64 
[ 2023-07-02 12:09:15,967 ] 82 root - INFO - Hypothesis cn_007: float64, float64 
[ 2023-07-02 12:09:15,974 ] 82 root - INFO - Hypothesis cn_008: float64, float64 
[ 2023-07-02 12:09:15,980 ] 82 root - INFO - Hypothesis cn_009: float64, float64 
[ 2023-07-02 12:09:15,985 ] 82 root - INFO - Hypothesis cp_000: float64, float64 
[ 2023-07-02 12:09:15,990 ] 82 root - INFO - Hypothesis cq_000: float64, float64 
[ 2023-07-02 12:09:15,997 ] 82 root - INFO - Hypothesis cs_000: float64, float64 
[ 2023-07-02 12:09:16,003 ] 82 root - INFO - Hypothesis cs_001: float64, float64 
[ 2023-07-02 12:09:16,009 ] 82 root - INFO - Hypothesis cs_002: float64, float64 
[ 2023-07-02 12:09:16,016 ] 82 root - INFO - Hypothesis cs_003: float64, float64 
[ 2023-07-02 12:09:16,023 ] 82 root - INFO - Hypothesis cs_004: float64, float64 
[ 2023-07-02 12:09:16,030 ] 82 root - INFO - Hypothesis cs_005: float64, float64 
[ 2023-07-02 12:09:16,037 ] 82 root - INFO - Hypothesis cs_006: float64, float64 
[ 2023-07-02 12:09:16,045 ] 82 root - INFO - Hypothesis cs_007: float64, float64 
[ 2023-07-02 12:09:16,052 ] 82 root - INFO - Hypothesis cs_008: float64, float64 
[ 2023-07-02 12:09:16,057 ] 82 root - INFO - Hypothesis cs_009: float64, float64 
[ 2023-07-02 12:09:16,073 ] 82 root - INFO - Hypothesis dd_000: float64, float64 
[ 2023-07-02 12:09:16,079 ] 82 root - INFO - Hypothesis de_000: float64, float64 
[ 2023-07-02 12:09:16,084 ] 82 root - INFO - Hypothesis df_000: float64, float64 
[ 2023-07-02 12:09:16,088 ] 82 root - INFO - Hypothesis dg_000: float64, float64 
[ 2023-07-02 12:09:16,091 ] 82 root - INFO - Hypothesis dh_000: float64, float64 
[ 2023-07-02 12:09:16,094 ] 82 root - INFO - Hypothesis di_000: float64, float64 
[ 2023-07-02 12:09:16,098 ] 82 root - INFO - Hypothesis dj_000: float64, float64 
[ 2023-07-02 12:09:16,113 ] 82 root - INFO - Hypothesis dk_000: float64, float64 
[ 2023-07-02 12:09:16,117 ] 82 root - INFO - Hypothesis dl_000: float64, float64 
[ 2023-07-02 12:09:16,132 ] 82 root - INFO - Hypothesis dm_000: float64, float64 
[ 2023-07-02 12:09:16,147 ] 82 root - INFO - Hypothesis dn_000: float64, float64 
[ 2023-07-02 12:09:16,154 ] 82 root - INFO - Hypothesis do_000: float64, float64 
[ 2023-07-02 12:09:16,160 ] 82 root - INFO - Hypothesis dp_000: float64, float64 
[ 2023-07-02 12:09:16,166 ] 82 root - INFO - Hypothesis dq_000: float64, float64 
[ 2023-07-02 12:09:16,170 ] 82 root - INFO - Hypothesis dr_000: float64, float64 
[ 2023-07-02 12:09:16,175 ] 82 root - INFO - Hypothesis ds_000: float64, float64 
[ 2023-07-02 12:09:16,181 ] 82 root - INFO - Hypothesis dt_000: float64, float64 
[ 2023-07-02 12:09:16,188 ] 82 root - INFO - Hypothesis du_000: float64, float64 
[ 2023-07-02 12:09:16,195 ] 82 root - INFO - Hypothesis dv_000: float64, float64 
[ 2023-07-02 12:09:16,201 ] 82 root - INFO - Hypothesis dx_000: float64, float64 
[ 2023-07-02 12:09:16,206 ] 82 root - INFO - Hypothesis dy_000: float64, float64 
[ 2023-07-02 12:09:16,210 ] 82 root - INFO - Hypothesis dz_000: float64, float64 
[ 2023-07-02 12:09:16,225 ] 82 root - INFO - Hypothesis ea_000: float64, float64 
[ 2023-07-02 12:09:16,241 ] 82 root - INFO - Hypothesis eb_000: float64, float64 
[ 2023-07-02 12:09:16,246 ] 82 root - INFO - Hypothesis ec_00: float64, float64 
[ 2023-07-02 12:09:16,253 ] 82 root - INFO - Hypothesis ed_000: float64, float64 
[ 2023-07-02 12:09:16,259 ] 82 root - INFO - Hypothesis ee_000: float64, float64 
[ 2023-07-02 12:09:16,266 ] 82 root - INFO - Hypothesis ee_001: float64, float64 
[ 2023-07-02 12:09:16,273 ] 82 root - INFO - Hypothesis ee_002: float64, float64 
[ 2023-07-02 12:09:16,280 ] 82 root - INFO - Hypothesis ee_003: float64, float64 
[ 2023-07-02 12:09:16,286 ] 82 root - INFO - Hypothesis ee_004: float64, float64 
[ 2023-07-02 12:09:16,293 ] 82 root - INFO - Hypothesis ee_005: float64, float64 
[ 2023-07-02 12:09:16,300 ] 82 root - INFO - Hypothesis ee_006: float64, float64 
[ 2023-07-02 12:09:16,306 ] 82 root - INFO - Hypothesis ee_007: float64, float64 
[ 2023-07-02 12:09:16,313 ] 82 root - INFO - Hypothesis ee_008: float64, float64 
[ 2023-07-02 12:09:16,319 ] 82 root - INFO - Hypothesis ee_009: float64, float64 
[ 2023-07-02 12:09:16,324 ] 82 root - INFO - Hypothesis ef_000: float64, float64 
[ 2023-07-02 12:09:16,339 ] 82 root - INFO - Hypothesis eg_000: float64, float64 
[ 2023-07-02 12:09:16,422 ] 144 root - INFO - Data validation artifact: DataValidationArtifact(report_file_path='/config/workspace/artifact/07022023__120859/data_validation/report.yaml')
[ 2023-07-02 12:09:17,683 ] 52 root - INFO - Entered the save_object method of utils
[ 2023-07-02 12:09:17,686 ] 56 root - INFO - Exited the save_object method of utils
[ 2023-07-02 12:09:17,686 ] 52 root - INFO - Entered the save_object method of utils
[ 2023-07-02 12:09:17,687 ] 56 root - INFO - Exited the save_object method of utils
[ 2023-07-02 12:09:17,687 ] 119 root - INFO - Data transformation object DataTransformationArtifact(transform_object_path='/config/workspace/artifact/07022023__120859/data_transformation/transformer/transformer.pkl', transformed_test_path='/config/workspace/artifact/07022023__120859/data_transformation/transformed/test.csv', transformed_train_path='/config/workspace/artifact/07022023__120859/data_transformation/transformed/train.csv', target_encoder_path='/config/workspace/artifact/07022023__120859/data_transformation/target_encoder/target_encoder.pkl')
[ 2023-07-02 12:09:17,689 ] 18 root - INFO - >>>>>>>>>>>>>>>>>>>>>>>>>>>>>>>>>>>>>>>> Model Trainer <<<<<<<<<<<<<<<<<<<<<<<<<<<<<<<<<<<<<<<<
[ 2023-07-02 12:09:17,689 ] 44 root - INFO - Loading train and test array.
[ 2023-07-02 12:09:17,714 ] 48 root - INFO - Splitting input and target feature from both train and test arr.
[ 2023-07-02 12:09:17,715 ] 52 root - INFO - Train the model
[ 2023-07-02 12:09:20,900 ] 55 root - INFO - Calculating f1 train score
[ 2023-07-02 12:09:20,934 ] 59 root - INFO - Calculating f1 test score
[ 2023-07-02 12:09:20,945 ] 63 root - INFO - train score:1.0 and tests score 1.0
[ 2023-07-02 12:09:20,946 ] 65 root - INFO - Checking if our model is underfitting or not
[ 2023-07-02 12:09:20,946 ] 70 root - INFO - Checking if our model is overfiiting or not
[ 2023-07-02 12:09:20,946 ] 77 root - INFO - Saving mode object
[ 2023-07-02 12:09:20,946 ] 52 root - INFO - Entered the save_object method of utils
[ 2023-07-02 12:09:20,951 ] 56 root - INFO - Exited the save_object method of utils
[ 2023-07-02 12:09:20,951 ] 81 root - INFO - Prepare the artifact
[ 2023-07-02 12:09:20,951 ] 84 root - INFO - Model trainer artifact: ModelTrainingArtifact(model_path='/config/workspace/artifact/07022023__120859/model_trainer/model/model.pkl', f1_train_score=1.0, f1_test_score=1.0)
