[ 2023-07-08 22:50:54,679 ] 15 root - INFO - >>>>>>>>>>>>>>>>>>>>>>>>>>>>>>>>>>>>>>>> Data Ingestion <<<<<<<<<<<<<<<<<<<<<<<<<<<<<<<<<<<<<<<<
[ 2023-07-08 22:50:54,679 ] 22 root - INFO - Exporting collection data as pandas dataframe
[ 2023-07-08 22:50:54,679 ] 21 root - INFO - Reading data from database: aps and collection: sensor
[ 2023-07-08 22:50:58,647 ] 23 root - INFO - Found columns: Index(['_id', 'class', 'aa_000', 'ab_000', 'ac_000', 'ad_000', 'ae_000',
       'af_000', 'ag_000', 'ag_001',
       ...
       'ee_002', 'ee_003', 'ee_004', 'ee_005', 'ee_006', 'ee_007', 'ee_008',
       'ee_009', 'ef_000', 'eg_000'],
      dtype='object', length=172)
[ 2023-07-08 22:50:58,648 ] 25 root - INFO - Dropping column: _id 
[ 2023-07-08 22:50:58,842 ] 27 root - INFO - Row and columns in df: (36188, 171)
[ 2023-07-08 22:50:58,842 ] 28 root - INFO - Save data in feature store
[ 2023-07-08 22:51:00,281 ] 34 root - INFO - Create feature store folder if not available
[ 2023-07-08 22:51:00,282 ] 38 root - INFO - Save df to feature store folder
[ 2023-07-08 22:51:02,139 ] 43 root - INFO - split dataset into train and test set
[ 2023-07-08 22:51:02,460 ] 47 root - INFO - create dataset directory folder if not available
[ 2023-07-08 22:51:02,461 ] 52 root - INFO - Save df to feature store folder
[ 2023-07-08 22:51:04,244 ] 64 root - INFO - Data ingestion artifact: DataIngestionArtifact(feature_store_file_path='/config/workspace/artifact/07082023__225054/data_ingestion/feature_store/sensor.csv', train_file_path='/config/workspace/artifact/07082023__225054/data_ingestion/dataset/train.csv', test_file_path='/config/workspace/artifact/07082023__225054/data_ingestion/dataset/test.csv')
[ 2023-07-08 22:51:04,627 ] 17 root - INFO - >>>>>>>>>>>>>>>>>>>>>>>>>>>>>>>>>>>>>>>> Data Validation<<<<<<<<<<<<<<<<<<<<<<<<<<<<<<<<<<<<<<<<
[ 2023-07-08 22:51:04,628 ] 104 root - INFO - Reading base dataframe
[ 2023-07-08 22:51:06,854 ] 108 root - INFO - Replace na value in base df
[ 2023-07-08 22:51:06,855 ] 110 root - INFO - Drop null values colums from base df
[ 2023-07-08 22:51:07,079 ] 38 root - INFO - selecting column name which contains null above to 0.2
[ 2023-07-08 22:51:07,080 ] 41 root - INFO - Columns to drop: ['ab_000', 'ad_000', 'bk_000', 'bl_000', 'bm_000', 'bn_000', 'bo_000', 'bp_000', 'bq_000', 'br_000', 'cf_000', 'cg_000', 'ch_000', 'co_000', 'cr_000', 'ct_000', 'cu_000', 'cv_000', 'cx_000', 'cy_000', 'cz_000', 'da_000', 'db_000', 'dc_000']
[ 2023-07-08 22:51:07,162 ] 113 root - INFO - Reading train dataframe
[ 2023-07-08 22:51:07,544 ] 115 root - INFO - Reading test dataframe
[ 2023-07-08 22:51:07,645 ] 118 root - INFO - Drop null values colums from train df
[ 2023-07-08 22:51:07,653 ] 38 root - INFO - selecting column name which contains null above to 0.2
[ 2023-07-08 22:51:07,653 ] 41 root - INFO - Columns to drop: ['ab_000', 'ad_000', 'bk_000', 'bl_000', 'bm_000', 'bn_000', 'bo_000', 'bp_000', 'bq_000', 'br_000', 'cf_000', 'cg_000', 'ch_000', 'co_000', 'cr_000', 'ct_000', 'cu_000', 'cv_000', 'cx_000', 'cy_000', 'cz_000', 'da_000', 'db_000', 'dc_000']
[ 2023-07-08 22:51:07,662 ] 120 root - INFO - Drop null values colums from test df
[ 2023-07-08 22:51:07,665 ] 38 root - INFO - selecting column name which contains null above to 0.2
[ 2023-07-08 22:51:07,666 ] 41 root - INFO - Columns to drop: ['ab_000', 'ad_000', 'bk_000', 'bl_000', 'bm_000', 'bn_000', 'bo_000', 'bp_000', 'bq_000', 'br_000', 'cf_000', 'cg_000', 'ch_000', 'co_000', 'cr_000', 'ct_000', 'cu_000', 'cv_000', 'cx_000', 'cy_000', 'cz_000', 'da_000', 'db_000', 'dc_000']
[ 2023-07-08 22:51:08,432 ] 128 root - INFO - Is all required columns present in train df
[ 2023-07-08 22:51:08,432 ] 130 root - INFO - Is all required columns present in test df
[ 2023-07-08 22:51:08,432 ] 134 root - INFO - As all column are available in train df hence detecting data drift
[ 2023-07-08 22:51:08,433 ] 82 root - INFO - Hypothesis class: object, object 
[ 2023-07-08 22:51:08,564 ] 82 root - INFO - Hypothesis aa_000: float64, float64 
[ 2023-07-08 22:51:08,575 ] 82 root - INFO - Hypothesis ac_000: float64, float64 
[ 2023-07-08 22:51:08,615 ] 82 root - INFO - Hypothesis ae_000: float64, float64 
[ 2023-07-08 22:51:08,652 ] 82 root - INFO - Hypothesis af_000: float64, float64 
[ 2023-07-08 22:51:08,688 ] 82 root - INFO - Hypothesis ag_000: float64, float64 
[ 2023-07-08 22:51:08,723 ] 82 root - INFO - Hypothesis ag_001: float64, float64 
[ 2023-07-08 22:51:08,759 ] 82 root - INFO - Hypothesis ag_002: float64, float64 
[ 2023-07-08 22:51:08,795 ] 82 root - INFO - Hypothesis ag_003: float64, float64 
[ 2023-07-08 22:51:08,801 ] 82 root - INFO - Hypothesis ag_004: float64, float64 
[ 2023-07-08 22:51:08,811 ] 82 root - INFO - Hypothesis ag_005: float64, float64 
[ 2023-07-08 22:51:08,822 ] 82 root - INFO - Hypothesis ag_006: float64, float64 
[ 2023-07-08 22:51:08,832 ] 82 root - INFO - Hypothesis ag_007: float64, float64 
[ 2023-07-08 22:51:08,841 ] 82 root - INFO - Hypothesis ag_008: float64, float64 
[ 2023-07-08 22:51:08,850 ] 82 root - INFO - Hypothesis ag_009: float64, float64 
[ 2023-07-08 22:51:08,856 ] 82 root - INFO - Hypothesis ah_000: float64, float64 
[ 2023-07-08 22:51:08,867 ] 82 root - INFO - Hypothesis ai_000: float64, float64 
[ 2023-07-08 22:51:08,903 ] 82 root - INFO - Hypothesis aj_000: float64, float64 
[ 2023-07-08 22:51:08,909 ] 82 root - INFO - Hypothesis ak_000: float64, float64 
[ 2023-07-08 22:51:08,945 ] 82 root - INFO - Hypothesis al_000: float64, float64 
[ 2023-07-08 22:51:08,953 ] 82 root - INFO - Hypothesis am_0: float64, float64 
[ 2023-07-08 22:51:08,960 ] 82 root - INFO - Hypothesis an_000: float64, float64 
[ 2023-07-08 22:51:08,971 ] 82 root - INFO - Hypothesis ao_000: float64, float64 
[ 2023-07-08 22:51:08,981 ] 82 root - INFO - Hypothesis ap_000: float64, float64 
[ 2023-07-08 22:51:08,992 ] 82 root - INFO - Hypothesis aq_000: float64, float64 
[ 2023-07-08 22:51:09,003 ] 82 root - INFO - Hypothesis ar_000: float64, float64 
[ 2023-07-08 22:51:09,040 ] 82 root - INFO - Hypothesis as_000: float64, float64 
[ 2023-07-08 22:51:09,077 ] 82 root - INFO - Hypothesis at_000: float64, float64 
[ 2023-07-08 22:51:09,114 ] 82 root - INFO - Hypothesis au_000: float64, float64 
[ 2023-07-08 22:51:09,149 ] 82 root - INFO - Hypothesis av_000: float64, float64 
[ 2023-07-08 22:51:09,158 ] 82 root - INFO - Hypothesis ax_000: float64, float64 
[ 2023-07-08 22:51:09,166 ] 82 root - INFO - Hypothesis ay_000: float64, float64 
[ 2023-07-08 22:51:09,202 ] 82 root - INFO - Hypothesis ay_001: float64, float64 
[ 2023-07-08 22:51:09,238 ] 82 root - INFO - Hypothesis ay_002: float64, float64 
[ 2023-07-08 22:51:09,274 ] 82 root - INFO - Hypothesis ay_003: float64, float64 
[ 2023-07-08 22:51:09,310 ] 82 root - INFO - Hypothesis ay_004: float64, float64 
[ 2023-07-08 22:51:09,346 ] 82 root - INFO - Hypothesis ay_005: float64, float64 
[ 2023-07-08 22:51:09,387 ] 82 root - INFO - Hypothesis ay_006: float64, float64 
[ 2023-07-08 22:51:09,397 ] 82 root - INFO - Hypothesis ay_007: float64, float64 
[ 2023-07-08 22:51:09,407 ] 82 root - INFO - Hypothesis ay_008: float64, float64 
[ 2023-07-08 22:51:09,417 ] 82 root - INFO - Hypothesis ay_009: float64, float64 
[ 2023-07-08 22:51:09,453 ] 82 root - INFO - Hypothesis az_000: float64, float64 
[ 2023-07-08 22:51:09,463 ] 82 root - INFO - Hypothesis az_001: float64, float64 
[ 2023-07-08 22:51:09,472 ] 82 root - INFO - Hypothesis az_002: float64, float64 
[ 2023-07-08 22:51:09,482 ] 82 root - INFO - Hypothesis az_003: float64, float64 
[ 2023-07-08 22:51:09,492 ] 82 root - INFO - Hypothesis az_004: float64, float64 
[ 2023-07-08 22:51:09,502 ] 82 root - INFO - Hypothesis az_005: float64, float64 
[ 2023-07-08 22:51:09,512 ] 82 root - INFO - Hypothesis az_006: float64, float64 
[ 2023-07-08 22:51:09,554 ] 82 root - INFO - Hypothesis az_007: float64, float64 
[ 2023-07-08 22:51:09,592 ] 82 root - INFO - Hypothesis az_008: float64, float64 
[ 2023-07-08 22:51:09,628 ] 82 root - INFO - Hypothesis az_009: float64, float64 
[ 2023-07-08 22:51:09,664 ] 82 root - INFO - Hypothesis ba_000: float64, float64 
[ 2023-07-08 22:51:09,675 ] 82 root - INFO - Hypothesis ba_001: float64, float64 
[ 2023-07-08 22:51:09,685 ] 82 root - INFO - Hypothesis ba_002: float64, float64 
[ 2023-07-08 22:51:09,695 ] 82 root - INFO - Hypothesis ba_003: float64, float64 
[ 2023-07-08 22:51:09,705 ] 82 root - INFO - Hypothesis ba_004: float64, float64 
[ 2023-07-08 22:51:09,716 ] 82 root - INFO - Hypothesis ba_005: float64, float64 
[ 2023-07-08 22:51:09,726 ] 82 root - INFO - Hypothesis ba_006: float64, float64 
[ 2023-07-08 22:51:09,735 ] 82 root - INFO - Hypothesis ba_007: float64, float64 
[ 2023-07-08 22:51:09,745 ] 82 root - INFO - Hypothesis ba_008: float64, float64 
[ 2023-07-08 22:51:09,785 ] 82 root - INFO - Hypothesis ba_009: float64, float64 
[ 2023-07-08 22:51:09,826 ] 82 root - INFO - Hypothesis bb_000: float64, float64 
[ 2023-07-08 22:51:09,837 ] 82 root - INFO - Hypothesis bc_000: float64, float64 
[ 2023-07-08 22:51:09,877 ] 82 root - INFO - Hypothesis bd_000: float64, float64 
[ 2023-07-08 22:51:09,885 ] 82 root - INFO - Hypothesis be_000: float64, float64 
[ 2023-07-08 22:51:09,893 ] 82 root - INFO - Hypothesis bf_000: float64, float64 
[ 2023-07-08 22:51:09,900 ] 82 root - INFO - Hypothesis bg_000: float64, float64 
[ 2023-07-08 22:51:09,910 ] 82 root - INFO - Hypothesis bh_000: float64, float64 
[ 2023-07-08 22:51:09,920 ] 82 root - INFO - Hypothesis bi_000: float64, float64 
[ 2023-07-08 22:51:09,931 ] 82 root - INFO - Hypothesis bj_000: float64, float64 
[ 2023-07-08 22:51:09,942 ] 82 root - INFO - Hypothesis bs_000: float64, float64 
[ 2023-07-08 22:51:09,952 ] 82 root - INFO - Hypothesis bt_000: float64, float64 
[ 2023-07-08 22:51:09,962 ] 82 root - INFO - Hypothesis bu_000: float64, float64 
[ 2023-07-08 22:51:09,973 ] 82 root - INFO - Hypothesis bv_000: float64, float64 
[ 2023-07-08 22:51:09,984 ] 82 root - INFO - Hypothesis bx_000: float64, float64 
[ 2023-07-08 22:51:09,995 ] 82 root - INFO - Hypothesis by_000: float64, float64 
[ 2023-07-08 22:51:10,005 ] 82 root - INFO - Hypothesis bz_000: float64, float64 
[ 2023-07-08 22:51:10,014 ] 82 root - INFO - Hypothesis ca_000: float64, float64 
[ 2023-07-08 22:51:10,026 ] 82 root - INFO - Hypothesis cb_000: float64, float64 
[ 2023-07-08 22:51:10,037 ] 82 root - INFO - Hypothesis cc_000: float64, float64 
[ 2023-07-08 22:51:10,047 ] 82 root - INFO - Hypothesis cd_000: float64, float64 
[ 2023-07-08 22:51:10,083 ] 82 root - INFO - Hypothesis ce_000: float64, float64 
[ 2023-07-08 22:51:10,093 ] 82 root - INFO - Hypothesis ci_000: float64, float64 
[ 2023-07-08 22:51:10,103 ] 82 root - INFO - Hypothesis cj_000: float64, float64 
[ 2023-07-08 22:51:10,142 ] 82 root - INFO - Hypothesis ck_000: float64, float64 
[ 2023-07-08 22:51:10,152 ] 82 root - INFO - Hypothesis cl_000: float64, float64 
[ 2023-07-08 22:51:10,158 ] 82 root - INFO - Hypothesis cm_000: float64, float64 
[ 2023-07-08 22:51:10,165 ] 82 root - INFO - Hypothesis cn_000: float64, float64 
[ 2023-07-08 22:51:10,201 ] 82 root - INFO - Hypothesis cn_001: float64, float64 
[ 2023-07-08 22:51:10,240 ] 82 root - INFO - Hypothesis cn_002: float64, float64 
[ 2023-07-08 22:51:10,248 ] 82 root - INFO - Hypothesis cn_003: float64, float64 
[ 2023-07-08 22:51:10,258 ] 82 root - INFO - Hypothesis cn_004: float64, float64 
[ 2023-07-08 22:51:10,269 ] 82 root - INFO - Hypothesis cn_005: float64, float64 
[ 2023-07-08 22:51:10,279 ] 82 root - INFO - Hypothesis cn_006: float64, float64 
[ 2023-07-08 22:51:10,289 ] 82 root - INFO - Hypothesis cn_007: float64, float64 
[ 2023-07-08 22:51:10,299 ] 82 root - INFO - Hypothesis cn_008: float64, float64 
[ 2023-07-08 22:51:10,307 ] 82 root - INFO - Hypothesis cn_009: float64, float64 
[ 2023-07-08 22:51:10,347 ] 82 root - INFO - Hypothesis cp_000: float64, float64 
[ 2023-07-08 22:51:10,387 ] 82 root - INFO - Hypothesis cq_000: float64, float64 
[ 2023-07-08 22:51:10,397 ] 82 root - INFO - Hypothesis cs_000: float64, float64 
[ 2023-07-08 22:51:10,407 ] 82 root - INFO - Hypothesis cs_001: float64, float64 
[ 2023-07-08 22:51:10,415 ] 82 root - INFO - Hypothesis cs_002: float64, float64 
[ 2023-07-08 22:51:10,425 ] 82 root - INFO - Hypothesis cs_003: float64, float64 
[ 2023-07-08 22:51:10,435 ] 82 root - INFO - Hypothesis cs_004: float64, float64 
[ 2023-07-08 22:51:10,446 ] 82 root - INFO - Hypothesis cs_005: float64, float64 
[ 2023-07-08 22:51:10,456 ] 82 root - INFO - Hypothesis cs_006: float64, float64 
[ 2023-07-08 22:51:10,467 ] 82 root - INFO - Hypothesis cs_007: float64, float64 
[ 2023-07-08 22:51:10,477 ] 82 root - INFO - Hypothesis cs_008: float64, float64 
[ 2023-07-08 22:51:10,516 ] 82 root - INFO - Hypothesis cs_009: float64, float64 
[ 2023-07-08 22:51:10,552 ] 82 root - INFO - Hypothesis dd_000: float64, float64 
[ 2023-07-08 22:51:10,561 ] 82 root - INFO - Hypothesis de_000: float64, float64 
[ 2023-07-08 22:51:10,569 ] 82 root - INFO - Hypothesis df_000: float64, float64 
[ 2023-07-08 22:51:10,606 ] 82 root - INFO - Hypothesis dg_000: float64, float64 
[ 2023-07-08 22:51:10,642 ] 82 root - INFO - Hypothesis dh_000: float64, float64 
[ 2023-07-08 22:51:10,648 ] 82 root - INFO - Hypothesis di_000: float64, float64 
[ 2023-07-08 22:51:10,685 ] 82 root - INFO - Hypothesis dj_000: float64, float64 
[ 2023-07-08 22:51:10,721 ] 82 root - INFO - Hypothesis dk_000: float64, float64 
[ 2023-07-08 22:51:10,757 ] 82 root - INFO - Hypothesis dl_000: float64, float64 
[ 2023-07-08 22:51:10,793 ] 82 root - INFO - Hypothesis dm_000: float64, float64 
[ 2023-07-08 22:51:10,829 ] 82 root - INFO - Hypothesis dn_000: float64, float64 
[ 2023-07-08 22:51:10,839 ] 82 root - INFO - Hypothesis do_000: float64, float64 
[ 2023-07-08 22:51:10,848 ] 82 root - INFO - Hypothesis dp_000: float64, float64 
[ 2023-07-08 22:51:10,857 ] 82 root - INFO - Hypothesis dq_000: float64, float64 
[ 2023-07-08 22:51:10,895 ] 82 root - INFO - Hypothesis dr_000: float64, float64 
[ 2023-07-08 22:51:10,933 ] 82 root - INFO - Hypothesis ds_000: float64, float64 
[ 2023-07-08 22:51:10,943 ] 82 root - INFO - Hypothesis dt_000: float64, float64 
[ 2023-07-08 22:51:10,953 ] 82 root - INFO - Hypothesis du_000: float64, float64 
[ 2023-07-08 22:51:10,963 ] 82 root - INFO - Hypothesis dv_000: float64, float64 
[ 2023-07-08 22:51:10,974 ] 82 root - INFO - Hypothesis dx_000: float64, float64 
[ 2023-07-08 22:51:11,015 ] 82 root - INFO - Hypothesis dy_000: float64, float64 
[ 2023-07-08 22:51:11,055 ] 82 root - INFO - Hypothesis dz_000: float64, float64 
[ 2023-07-08 22:51:11,094 ] 82 root - INFO - Hypothesis ea_000: float64, float64 
[ 2023-07-08 22:51:11,131 ] 82 root - INFO - Hypothesis eb_000: float64, float64 
[ 2023-07-08 22:51:11,139 ] 82 root - INFO - Hypothesis ec_00: float64, float64 
[ 2023-07-08 22:51:11,149 ] 82 root - INFO - Hypothesis ed_000: float64, float64 
[ 2023-07-08 22:51:11,158 ] 82 root - INFO - Hypothesis ee_000: float64, float64 
[ 2023-07-08 22:51:11,168 ] 82 root - INFO - Hypothesis ee_001: float64, float64 
[ 2023-07-08 22:51:11,179 ] 82 root - INFO - Hypothesis ee_002: float64, float64 
[ 2023-07-08 22:51:11,189 ] 82 root - INFO - Hypothesis ee_003: float64, float64 
[ 2023-07-08 22:51:11,199 ] 82 root - INFO - Hypothesis ee_004: float64, float64 
[ 2023-07-08 22:51:11,209 ] 82 root - INFO - Hypothesis ee_005: float64, float64 
[ 2023-07-08 22:51:11,219 ] 82 root - INFO - Hypothesis ee_006: float64, float64 
[ 2023-07-08 22:51:11,229 ] 82 root - INFO - Hypothesis ee_007: float64, float64 
[ 2023-07-08 22:51:11,239 ] 82 root - INFO - Hypothesis ee_008: float64, float64 
[ 2023-07-08 22:51:11,247 ] 82 root - INFO - Hypothesis ee_009: float64, float64 
[ 2023-07-08 22:51:11,255 ] 82 root - INFO - Hypothesis ef_000: float64, float64 
[ 2023-07-08 22:51:11,291 ] 82 root - INFO - Hypothesis eg_000: float64, float64 
[ 2023-07-08 22:51:11,326 ] 137 root - INFO - As all column are available in test df hence detecting data drift
[ 2023-07-08 22:51:11,326 ] 82 root - INFO - Hypothesis class: object, object 
[ 2023-07-08 22:51:11,400 ] 82 root - INFO - Hypothesis aa_000: float64, float64 
[ 2023-07-08 22:51:11,407 ] 82 root - INFO - Hypothesis ac_000: float64, float64 
[ 2023-07-08 22:51:11,413 ] 82 root - INFO - Hypothesis ae_000: float64, float64 
[ 2023-07-08 22:51:11,428 ] 82 root - INFO - Hypothesis af_000: float64, float64 
[ 2023-07-08 22:51:11,443 ] 82 root - INFO - Hypothesis ag_000: float64, float64 
[ 2023-07-08 22:51:11,458 ] 82 root - INFO - Hypothesis ag_001: float64, float64 
[ 2023-07-08 22:51:11,473 ] 82 root - INFO - Hypothesis ag_002: float64, float64 
[ 2023-07-08 22:51:11,476 ] 82 root - INFO - Hypothesis ag_003: float64, float64 
[ 2023-07-08 22:51:11,481 ] 82 root - INFO - Hypothesis ag_004: float64, float64 
[ 2023-07-08 22:51:11,487 ] 82 root - INFO - Hypothesis ag_005: float64, float64 
[ 2023-07-08 22:51:11,494 ] 82 root - INFO - Hypothesis ag_006: float64, float64 
[ 2023-07-08 22:51:11,501 ] 82 root - INFO - Hypothesis ag_007: float64, float64 
[ 2023-07-08 22:51:11,507 ] 82 root - INFO - Hypothesis ag_008: float64, float64 
[ 2023-07-08 22:51:11,513 ] 82 root - INFO - Hypothesis ag_009: float64, float64 
[ 2023-07-08 22:51:11,518 ] 82 root - INFO - Hypothesis ah_000: float64, float64 
[ 2023-07-08 22:51:11,525 ] 82 root - INFO - Hypothesis ai_000: float64, float64 
[ 2023-07-08 22:51:11,528 ] 82 root - INFO - Hypothesis aj_000: float64, float64 
[ 2023-07-08 22:51:11,532 ] 82 root - INFO - Hypothesis ak_000: float64, float64 
[ 2023-07-08 22:51:11,535 ] 82 root - INFO - Hypothesis al_000: float64, float64 
[ 2023-07-08 22:51:11,540 ] 82 root - INFO - Hypothesis am_0: float64, float64 
[ 2023-07-08 22:51:11,545 ] 82 root - INFO - Hypothesis an_000: float64, float64 
[ 2023-07-08 22:51:11,552 ] 82 root - INFO - Hypothesis ao_000: float64, float64 
[ 2023-07-08 22:51:11,559 ] 82 root - INFO - Hypothesis ap_000: float64, float64 
[ 2023-07-08 22:51:11,566 ] 82 root - INFO - Hypothesis aq_000: float64, float64 
[ 2023-07-08 22:51:11,573 ] 82 root - INFO - Hypothesis ar_000: float64, float64 
[ 2023-07-08 22:51:11,588 ] 82 root - INFO - Hypothesis as_000: float64, float64 
[ 2023-07-08 22:51:11,603 ] 82 root - INFO - Hypothesis at_000: float64, float64 
[ 2023-07-08 22:51:11,619 ] 82 root - INFO - Hypothesis au_000: float64, float64 
[ 2023-07-08 22:51:11,634 ] 82 root - INFO - Hypothesis av_000: float64, float64 
[ 2023-07-08 22:51:11,639 ] 82 root - INFO - Hypothesis ax_000: float64, float64 
[ 2023-07-08 22:51:11,645 ] 82 root - INFO - Hypothesis ay_000: float64, float64 
[ 2023-07-08 22:51:11,660 ] 82 root - INFO - Hypothesis ay_001: float64, float64 
[ 2023-07-08 22:51:11,675 ] 82 root - INFO - Hypothesis ay_002: float64, float64 
[ 2023-07-08 22:51:11,690 ] 82 root - INFO - Hypothesis ay_003: float64, float64 
[ 2023-07-08 22:51:11,707 ] 82 root - INFO - Hypothesis ay_004: float64, float64 
[ 2023-07-08 22:51:11,723 ] 82 root - INFO - Hypothesis ay_005: float64, float64 
[ 2023-07-08 22:51:11,729 ] 82 root - INFO - Hypothesis ay_006: float64, float64 
[ 2023-07-08 22:51:11,735 ] 82 root - INFO - Hypothesis ay_007: float64, float64 
[ 2023-07-08 22:51:11,742 ] 82 root - INFO - Hypothesis ay_008: float64, float64 
[ 2023-07-08 22:51:11,748 ] 82 root - INFO - Hypothesis ay_009: float64, float64 
[ 2023-07-08 22:51:11,763 ] 82 root - INFO - Hypothesis az_000: float64, float64 
[ 2023-07-08 22:51:11,770 ] 82 root - INFO - Hypothesis az_001: float64, float64 
[ 2023-07-08 22:51:11,776 ] 82 root - INFO - Hypothesis az_002: float64, float64 
[ 2023-07-08 22:51:11,783 ] 82 root - INFO - Hypothesis az_003: float64, float64 
[ 2023-07-08 22:51:11,790 ] 82 root - INFO - Hypothesis az_004: float64, float64 
[ 2023-07-08 22:51:11,796 ] 82 root - INFO - Hypothesis az_005: float64, float64 
[ 2023-07-08 22:51:11,804 ] 82 root - INFO - Hypothesis az_006: float64, float64 
[ 2023-07-08 22:51:11,810 ] 82 root - INFO - Hypothesis az_007: float64, float64 
[ 2023-07-08 22:51:11,814 ] 82 root - INFO - Hypothesis az_008: float64, float64 
[ 2023-07-08 22:51:11,830 ] 82 root - INFO - Hypothesis az_009: float64, float64 
[ 2023-07-08 22:51:11,845 ] 82 root - INFO - Hypothesis ba_000: float64, float64 
[ 2023-07-08 22:51:11,852 ] 82 root - INFO - Hypothesis ba_001: float64, float64 
[ 2023-07-08 22:51:11,859 ] 82 root - INFO - Hypothesis ba_002: float64, float64 
[ 2023-07-08 22:51:11,866 ] 82 root - INFO - Hypothesis ba_003: float64, float64 
[ 2023-07-08 22:51:11,873 ] 82 root - INFO - Hypothesis ba_004: float64, float64 
[ 2023-07-08 22:51:11,879 ] 82 root - INFO - Hypothesis ba_005: float64, float64 
[ 2023-07-08 22:51:11,886 ] 82 root - INFO - Hypothesis ba_006: float64, float64 
[ 2023-07-08 22:51:11,893 ] 82 root - INFO - Hypothesis ba_007: float64, float64 
[ 2023-07-08 22:51:11,899 ] 82 root - INFO - Hypothesis ba_008: float64, float64 
[ 2023-07-08 22:51:11,905 ] 82 root - INFO - Hypothesis ba_009: float64, float64 
[ 2023-07-08 22:51:11,910 ] 82 root - INFO - Hypothesis bb_000: float64, float64 
[ 2023-07-08 22:51:11,916 ] 82 root - INFO - Hypothesis bc_000: float64, float64 
[ 2023-07-08 22:51:11,922 ] 82 root - INFO - Hypothesis bd_000: float64, float64 
[ 2023-07-08 22:51:11,927 ] 82 root - INFO - Hypothesis be_000: float64, float64 
[ 2023-07-08 22:51:11,933 ] 82 root - INFO - Hypothesis bf_000: float64, float64 
[ 2023-07-08 22:51:11,938 ] 82 root - INFO - Hypothesis bg_000: float64, float64 
[ 2023-07-08 22:51:11,945 ] 82 root - INFO - Hypothesis bh_000: float64, float64 
[ 2023-07-08 22:51:11,952 ] 82 root - INFO - Hypothesis bi_000: float64, float64 
[ 2023-07-08 22:51:11,959 ] 82 root - INFO - Hypothesis bj_000: float64, float64 
[ 2023-07-08 22:51:11,967 ] 82 root - INFO - Hypothesis bs_000: float64, float64 
[ 2023-07-08 22:51:11,975 ] 82 root - INFO - Hypothesis bt_000: float64, float64 
[ 2023-07-08 22:51:11,982 ] 82 root - INFO - Hypothesis bu_000: float64, float64 
[ 2023-07-08 22:51:11,990 ] 82 root - INFO - Hypothesis bv_000: float64, float64 
[ 2023-07-08 22:51:11,997 ] 82 root - INFO - Hypothesis bx_000: float64, float64 
[ 2023-07-08 22:51:12,004 ] 82 root - INFO - Hypothesis by_000: float64, float64 
[ 2023-07-08 22:51:12,013 ] 82 root - INFO - Hypothesis bz_000: float64, float64 
[ 2023-07-08 22:51:12,021 ] 82 root - INFO - Hypothesis ca_000: float64, float64 
[ 2023-07-08 22:51:12,028 ] 82 root - INFO - Hypothesis cb_000: float64, float64 
[ 2023-07-08 22:51:12,037 ] 82 root - INFO - Hypothesis cc_000: float64, float64 
[ 2023-07-08 22:51:12,044 ] 82 root - INFO - Hypothesis cd_000: float64, float64 
[ 2023-07-08 22:51:12,060 ] 82 root - INFO - Hypothesis ce_000: float64, float64 
[ 2023-07-08 22:51:12,066 ] 82 root - INFO - Hypothesis ci_000: float64, float64 
[ 2023-07-08 22:51:12,073 ] 82 root - INFO - Hypothesis cj_000: float64, float64 
[ 2023-07-08 22:51:12,077 ] 82 root - INFO - Hypothesis ck_000: float64, float64 
[ 2023-07-08 22:51:12,084 ] 82 root - INFO - Hypothesis cl_000: float64, float64 
[ 2023-07-08 22:51:12,088 ] 82 root - INFO - Hypothesis cm_000: float64, float64 
[ 2023-07-08 22:51:12,093 ] 82 root - INFO - Hypothesis cn_000: float64, float64 
[ 2023-07-08 22:51:12,109 ] 82 root - INFO - Hypothesis cn_001: float64, float64 
[ 2023-07-08 22:51:12,113 ] 82 root - INFO - Hypothesis cn_002: float64, float64 
[ 2023-07-08 22:51:12,118 ] 82 root - INFO - Hypothesis cn_003: float64, float64 
[ 2023-07-08 22:51:12,125 ] 82 root - INFO - Hypothesis cn_004: float64, float64 
[ 2023-07-08 22:51:12,132 ] 82 root - INFO - Hypothesis cn_005: float64, float64 
[ 2023-07-08 22:51:12,139 ] 82 root - INFO - Hypothesis cn_006: float64, float64 
[ 2023-07-08 22:51:12,146 ] 82 root - INFO - Hypothesis cn_007: float64, float64 
[ 2023-07-08 22:51:12,153 ] 82 root - INFO - Hypothesis cn_008: float64, float64 
[ 2023-07-08 22:51:12,159 ] 82 root - INFO - Hypothesis cn_009: float64, float64 
[ 2023-07-08 22:51:12,164 ] 82 root - INFO - Hypothesis cp_000: float64, float64 
[ 2023-07-08 22:51:12,169 ] 82 root - INFO - Hypothesis cq_000: float64, float64 
[ 2023-07-08 22:51:12,176 ] 82 root - INFO - Hypothesis cs_000: float64, float64 
[ 2023-07-08 22:51:12,183 ] 82 root - INFO - Hypothesis cs_001: float64, float64 
[ 2023-07-08 22:51:12,189 ] 82 root - INFO - Hypothesis cs_002: float64, float64 
[ 2023-07-08 22:51:12,196 ] 82 root - INFO - Hypothesis cs_003: float64, float64 
[ 2023-07-08 22:51:12,203 ] 82 root - INFO - Hypothesis cs_004: float64, float64 
[ 2023-07-08 22:51:12,210 ] 82 root - INFO - Hypothesis cs_005: float64, float64 
[ 2023-07-08 22:51:12,217 ] 82 root - INFO - Hypothesis cs_006: float64, float64 
[ 2023-07-08 22:51:12,224 ] 82 root - INFO - Hypothesis cs_007: float64, float64 
[ 2023-07-08 22:51:12,231 ] 82 root - INFO - Hypothesis cs_008: float64, float64 
[ 2023-07-08 22:51:12,236 ] 82 root - INFO - Hypothesis cs_009: float64, float64 
[ 2023-07-08 22:51:12,251 ] 82 root - INFO - Hypothesis dd_000: float64, float64 
[ 2023-07-08 22:51:12,258 ] 82 root - INFO - Hypothesis de_000: float64, float64 
[ 2023-07-08 22:51:12,263 ] 82 root - INFO - Hypothesis df_000: float64, float64 
[ 2023-07-08 22:51:12,267 ] 82 root - INFO - Hypothesis dg_000: float64, float64 
[ 2023-07-08 22:51:12,270 ] 82 root - INFO - Hypothesis dh_000: float64, float64 
[ 2023-07-08 22:51:12,273 ] 82 root - INFO - Hypothesis di_000: float64, float64 
[ 2023-07-08 22:51:12,278 ] 82 root - INFO - Hypothesis dj_000: float64, float64 
[ 2023-07-08 22:51:12,293 ] 82 root - INFO - Hypothesis dk_000: float64, float64 
[ 2023-07-08 22:51:12,296 ] 82 root - INFO - Hypothesis dl_000: float64, float64 
[ 2023-07-08 22:51:12,312 ] 82 root - INFO - Hypothesis dm_000: float64, float64 
[ 2023-07-08 22:51:12,328 ] 82 root - INFO - Hypothesis dn_000: float64, float64 
[ 2023-07-08 22:51:12,335 ] 82 root - INFO - Hypothesis do_000: float64, float64 
[ 2023-07-08 22:51:12,341 ] 82 root - INFO - Hypothesis dp_000: float64, float64 
[ 2023-07-08 22:51:12,347 ] 82 root - INFO - Hypothesis dq_000: float64, float64 
[ 2023-07-08 22:51:12,351 ] 82 root - INFO - Hypothesis dr_000: float64, float64 
[ 2023-07-08 22:51:12,356 ] 82 root - INFO - Hypothesis ds_000: float64, float64 
[ 2023-07-08 22:51:12,362 ] 82 root - INFO - Hypothesis dt_000: float64, float64 
[ 2023-07-08 22:51:12,369 ] 82 root - INFO - Hypothesis du_000: float64, float64 
[ 2023-07-08 22:51:12,376 ] 82 root - INFO - Hypothesis dv_000: float64, float64 
[ 2023-07-08 22:51:12,383 ] 82 root - INFO - Hypothesis dx_000: float64, float64 
[ 2023-07-08 22:51:12,387 ] 82 root - INFO - Hypothesis dy_000: float64, float64 
[ 2023-07-08 22:51:12,392 ] 82 root - INFO - Hypothesis dz_000: float64, float64 
[ 2023-07-08 22:51:12,407 ] 82 root - INFO - Hypothesis ea_000: float64, float64 
[ 2023-07-08 22:51:12,422 ] 82 root - INFO - Hypothesis eb_000: float64, float64 
[ 2023-07-08 22:51:12,428 ] 82 root - INFO - Hypothesis ec_00: float64, float64 
[ 2023-07-08 22:51:12,435 ] 82 root - INFO - Hypothesis ed_000: float64, float64 
[ 2023-07-08 22:51:12,441 ] 82 root - INFO - Hypothesis ee_000: float64, float64 
[ 2023-07-08 22:51:12,448 ] 82 root - INFO - Hypothesis ee_001: float64, float64 
[ 2023-07-08 22:51:12,455 ] 82 root - INFO - Hypothesis ee_002: float64, float64 
[ 2023-07-08 22:51:12,462 ] 82 root - INFO - Hypothesis ee_003: float64, float64 
[ 2023-07-08 22:51:12,469 ] 82 root - INFO - Hypothesis ee_004: float64, float64 
[ 2023-07-08 22:51:12,476 ] 82 root - INFO - Hypothesis ee_005: float64, float64 
[ 2023-07-08 22:51:12,482 ] 82 root - INFO - Hypothesis ee_006: float64, float64 
[ 2023-07-08 22:51:12,489 ] 82 root - INFO - Hypothesis ee_007: float64, float64 
[ 2023-07-08 22:51:12,495 ] 82 root - INFO - Hypothesis ee_008: float64, float64 
[ 2023-07-08 22:51:12,502 ] 82 root - INFO - Hypothesis ee_009: float64, float64 
[ 2023-07-08 22:51:12,507 ] 82 root - INFO - Hypothesis ef_000: float64, float64 
[ 2023-07-08 22:51:12,522 ] 82 root - INFO - Hypothesis eg_000: float64, float64 
[ 2023-07-08 22:51:12,608 ] 144 root - INFO - Data validation artifact: DataValidationArtifact(report_file_path='/config/workspace/artifact/07082023__225054/data_validation/report.yaml')
[ 2023-07-08 22:51:13,866 ] 52 root - INFO - Entered the save_object method of utils
[ 2023-07-08 22:51:13,869 ] 56 root - INFO - Exited the save_object method of utils
[ 2023-07-08 22:51:13,869 ] 52 root - INFO - Entered the save_object method of utils
[ 2023-07-08 22:51:13,870 ] 56 root - INFO - Exited the save_object method of utils
[ 2023-07-08 22:51:13,870 ] 119 root - INFO - Data transformation object DataTransformationArtifact(transform_object_path='/config/workspace/artifact/07082023__225054/data_transformation/transformer/transformer.pkl', transformed_test_path='/config/workspace/artifact/07082023__225054/data_transformation/transformed/test.csv', transformed_train_path='/config/workspace/artifact/07082023__225054/data_transformation/transformed/train.csv', target_encoder_path='/config/workspace/artifact/07082023__225054/data_transformation/target_encoder/target_encoder.pkl')
[ 2023-07-08 22:51:13,872 ] 18 root - INFO - >>>>>>>>>>>>>>>>>>>>>>>>>>>>>>>>>>>>>>>> Model Trainer <<<<<<<<<<<<<<<<<<<<<<<<<<<<<<<<<<<<<<<<
[ 2023-07-08 22:51:13,872 ] 44 root - INFO - Loading train and test array.
[ 2023-07-08 22:51:13,895 ] 48 root - INFO - Splitting input and target feature from both train and test arr.
[ 2023-07-08 22:51:13,895 ] 52 root - INFO - Train the model
[ 2023-07-08 22:51:20,621 ] 55 root - INFO - Calculating f1 train score
[ 2023-07-08 22:51:20,660 ] 59 root - INFO - Calculating f1 test score
[ 2023-07-08 22:51:20,734 ] 63 root - INFO - train score:1.0 and tests score 1.0
[ 2023-07-08 22:51:20,734 ] 65 root - INFO - Checking if our model is underfitting or not
[ 2023-07-08 22:51:20,735 ] 70 root - INFO - Checking if our model is overfiiting or not
[ 2023-07-08 22:51:20,735 ] 77 root - INFO - Saving mode object
[ 2023-07-08 22:51:20,735 ] 52 root - INFO - Entered the save_object method of utils
[ 2023-07-08 22:51:20,741 ] 56 root - INFO - Exited the save_object method of utils
[ 2023-07-08 22:51:20,741 ] 81 root - INFO - Prepare the artifact
[ 2023-07-08 22:51:20,741 ] 84 root - INFO - Model trainer artifact: ModelTrainerArtifact(model_path='/config/workspace/artifact/07082023__225054/model_trainer/model/model.pkl', f1_train_score=1.0, f1_test_score=1.0)
[ 2023-07-08 22:51:20,742 ] 19 root - INFO - >>>>>>>>>>>>>>>>>>>>>>>>>>>>>>>>>>>>>>>>  Model Evaluation <<<<<<<<<<<<<<<<<<<<<<<<<<<<<<<<<<<<<<<<
[ 2023-07-08 22:51:20,743 ] 35 root - INFO - if saved model folder has model the we will compare which model is best trained or the model from saved model folder
[ 2023-07-08 22:51:20,743 ] 41 root - INFO - Model evaluation artifact: ModelEvaluateArtifact(is_model_accepted=True, improved_accuracy=None)
[ 2023-07-08 22:51:20,743 ] 14 root - INFO - >>>>>>>>>>>>>>>>>>>>>>>>>>>>>>>>>>>>>>>> Data Transformation <<<<<<<<<<<<<<<<<<<<<<<<<<<<<<<<<<<<<<<<
[ 2023-07-08 22:51:20,743 ] 25 root - INFO - Loading transformer model and target encoder
[ 2023-07-08 22:51:20,748 ] 31 root - INFO - Saving model into model pusher directory
[ 2023-07-08 22:51:20,748 ] 52 root - INFO - Entered the save_object method of utils
[ 2023-07-08 22:51:20,751 ] 56 root - INFO - Exited the save_object method of utils
[ 2023-07-08 22:51:20,751 ] 52 root - INFO - Entered the save_object method of utils
[ 2023-07-08 22:51:20,756 ] 56 root - INFO - Exited the save_object method of utils
[ 2023-07-08 22:51:20,756 ] 52 root - INFO - Entered the save_object method of utils
[ 2023-07-08 22:51:20,756 ] 56 root - INFO - Exited the save_object method of utils
[ 2023-07-08 22:51:20,756 ] 38 root - INFO - Saving model in saved model dir
[ 2023-07-08 22:51:20,756 ] 52 root - INFO - Entered the save_object method of utils
[ 2023-07-08 22:51:20,758 ] 56 root - INFO - Exited the save_object method of utils
[ 2023-07-08 22:51:20,758 ] 52 root - INFO - Entered the save_object method of utils
[ 2023-07-08 22:51:20,762 ] 56 root - INFO - Exited the save_object method of utils
[ 2023-07-08 22:51:20,762 ] 52 root - INFO - Entered the save_object method of utils
[ 2023-07-08 22:51:20,763 ] 56 root - INFO - Exited the save_object method of utils
[ 2023-07-08 22:51:20,763 ] 49 root - INFO - Model pusher artifact: ModelPusherArtifact(pusher_model_dir='/config/workspace/artifact/07082023__225054/model_pusher/saved_models', saved_model_dir='saved_models')
